#
# There is insufficient memory for the Java Runtime Environment to continue.
# Native memory allocation (mmap) failed to map 28311552 bytes. Error detail: G1 virtual space
# Possible reasons:
#   The system is out of physical RAM or swap space
#   This process is running with CompressedOops enabled, and the Java Heap may be blocking the growth of the native heap
# Possible solutions:
#   Reduce memory load on the system
#   Increase physical memory or swap space
#   Check if swap backing store is full
#   Decrease Java heap size (-Xmx/-Xms)
#   Decrease number of Java threads
#   Decrease Java thread stack sizes (-Xss)
#   Set larger code cache with -XX:ReservedCodeCacheSize=
#   JVM is running with Unscaled Compressed Oops mode in which the Java heap is
#     placed in the first 4GB address space. The Java Heap base address is the
#     maximum limit for the native heap growth. Please use -XX:HeapBaseMinAddress
#     to set the Java Heap base and to place the Java Heap above 4GB virtual address.
# This output file may be truncated or incomplete.
#
#  Out of Memory Error (os_windows.cpp:3828), pid=20640, tid=24100
#
# JRE version: OpenJDK Runtime Environment (21.0.5) (build 21.0.5+-13047016-b750.29)
# Java VM: OpenJDK 64-Bit Server VM (21.0.5+-13047016-b750.29, mixed mode, tiered, compressed oops, compressed class ptrs, g1 gc, windows-amd64)
# No core dump will be written. Minidumps are not enabled by default on client versions of Windows
#

---------------  S U M M A R Y ------------

Command Line: --add-opens=java.base/java.lang=ALL-UNNAMED --add-opens=java.base/java.lang.invoke=ALL-UNNAMED --add-opens=java.base/java.util=ALL-UNNAMED --add-opens=java.prefs/java.util.prefs=ALL-UNNAMED --add-exports=jdk.compiler/com.sun.tools.javac.api=ALL-UNNAMED --add-exports=jdk.compiler/com.sun.tools.javac.util=ALL-UNNAMED --add-opens=java.base/java.util=ALL-UNNAMED --add-opens=java.prefs/java.util.prefs=ALL-UNNAMED --add-opens=java.base/java.nio.charset=ALL-UNNAMED --add-opens=java.base/java.net=ALL-UNNAMED --add-opens=java.base/java.util.concurrent.atomic=ALL-UNNAMED --add-opens=java.xml/javax.xml.namespace=ALL-UNNAMED -Xmx2048m -Dfile.encoding=UTF-8 -Duser.country=RU -Duser.language=ru -Duser.variant -javaagent:C:\Users\ilya9\.gradle\wrapper\dists\gradle-8.13-bin\5xuhj0ry160q40clulazy9h7d\gradle-8.13\lib\agents\gradle-instrumentation-agent-8.13.jar org.gradle.launcher.daemon.bootstrap.GradleDaemon 8.13

Host: AMD Ryzen 5 5600X 6-Core Processor             , 12 cores, 15G,  Windows 10 , 64 bit Build 19041 (10.0.19041.5794)
Time: Tue Jun 10 13:19:41 2025 RTZ 2 (s 10 , 64 bit Build 19041 (10.0.19041.5794) elapsed time: 4.895507 seconds (0d 0h 0m 4s)

---------------  T H R E A D  ---------------

Current thread (0x000001e95b14b7a0):  VMThread "VM Thread"          [id=24100, stack(0x0000003a66b00000,0x0000003a66c00000) (1024K)]

Stack: [0x0000003a66b00000,0x0000003a66c00000]
Native frames: (J=compiled Java code, j=interpreted, Vv=VM code, C=native code)
V  [jvm.dll+0x6cfb29]
V  [jvm.dll+0x85df93]
V  [jvm.dll+0x8604ee]
V  [jvm.dll+0x860bd3]
V  [jvm.dll+0x27e6b6]
V  [jvm.dll+0x6cc385]
V  [jvm.dll+0x6c078a]
V  [jvm.dll+0x35525b]
V  [jvm.dll+0x35ceb6]
V  [jvm.dll+0x3aedd6]
V  [jvm.dll+0x3af0a8]
V  [jvm.dll+0x32792c]
V  [jvm.dll+0x3279b7]
V  [jvm.dll+0x36d80c]
V  [jvm.dll+0x36bfbe]
V  [jvm.dll+0x327081]
V  [jvm.dll+0x36b6d0]
V  [jvm.dll+0x866958]
V  [jvm.dll+0x867cd4]
V  [jvm.dll+0x868210]
V  [jvm.dll+0x8684a3]
V  [jvm.dll+0x806368]
V  [jvm.dll+0x6ce3fd]
C  [ucrtbase.dll+0x21bb2]
C  [KERNEL32.DLL+0x17374]
C  [ntdll.dll+0x4cc91]

VM_Operation (0x0000003a68efda90): G1CollectForAllocation, mode: safepoint, requested by thread 0x000001e96134b570


---------------  P R O C E S S  ---------------

Threads class SMR info:
_java_thread_list=0x000001e963d83440, length=90, elements={
0x000001e94344d800, 0x000001e95b1b2730, 0x000001e95b1b3de0, 0x000001e95b1d4000,
0x000001e95b1d4a50, 0x000001e95b1b8250, 0x000001e95b1b9440, 0x000001e95b1d9e70,
0x000001e95b1db0a0, 0x000001e95b31cac0, 0x000001e95b5d98f0, 0x000001e95b7ce120,
0x000001e9608edde0, 0x000001e9613e0010, 0x000001e96134f530, 0x000001e96134a760,
0x000001e96132cc20, 0x000001e961133d90, 0x000001e961319cd0, 0x000001e961371090,
0x000001e96134e360, 0x000001e96134dcd0, 0x000001e96134c920, 0x000001e96134e9f0,
0x000001e96134b570, 0x000001e96134cfb0, 0x000001e96134d640, 0x000001e96134c290,
0x000001e9646ab590, 0x000001e9646a8110, 0x000001e9646af0a0, 0x000001e9646ac940,
0x000001e9646abc20, 0x000001e9646ac2b0, 0x000001e9646acfd0, 0x000001e9646ae380,
0x000001e9646aaf00, 0x000001e9646aea10, 0x000001e9646ad660, 0x000001e9646adcf0,
0x000001e9646af730, 0x000001e9646a94c0, 0x000001e9646a9b50, 0x000001e96284aa20,
0x000001e96284b0b0, 0x000001e96284b740, 0x000001e96284bdd0, 0x000001e96284a390,
0x000001e96284c460, 0x000001e96284dea0, 0x000001e96284ff70, 0x000001e96284f250,
0x000001e96284caf0, 0x000001e96284d810, 0x000001e962849d00, 0x000001e96284e530,
0x000001e96284ebc0, 0x000001e962849670, 0x000001e96284f8e0, 0x000001e962850600,
0x000001e96284d180, 0x000001e962850c90, 0x000001e96314ae50, 0x000001e96314b4e0,
0x000001e963146cb0, 0x000001e963149410, 0x000001e963148d80, 0x000001e963d6b1e0,
0x000001e96314a130, 0x000001e963148060, 0x000001e963149aa0, 0x000001e963145f90,
0x000001e96314a7c0, 0x000001e963147340, 0x000001e96314c200, 0x000001e96314c890,
0x000001e96314cf20, 0x000001e96314d5b0, 0x000001e963146620, 0x000001e9631479d0,
0x000001e9631486f0, 0x000001e965db8ee0, 0x000001e965db74a0, 0x000001e965db9570,
0x000001e965db9c00, 0x000001e965dba290, 0x000001e965db4020, 0x000001e965db81c0,
0x000001e965db4d40, 0x000001e965db7b30
}

Java Threads: ( => current thread )
  0x000001e94344d800 JavaThread "main"                              [_thread_blocked, id=9564, stack(0x0000003a66400000,0x0000003a66500000) (1024K)]
  0x000001e95b1b2730 JavaThread "Reference Handler"          daemon [_thread_blocked, id=1632, stack(0x0000003a66c00000,0x0000003a66d00000) (1024K)]
  0x000001e95b1b3de0 JavaThread "Finalizer"                  daemon [_thread_blocked, id=2836, stack(0x0000003a66d00000,0x0000003a66e00000) (1024K)]
  0x000001e95b1d4000 JavaThread "Signal Dispatcher"          daemon [_thread_blocked, id=26288, stack(0x0000003a66e00000,0x0000003a66f00000) (1024K)]
  0x000001e95b1d4a50 JavaThread "Attach Listener"            daemon [_thread_blocked, id=26668, stack(0x0000003a66f00000,0x0000003a67000000) (1024K)]
  0x000001e95b1b8250 JavaThread "Service Thread"             daemon [_thread_blocked, id=28608, stack(0x0000003a67000000,0x0000003a67100000) (1024K)]
  0x000001e95b1b9440 JavaThread "Monitor Deflation Thread"   daemon [_thread_blocked, id=24392, stack(0x0000003a67100000,0x0000003a67200000) (1024K)]
  0x000001e95b1d9e70 JavaThread "C2 CompilerThread0"         daemon [_thread_blocked, id=25568, stack(0x0000003a67200000,0x0000003a67300000) (1024K)]
  0x000001e95b1db0a0 JavaThread "C1 CompilerThread0"         daemon [_thread_blocked, id=2252, stack(0x0000003a67300000,0x0000003a67400000) (1024K)]
  0x000001e95b31cac0 JavaThread "Common-Cleaner"             daemon [_thread_blocked, id=11228, stack(0x0000003a67400000,0x0000003a67500000) (1024K)]
  0x000001e95b5d98f0 JavaThread "Notification Thread"        daemon [_thread_blocked, id=11700, stack(0x0000003a67500000,0x0000003a67600000) (1024K)]
  0x000001e95b7ce120 JavaThread "C2 CompilerThread1"         daemon [_thread_blocked, id=20176, stack(0x0000003a67600000,0x0000003a67700000) (1024K)]
  0x000001e9608edde0 JavaThread "Daemon health stats"               [_thread_blocked, id=2604, stack(0x0000003a67700000,0x0000003a67800000) (1024K)]
  0x000001e9613e0010 JavaThread "Incoming local TCP Connector on port 57176"        [_thread_in_native, id=19608, stack(0x0000003a68000000,0x0000003a68100000) (1024K)]
  0x000001e96134f530 JavaThread "Daemon periodic checks"            [_thread_blocked, id=20716, stack(0x0000003a68100000,0x0000003a68200000) (1024K)]
  0x000001e96134a760 JavaThread "Daemon"                            [_thread_blocked, id=1116, stack(0x0000003a68200000,0x0000003a68300000) (1024K)]
  0x000001e96132cc20 JavaThread "Handler for socket connection from /127.0.0.1:57176 to /127.0.0.1:57177"        [_thread_in_native, id=11608, stack(0x0000003a68300000,0x0000003a68400000) (1024K)]
  0x000001e961133d90 JavaThread "Cancel handler"                    [_thread_blocked, id=7668, stack(0x0000003a68400000,0x0000003a68500000) (1024K)]
  0x000001e961319cd0 JavaThread "Daemon worker"                     [_thread_blocked, id=23324, stack(0x0000003a68500000,0x0000003a68600000) (1024K)]
  0x000001e961371090 JavaThread "Asynchronous log dispatcher for DefaultDaemonConnection: socket connection from /127.0.0.1:57176 to /127.0.0.1:57177"        [_thread_blocked, id=9228, stack(0x0000003a68600000,0x0000003a68700000) (1024K)]
  0x000001e96134e360 JavaThread "Stdin handler"                     [_thread_blocked, id=24084, stack(0x0000003a68700000,0x0000003a68800000) (1024K)]
  0x000001e96134dcd0 JavaThread "Daemon client event forwarder"        [_thread_blocked, id=25948, stack(0x0000003a68800000,0x0000003a68900000) (1024K)]
  0x000001e96134c920 JavaThread "Cache worker for journal cache (C:\Users\ilya9\.gradle\caches\journal-1)"        [_thread_blocked, id=5384, stack(0x0000003a68c00000,0x0000003a68d00000) (1024K)]
  0x000001e96134e9f0 JavaThread "File lock request listener"        [_thread_in_native, id=16268, stack(0x0000003a68d00000,0x0000003a68e00000) (1024K)]
  0x000001e96134b570 JavaThread "Cache worker for file hash cache (C:\Users\ilya9\.gradle\caches\8.13\fileHashes)"        [_thread_blocked, id=17052, stack(0x0000003a68e00000,0x0000003a68f00000) (1024K)]
  0x000001e96134cfb0 JavaThread "Cache worker for file hash cache (D:\AndroidStudioProjects\mainscope\.gradle\8.13\fileHashes)"        [_thread_blocked, id=26656, stack(0x0000003a69000000,0x0000003a69100000) (1024K)]
  0x000001e96134d640 JavaThread "Cache worker for Build Output Cleanup Cache (D:\AndroidStudioProjects\mainscope\.gradle\buildOutputCleanup)"        [_thread_blocked, id=27080, stack(0x0000003a69100000,0x0000003a69200000) (1024K)]
  0x000001e96134c290 JavaThread "File watcher server"        daemon [_thread_in_native, id=428, stack(0x0000003a69200000,0x0000003a69300000) (1024K)]
  0x000001e9646ab590 JavaThread "File watcher consumer"      daemon [_thread_blocked, id=27008, stack(0x0000003a69300000,0x0000003a69400000) (1024K)]
  0x000001e9646a8110 JavaThread "jar transforms"                    [_thread_blocked, id=28436, stack(0x0000003a69400000,0x0000003a69500000) (1024K)]
  0x000001e9646af0a0 JavaThread "jar transforms Thread 2"           [_thread_blocked, id=6156, stack(0x0000003a69500000,0x0000003a69600000) (1024K)]
  0x000001e9646ac940 JavaThread "jar transforms Thread 3"           [_thread_blocked, id=14148, stack(0x0000003a69600000,0x0000003a69700000) (1024K)]
  0x000001e9646abc20 JavaThread "jar transforms Thread 4"           [_thread_blocked, id=21736, stack(0x0000003a69700000,0x0000003a69800000) (1024K)]
  0x000001e9646ac2b0 JavaThread "jar transforms Thread 5"           [_thread_blocked, id=20168, stack(0x0000003a69800000,0x0000003a69900000) (1024K)]
  0x000001e9646acfd0 JavaThread "jar transforms Thread 6"           [_thread_blocked, id=7844, stack(0x0000003a69900000,0x0000003a69a00000) (1024K)]
  0x000001e9646ae380 JavaThread "jar transforms Thread 7"           [_thread_blocked, id=21436, stack(0x0000003a69a00000,0x0000003a69b00000) (1024K)]
  0x000001e9646aaf00 JavaThread "jar transforms Thread 8"           [_thread_blocked, id=14936, stack(0x0000003a69b00000,0x0000003a69c00000) (1024K)]
  0x000001e9646aea10 JavaThread "jar transforms Thread 9"           [_thread_blocked, id=18352, stack(0x0000003a69c00000,0x0000003a69d00000) (1024K)]
  0x000001e9646ad660 JavaThread "jar transforms Thread 10"          [_thread_blocked, id=22880, stack(0x0000003a69d00000,0x0000003a69e00000) (1024K)]
  0x000001e9646adcf0 JavaThread "jar transforms Thread 11"          [_thread_blocked, id=24040, stack(0x0000003a69e00000,0x0000003a69f00000) (1024K)]
  0x000001e9646af730 JavaThread "jar transforms Thread 12"          [_thread_blocked, id=24056, stack(0x0000003a69f00000,0x0000003a6a000000) (1024K)]
  0x000001e9646a94c0 JavaThread "Cache worker for checksums cache (D:\AndroidStudioProjects\mainscope\.gradle\8.13\checksums)"        [_thread_blocked, id=14668, stack(0x0000003a6a000000,0x0000003a6a100000) (1024K)]
  0x000001e9646a9b50 JavaThread "Cache worker for file content cache (C:\Users\ilya9\.gradle\caches\8.13\fileContent)"        [_thread_blocked, id=8720, stack(0x0000003a6a100000,0x0000003a6a200000) (1024K)]
  0x000001e96284aa20 JavaThread "Cache worker for cache directory md-supplier (C:\Users\ilya9\.gradle\caches\8.13\md-supplier)"        [_thread_blocked, id=24592, stack(0x0000003a6a200000,0x0000003a6a300000) (1024K)]
  0x000001e96284b0b0 JavaThread "Cache worker for cache directory md-rule (C:\Users\ilya9\.gradle\caches\8.13\md-rule)"        [_thread_blocked, id=19652, stack(0x0000003a6a300000,0x0000003a6a400000) (1024K)]
  0x000001e96284b740 JavaThread "Unconstrained build operations"        [_thread_blocked, id=15840, stack(0x0000003a6a400000,0x0000003a6a500000) (1024K)]
  0x000001e96284bdd0 JavaThread "Unconstrained build operations Thread 2"        [_thread_blocked, id=6460, stack(0x0000003a6a500000,0x0000003a6a600000) (1024K)]
  0x000001e96284a390 JavaThread "Unconstrained build operations Thread 3"        [_thread_blocked, id=16420, stack(0x0000003a6a600000,0x0000003a6a700000) (1024K)]
  0x000001e96284c460 JavaThread "Unconstrained build operations Thread 4"        [_thread_blocked, id=8168, stack(0x0000003a6a700000,0x0000003a6a800000) (1024K)]
  0x000001e96284dea0 JavaThread "Unconstrained build operations Thread 5"        [_thread_blocked, id=23652, stack(0x0000003a6a800000,0x0000003a6a900000) (1024K)]
  0x000001e96284ff70 JavaThread "Unconstrained build operations Thread 6"        [_thread_blocked, id=4156, stack(0x0000003a6a900000,0x0000003a6aa00000) (1024K)]
  0x000001e96284f250 JavaThread "Unconstrained build operations Thread 7"        [_thread_blocked, id=15728, stack(0x0000003a6aa00000,0x0000003a6ab00000) (1024K)]
  0x000001e96284caf0 JavaThread "Unconstrained build operations Thread 8"        [_thread_blocked, id=25592, stack(0x0000003a6ab00000,0x0000003a6ac00000) (1024K)]
  0x000001e96284d810 JavaThread "Unconstrained build operations Thread 9"        [_thread_blocked, id=6380, stack(0x0000003a6ac00000,0x0000003a6ad00000) (1024K)]
  0x000001e962849d00 JavaThread "Unconstrained build operations Thread 10"        [_thread_blocked, id=8328, stack(0x0000003a6ad00000,0x0000003a6ae00000) (1024K)]
  0x000001e96284e530 JavaThread "Unconstrained build operations Thread 11"        [_thread_blocked, id=19212, stack(0x0000003a6ae00000,0x0000003a6af00000) (1024K)]
  0x000001e96284ebc0 JavaThread "Unconstrained build operations Thread 12"        [_thread_blocked, id=25536, stack(0x0000003a6af00000,0x0000003a6b000000) (1024K)]
  0x000001e962849670 JavaThread "Unconstrained build operations Thread 13"        [_thread_blocked, id=24980, stack(0x0000003a6b000000,0x0000003a6b100000) (1024K)]
  0x000001e96284f8e0 JavaThread "Unconstrained build operations Thread 14"        [_thread_blocked, id=27588, stack(0x0000003a6b100000,0x0000003a6b200000) (1024K)]
  0x000001e962850600 JavaThread "Unconstrained build operations Thread 15"        [_thread_blocked, id=6064, stack(0x0000003a6b200000,0x0000003a6b300000) (1024K)]
  0x000001e96284d180 JavaThread "Unconstrained build operations Thread 16"        [_thread_blocked, id=21596, stack(0x0000003a6b300000,0x0000003a6b400000) (1024K)]
  0x000001e962850c90 JavaThread "Unconstrained build operations Thread 17"        [_thread_blocked, id=24600, stack(0x0000003a6b400000,0x0000003a6b500000) (1024K)]
  0x000001e96314ae50 JavaThread "Unconstrained build operations Thread 18"        [_thread_blocked, id=24612, stack(0x0000003a6b500000,0x0000003a6b600000) (1024K)]
  0x000001e96314b4e0 JavaThread "Unconstrained build operations Thread 19"        [_thread_blocked, id=24772, stack(0x0000003a6b600000,0x0000003a6b700000) (1024K)]
  0x000001e963146cb0 JavaThread "Unconstrained build operations Thread 20"        [_thread_blocked, id=24608, stack(0x0000003a6b700000,0x0000003a6b800000) (1024K)]
  0x000001e963149410 JavaThread "Unconstrained build operations Thread 21"        [_thread_blocked, id=3748, stack(0x0000003a6b800000,0x0000003a6b900000) (1024K)]
  0x000001e963148d80 JavaThread "Problems report writer"            [_thread_blocked, id=6832, stack(0x0000003a6b900000,0x0000003a6ba00000) (1024K)]
  0x000001e963d6b1e0 JavaThread "C2 CompilerThread2"         daemon [_thread_blocked, id=7536, stack(0x0000003a68f00000,0x0000003a69000000) (1024K)]
  0x000001e96314a130 JavaThread "Unconstrained build operations Thread 22"        [_thread_blocked, id=8324, stack(0x0000003a6ba00000,0x0000003a6bb00000) (1024K)]
  0x000001e963148060 JavaThread "Unconstrained build operations Thread 23"        [_thread_blocked, id=27980, stack(0x0000003a6bb00000,0x0000003a6bc00000) (1024K)]
  0x000001e963149aa0 JavaThread "Unconstrained build operations Thread 24"        [_thread_blocked, id=11552, stack(0x0000003a6bc00000,0x0000003a6bd00000) (1024K)]
  0x000001e963145f90 JavaThread "Unconstrained build operations Thread 25"        [_thread_blocked, id=28632, stack(0x0000003a6bd00000,0x0000003a6be00000) (1024K)]
  0x000001e96314a7c0 JavaThread "Unconstrained build operations Thread 26"        [_thread_blocked, id=23612, stack(0x0000003a6be00000,0x0000003a6bf00000) (1024K)]
  0x000001e963147340 JavaThread "Unconstrained build operations Thread 27"        [_thread_blocked, id=2256, stack(0x0000003a6bf00000,0x0000003a6c000000) (1024K)]
  0x000001e96314c200 JavaThread "Unconstrained build operations Thread 28"        [_thread_blocked, id=12828, stack(0x0000003a6c000000,0x0000003a6c100000) (1024K)]
  0x000001e96314c890 JavaThread "Unconstrained build operations Thread 29"        [_thread_blocked, id=18076, stack(0x0000003a6c100000,0x0000003a6c200000) (1024K)]
  0x000001e96314cf20 JavaThread "Unconstrained build operations Thread 30"        [_thread_blocked, id=25460, stack(0x0000003a6c200000,0x0000003a6c300000) (1024K)]
  0x000001e96314d5b0 JavaThread "Unconstrained build operations Thread 31"        [_thread_blocked, id=24596, stack(0x0000003a6c300000,0x0000003a6c400000) (1024K)]
  0x000001e963146620 JavaThread "Unconstrained build operations Thread 32"        [_thread_blocked, id=11692, stack(0x0000003a6c400000,0x0000003a6c500000) (1024K)]
  0x000001e9631479d0 JavaThread "Unconstrained build operations Thread 33"        [_thread_blocked, id=7140, stack(0x0000003a6c500000,0x0000003a6c600000) (1024K)]
  0x000001e9631486f0 JavaThread "Unconstrained build operations Thread 34"        [_thread_blocked, id=21416, stack(0x0000003a6c600000,0x0000003a6c700000) (1024K)]
  0x000001e965db8ee0 JavaThread "Unconstrained build operations Thread 35"        [_thread_blocked, id=24604, stack(0x0000003a6c700000,0x0000003a6c800000) (1024K)]
  0x000001e965db74a0 JavaThread "Unconstrained build operations Thread 36"        [_thread_blocked, id=26628, stack(0x0000003a6c800000,0x0000003a6c900000) (1024K)]
  0x000001e965db9570 JavaThread "Unconstrained build operations Thread 37"        [_thread_blocked, id=25440, stack(0x0000003a6c900000,0x0000003a6ca00000) (1024K)]
  0x000001e965db9c00 JavaThread "Unconstrained build operations Thread 38"        [_thread_blocked, id=22024, stack(0x0000003a6ca00000,0x0000003a6cb00000) (1024K)]
  0x000001e965dba290 JavaThread "Unconstrained build operations Thread 39"        [_thread_blocked, id=25020, stack(0x0000003a6cb00000,0x0000003a6cc00000) (1024K)]
  0x000001e965db4020 JavaThread "Unconstrained build operations Thread 40"        [_thread_blocked, id=24864, stack(0x0000003a6cc00000,0x0000003a6cd00000) (1024K)]
  0x000001e965db81c0 JavaThread "Unconstrained build operations Thread 41"        [_thread_blocked, id=25452, stack(0x0000003a6cd00000,0x0000003a6ce00000) (1024K)]
  0x000001e965db4d40 JavaThread "Unconstrained build operations Thread 42"        [_thread_blocked, id=25012, stack(0x0000003a6ce00000,0x0000003a6cf00000) (1024K)]
  0x000001e965db7b30 JavaThread "Unconstrained build operations Thread 43"        [_thread_blocked, id=24984, stack(0x0000003a6cf00000,0x0000003a6d000000) (1024K)]
Total: 90

Other Threads:
=>0x000001e95b14b7a0 VMThread "VM Thread"                           [id=24100, stack(0x0000003a66b00000,0x0000003a66c00000) (1024K)]
  0x000001e95af92750 WatcherThread "VM Periodic Task Thread"        [id=2444, stack(0x0000003a66a00000,0x0000003a66b00000) (1024K)]
  0x000001e9434a6940 WorkerThread "GC Thread#0"                     [id=8680, stack(0x0000003a66500000,0x0000003a66600000) (1024K)]
  0x000001e960048560 WorkerThread "GC Thread#1"                     [id=16764, stack(0x0000003a67800000,0x0000003a67900000) (1024K)]
  0x000001e960048900 WorkerThread "GC Thread#2"                     [id=2016, stack(0x0000003a67900000,0x0000003a67a00000) (1024K)]
  0x000001e95b750ca0 WorkerThread "GC Thread#3"                     [id=14456, stack(0x0000003a67a00000,0x0000003a67b00000) (1024K)]
  0x000001e95b751040 WorkerThread "GC Thread#4"                     [id=13220, stack(0x0000003a67b00000,0x0000003a67c00000) (1024K)]
  0x000001e960065450 WorkerThread "GC Thread#5"                     [id=6576, stack(0x0000003a67c00000,0x0000003a67d00000) (1024K)]
  0x000001e9609f6730 WorkerThread "GC Thread#6"                     [id=24052, stack(0x0000003a67d00000,0x0000003a67e00000) (1024K)]
  0x000001e961236700 WorkerThread "GC Thread#7"                     [id=9388, stack(0x0000003a67e00000,0x0000003a67f00000) (1024K)]
  0x000001e961236af0 WorkerThread "GC Thread#8"                     [id=13376, stack(0x0000003a67f00000,0x0000003a68000000) (1024K)]
  0x000001e961236e90 WorkerThread "GC Thread#9"                     [id=11028, stack(0x0000003a68900000,0x0000003a68a00000) (1024K)]
  0x000001e9434b8aa0 ConcurrentGCThread "G1 Main Marker"            [id=28108, stack(0x0000003a66600000,0x0000003a66700000) (1024K)]
  0x000001e9434b9d40 WorkerThread "G1 Conc#0"                       [id=25492, stack(0x0000003a66700000,0x0000003a66800000) (1024K)]
  0x000001e961237230 WorkerThread "G1 Conc#1"                       [id=25252, stack(0x0000003a68a00000,0x0000003a68b00000) (1024K)]
  0x000001e9612380b0 WorkerThread "G1 Conc#2"                       [id=13564, stack(0x0000003a68b00000,0x0000003a68c00000) (1024K)]
  0x000001e95ae642a0 ConcurrentGCThread "G1 Refine#0"               [id=3672, stack(0x0000003a66800000,0x0000003a66900000) (1024K)]
  0x000001e95ae64d20 ConcurrentGCThread "G1 Service"                [id=6848, stack(0x0000003a66900000,0x0000003a66a00000) (1024K)]
Total: 18

Threads with active compile tasks:
C2 CompilerThread0  4907 7699       4       org.gradle.internal.io.StreamByteBuffer::prepareRead (102 bytes)
C1 CompilerThread0  4907 7674       3       com.google.common.cache.LocalCache$StrongValueReference::copyFor (2 bytes)
C2 CompilerThread1  4907 7707       4       java.util.concurrent.locks.AbstractQueuedSynchronizer$ConditionNode::isReleasable (23 bytes)
C2 CompilerThread2  4907 7708       4       java.lang.ThreadLocal::set (18 bytes)
Total: 4

VM state: at safepoint (normal execution)

VM Mutex/Monitor currently owned by a thread:  ([mutex/lock_event])
[0x00007ffb8d7dd360] Threads_lock - owner thread: 0x000001e95b14b7a0
[0x00007ffb8d7dd460] Heap_lock - owner thread: 0x000001e96134b570

Heap address: 0x0000000080000000, size: 2048 MB, Compressed Oops mode: 32-bit

CDS archive(s) not mapped
Compressed class space mapped at: 0x0000000100000000-0x0000000140000000, reserved size: 1073741824
Narrow klass base: 0x0000000000000000, Narrow klass shift: 3, Narrow klass range: 0x140000000

GC Precious Log:
 CardTable entry size: 512
 Card Set container configuration: InlinePtr #cards 5 size 8 Array Of Cards #cards 12 size 40 Howl #buckets 4 coarsen threshold 1843 Howl Bitmap #cards 512 size 80 coarsen threshold 460 Card regions per heap region 1 cards per card region 2048
 CPUs: 12 total, 12 available
 Memory: 16307M
 Large Page Support: Disabled
 NUMA Support: Disabled
 Compressed Oops: Enabled (32-bit)
 Heap Region Size: 1M
 Heap Min Capacity: 8M
 Heap Initial Capacity: 256M
 Heap Max Capacity: 2G
 Pre-touch: Disabled
 Parallel Workers: 10
 Concurrent Workers: 3
 Concurrent Refinement Workers: 10
 Periodic GC: Disabled

Heap:
 garbage-first heap   total 138240K, used 90307K [0x0000000080000000, 0x0000000100000000)
  region size 1024K, 5 young (5120K), 5 survivors (5120K)
 Metaspace       used 68639K, committed 70528K, reserved 1114112K
  class space    used 9291K, committed 10240K, reserved 1048576K

Heap Regions: E=young(eden), S=young(survivor), O=old, HS=humongous(starts), HC=humongous(continues), CS=collection set, F=free, TAMS=top-at-mark-start, PB=parsable bottom
|   0|0x0000000080000000, 0x0000000080100000, 0x0000000080100000|100%|HS|  |TAMS 0x0000000080000000| PB 0x0000000080000000| Complete 
|   1|0x0000000080100000, 0x0000000080200000, 0x0000000080200000|100%|HC|  |TAMS 0x0000000080100000| PB 0x0000000080100000| Complete 
|   2|0x0000000080200000, 0x0000000080300000, 0x0000000080300000|100%|HC|  |TAMS 0x0000000080200000| PB 0x0000000080200000| Complete 
|   3|0x0000000080300000, 0x0000000080400000, 0x0000000080400000|100%| O|  |TAMS 0x0000000080300000| PB 0x0000000080300000| Untracked 
|   4|0x0000000080400000, 0x0000000080500000, 0x0000000080500000|100%| O|  |TAMS 0x0000000080400000| PB 0x0000000080400000| Untracked 
|   5|0x0000000080500000, 0x0000000080600000, 0x0000000080600000|100%| O|  |TAMS 0x0000000080500000| PB 0x0000000080500000| Untracked 
|   6|0x0000000080600000, 0x0000000080700000, 0x0000000080700000|100%|HS|  |TAMS 0x0000000080600000| PB 0x0000000080600000| Complete 
|   7|0x0000000080700000, 0x0000000080800000, 0x0000000080800000|100%| O|  |TAMS 0x0000000080700000| PB 0x0000000080700000| Untracked 
|   8|0x0000000080800000, 0x0000000080900000, 0x0000000080900000|100%| O|  |TAMS 0x0000000080800000| PB 0x0000000080800000| Untracked 
|   9|0x0000000080900000, 0x0000000080a00000, 0x0000000080a00000|100%| O|  |TAMS 0x0000000080900000| PB 0x0000000080900000| Untracked 
|  10|0x0000000080a00000, 0x0000000080b00000, 0x0000000080b00000|100%| O|  |TAMS 0x0000000080a00000| PB 0x0000000080a00000| Untracked 
|  11|0x0000000080b00000, 0x0000000080c00000, 0x0000000080c00000|100%| O|  |TAMS 0x0000000080b00000| PB 0x0000000080b00000| Untracked 
|  12|0x0000000080c00000, 0x0000000080d00000, 0x0000000080d00000|100%| O|  |TAMS 0x0000000080c00000| PB 0x0000000080c00000| Untracked 
|  13|0x0000000080d00000, 0x0000000080e00000, 0x0000000080e00000|100%| O|  |TAMS 0x0000000080d00000| PB 0x0000000080d00000| Untracked 
|  14|0x0000000080e00000, 0x0000000080f00000, 0x0000000080f00000|100%| O|  |TAMS 0x0000000080e00000| PB 0x0000000080e00000| Untracked 
|  15|0x0000000080f00000, 0x0000000081000000, 0x0000000081000000|100%| O|  |TAMS 0x0000000080f00000| PB 0x0000000080f00000| Untracked 
|  16|0x0000000081000000, 0x0000000081100000, 0x0000000081100000|100%| O|  |TAMS 0x0000000081000000| PB 0x0000000081000000| Untracked 
|  17|0x0000000081100000, 0x0000000081200000, 0x0000000081200000|100%| O|  |TAMS 0x0000000081100000| PB 0x0000000081100000| Untracked 
|  18|0x0000000081200000, 0x0000000081300000, 0x0000000081300000|100%| O|  |TAMS 0x0000000081200000| PB 0x0000000081200000| Untracked 
|  19|0x0000000081300000, 0x0000000081400000, 0x0000000081400000|100%| O|  |TAMS 0x0000000081300000| PB 0x0000000081300000| Untracked 
|  20|0x0000000081400000, 0x0000000081500000, 0x0000000081500000|100%| O|  |TAMS 0x0000000081400000| PB 0x0000000081400000| Untracked 
|  21|0x0000000081500000, 0x0000000081500000, 0x0000000081600000|  0%| F|  |TAMS 0x0000000081500000| PB 0x0000000081500000| Untracked 
|  22|0x0000000081600000, 0x0000000081700000, 0x0000000081700000|100%|HS|  |TAMS 0x0000000081600000| PB 0x0000000081600000| Complete 
|  23|0x0000000081700000, 0x0000000081800000, 0x0000000081800000|100%|HC|  |TAMS 0x0000000081700000| PB 0x0000000081700000| Complete 
|  24|0x0000000081800000, 0x0000000081900000, 0x0000000081900000|100%|HC|  |TAMS 0x0000000081800000| PB 0x0000000081800000| Complete 
|  25|0x0000000081900000, 0x0000000081a00000, 0x0000000081a00000|100%|HC|  |TAMS 0x0000000081900000| PB 0x0000000081900000| Complete 
|  26|0x0000000081a00000, 0x0000000081b00000, 0x0000000081b00000|100%|HC|  |TAMS 0x0000000081a00000| PB 0x0000000081a00000| Complete 
|  27|0x0000000081b00000, 0x0000000081c00000, 0x0000000081c00000|100%|HC|  |TAMS 0x0000000081b00000| PB 0x0000000081b00000| Complete 
|  28|0x0000000081c00000, 0x0000000081d00000, 0x0000000081d00000|100%|HS|  |TAMS 0x0000000081c00000| PB 0x0000000081c00000| Complete 
|  29|0x0000000081d00000, 0x0000000081e00000, 0x0000000081e00000|100%|HC|  |TAMS 0x0000000081d00000| PB 0x0000000081d00000| Complete 
|  30|0x0000000081e00000, 0x0000000081f00000, 0x0000000081f00000|100%|HC|  |TAMS 0x0000000081e00000| PB 0x0000000081e00000| Complete 
|  31|0x0000000081f00000, 0x0000000082000000, 0x0000000082000000|100%|HC|  |TAMS 0x0000000081f00000| PB 0x0000000081f00000| Complete 
|  32|0x0000000082000000, 0x0000000082100000, 0x0000000082100000|100%|HS|  |TAMS 0x0000000082000000| PB 0x0000000082000000| Complete 
|  33|0x0000000082100000, 0x0000000082200000, 0x0000000082200000|100%|HC|  |TAMS 0x0000000082100000| PB 0x0000000082100000| Complete 
|  34|0x0000000082200000, 0x0000000082300000, 0x0000000082300000|100%|HS|  |TAMS 0x0000000082200000| PB 0x0000000082200000| Complete 
|  35|0x0000000082300000, 0x0000000082400000, 0x0000000082400000|100%| O|  |TAMS 0x0000000082300000| PB 0x0000000082300000| Untracked 
|  36|0x0000000082400000, 0x0000000082500000, 0x0000000082500000|100%| O|  |TAMS 0x0000000082400000| PB 0x0000000082400000| Untracked 
|  37|0x0000000082500000, 0x0000000082600000, 0x0000000082600000|100%| O|  |TAMS 0x0000000082500000| PB 0x0000000082500000| Untracked 
|  38|0x0000000082600000, 0x0000000082700000, 0x0000000082700000|100%| O|  |TAMS 0x0000000082600000| PB 0x0000000082600000| Untracked 
|  39|0x0000000082700000, 0x0000000082800000, 0x0000000082800000|100%| O|  |TAMS 0x0000000082700000| PB 0x0000000082700000| Untracked 
|  40|0x0000000082800000, 0x0000000082900000, 0x0000000082900000|100%| O|  |TAMS 0x0000000082800000| PB 0x0000000082800000| Untracked 
|  41|0x0000000082900000, 0x0000000082a00000, 0x0000000082a00000|100%| O|  |TAMS 0x0000000082900000| PB 0x0000000082900000| Untracked 
|  42|0x0000000082a00000, 0x0000000082b00000, 0x0000000082b00000|100%| O|  |TAMS 0x0000000082a00000| PB 0x0000000082a00000| Untracked 
|  43|0x0000000082b00000, 0x0000000082c00000, 0x0000000082c00000|100%| O|  |TAMS 0x0000000082b00000| PB 0x0000000082b00000| Untracked 
|  44|0x0000000082c00000, 0x0000000082d00000, 0x0000000082d00000|100%| O|  |TAMS 0x0000000082c00000| PB 0x0000000082c00000| Untracked 
|  45|0x0000000082d00000, 0x0000000082e00000, 0x0000000082e00000|100%| O|  |TAMS 0x0000000082d00000| PB 0x0000000082d00000| Untracked 
|  46|0x0000000082e00000, 0x0000000082f00000, 0x0000000082f00000|100%| O|  |TAMS 0x0000000082e00000| PB 0x0000000082e00000| Untracked 
|  47|0x0000000082f00000, 0x0000000083000000, 0x0000000083000000|100%| O|  |TAMS 0x0000000082f00000| PB 0x0000000082f00000| Untracked 
|  48|0x0000000083000000, 0x0000000083100000, 0x0000000083100000|100%|HS|  |TAMS 0x0000000083000000| PB 0x0000000083000000| Complete 
|  49|0x0000000083100000, 0x0000000083200000, 0x0000000083200000|100%|HC|  |TAMS 0x0000000083100000| PB 0x0000000083100000| Complete 
|  50|0x0000000083200000, 0x0000000083300000, 0x0000000083300000|100%| O|  |TAMS 0x0000000083200000| PB 0x0000000083200000| Untracked 
|  51|0x0000000083300000, 0x0000000083400000, 0x0000000083400000|100%| O|  |TAMS 0x0000000083300000| PB 0x0000000083300000| Untracked 
|  52|0x0000000083400000, 0x0000000083500000, 0x0000000083500000|100%|HS|  |TAMS 0x0000000083400000| PB 0x0000000083400000| Complete 
|  53|0x0000000083500000, 0x0000000083600000, 0x0000000083600000|100%|HC|  |TAMS 0x0000000083500000| PB 0x0000000083500000| Complete 
|  54|0x0000000083600000, 0x0000000083700000, 0x0000000083700000|100%|HC|  |TAMS 0x0000000083600000| PB 0x0000000083600000| Complete 
|  55|0x0000000083700000, 0x0000000083800000, 0x0000000083800000|100%|HC|  |TAMS 0x0000000083700000| PB 0x0000000083700000| Complete 
|  56|0x0000000083800000, 0x0000000083900000, 0x0000000083900000|100%|HC|  |TAMS 0x0000000083800000| PB 0x0000000083800000| Complete 
|  57|0x0000000083900000, 0x0000000083a00000, 0x0000000083a00000|100%|HC|  |TAMS 0x0000000083900000| PB 0x0000000083900000| Complete 
|  58|0x0000000083a00000, 0x0000000083b00000, 0x0000000083b00000|100%|HS|  |TAMS 0x0000000083a00000| PB 0x0000000083a00000| Complete 
|  59|0x0000000083b00000, 0x0000000083c00000, 0x0000000083c00000|100%|HC|  |TAMS 0x0000000083b00000| PB 0x0000000083b00000| Complete 
|  60|0x0000000083c00000, 0x0000000083d00000, 0x0000000083d00000|100%|HC|  |TAMS 0x0000000083c00000| PB 0x0000000083c00000| Complete 
|  61|0x0000000083d00000, 0x0000000083e00000, 0x0000000083e00000|100%|HC|  |TAMS 0x0000000083d00000| PB 0x0000000083d00000| Complete 
|  62|0x0000000083e00000, 0x0000000083f00000, 0x0000000083f00000|100%|HC|  |TAMS 0x0000000083e00000| PB 0x0000000083e00000| Complete 
|  63|0x0000000083f00000, 0x0000000084000000, 0x0000000084000000|100%|HC|  |TAMS 0x0000000083f00000| PB 0x0000000083f00000| Complete 
|  64|0x0000000084000000, 0x0000000084000000, 0x0000000084100000|  0%| F|  |TAMS 0x0000000084000000| PB 0x0000000084000000| Untracked 
|  65|0x0000000084100000, 0x0000000084200000, 0x0000000084200000|100%| O|  |TAMS 0x0000000084100000| PB 0x0000000084100000| Untracked 
|  66|0x0000000084200000, 0x0000000084300000, 0x0000000084300000|100%| O|  |TAMS 0x0000000084200000| PB 0x0000000084200000| Untracked 
|  67|0x0000000084300000, 0x0000000084400000, 0x0000000084400000|100%| O|  |TAMS 0x0000000084300000| PB 0x0000000084300000| Untracked 
|  68|0x0000000084400000, 0x0000000084500000, 0x0000000084500000|100%| O|  |TAMS 0x0000000084400000| PB 0x0000000084400000| Untracked 
|  69|0x0000000084500000, 0x0000000084600000, 0x0000000084600000|100%| O|  |TAMS 0x0000000084500000| PB 0x0000000084500000| Untracked 
|  70|0x0000000084600000, 0x0000000084700000, 0x0000000084700000|100%| O|  |TAMS 0x0000000084600000| PB 0x0000000084600000| Untracked 
|  71|0x0000000084700000, 0x0000000084800000, 0x0000000084800000|100%| O|  |TAMS 0x0000000084700000| PB 0x0000000084700000| Untracked 
|  72|0x0000000084800000, 0x0000000084900000, 0x0000000084900000|100%| O|  |TAMS 0x0000000084800000| PB 0x0000000084800000| Untracked 
|  73|0x0000000084900000, 0x0000000084a00000, 0x0000000084a00000|100%| O|  |TAMS 0x0000000084900000| PB 0x0000000084900000| Untracked 
|  74|0x0000000084a00000, 0x0000000084b00000, 0x0000000084b00000|100%| O|  |TAMS 0x0000000084a00000| PB 0x0000000084a00000| Untracked 
|  75|0x0000000084b00000, 0x0000000084c00000, 0x0000000084c00000|100%| O|  |TAMS 0x0000000084b00000| PB 0x0000000084b00000| Untracked 
|  76|0x0000000084c00000, 0x0000000084d00000, 0x0000000084d00000|100%| O|  |TAMS 0x0000000084c00000| PB 0x0000000084c00000| Untracked 
|  77|0x0000000084d00000, 0x0000000084d30e00, 0x0000000084e00000| 19%| O|  |TAMS 0x0000000084d00000| PB 0x0000000084d00000| Untracked 
|  78|0x0000000084e00000, 0x0000000084e00000, 0x0000000084f00000|  0%| F|  |TAMS 0x0000000084e00000| PB 0x0000000084e00000| Untracked 
|  79|0x0000000084f00000, 0x0000000084f00000, 0x0000000085000000|  0%| F|  |TAMS 0x0000000084f00000| PB 0x0000000084f00000| Untracked 
|  80|0x0000000085000000, 0x0000000085000000, 0x0000000085100000|  0%| F|  |TAMS 0x0000000085000000| PB 0x0000000085000000| Untracked 
|  81|0x0000000085100000, 0x0000000085100000, 0x0000000085200000|  0%| F|  |TAMS 0x0000000085100000| PB 0x0000000085100000| Untracked 
|  82|0x0000000085200000, 0x0000000085300000, 0x0000000085300000|100%| S|CS|TAMS 0x0000000085200000| PB 0x0000000085200000| Complete 
|  83|0x0000000085300000, 0x0000000085400000, 0x0000000085400000|100%| S|CS|TAMS 0x0000000085300000| PB 0x0000000085300000| Complete 
|  84|0x0000000085400000, 0x0000000085500000, 0x0000000085500000|100%| S|CS|TAMS 0x0000000085400000| PB 0x0000000085400000| Complete 
|  85|0x0000000085500000, 0x0000000085600000, 0x0000000085600000|100%| S|CS|TAMS 0x0000000085500000| PB 0x0000000085500000| Complete 
|  86|0x0000000085600000, 0x0000000085700000, 0x0000000085700000|100%| S|CS|TAMS 0x0000000085600000| PB 0x0000000085600000| Complete 
|  87|0x0000000085700000, 0x0000000085700000, 0x0000000085800000|  0%| F|  |TAMS 0x0000000085700000| PB 0x0000000085700000| Untracked 
|  88|0x0000000085800000, 0x0000000085800000, 0x0000000085900000|  0%| F|  |TAMS 0x0000000085800000| PB 0x0000000085800000| Untracked 
|  89|0x0000000085900000, 0x0000000085900000, 0x0000000085a00000|  0%| F|  |TAMS 0x0000000085900000| PB 0x0000000085900000| Untracked 
|  90|0x0000000085a00000, 0x0000000085a00000, 0x0000000085b00000|  0%| F|  |TAMS 0x0000000085a00000| PB 0x0000000085a00000| Untracked 
|  91|0x0000000085b00000, 0x0000000085b00000, 0x0000000085c00000|  0%| F|  |TAMS 0x0000000085b00000| PB 0x0000000085b00000| Untracked 
|  92|0x0000000085c00000, 0x0000000085c00000, 0x0000000085d00000|  0%| F|  |TAMS 0x0000000085c00000| PB 0x0000000085c00000| Untracked 
|  93|0x0000000085d00000, 0x0000000085d00000, 0x0000000085e00000|  0%| F|  |TAMS 0x0000000085d00000| PB 0x0000000085d00000| Untracked 
|  94|0x0000000085e00000, 0x0000000085e00000, 0x0000000085f00000|  0%| F|  |TAMS 0x0000000085e00000| PB 0x0000000085e00000| Untracked 
|  95|0x0000000085f00000, 0x0000000085f00000, 0x0000000086000000|  0%| F|  |TAMS 0x0000000085f00000| PB 0x0000000085f00000| Untracked 
|  96|0x0000000086000000, 0x0000000086000000, 0x0000000086100000|  0%| F|  |TAMS 0x0000000086000000| PB 0x0000000086000000| Untracked 
|  97|0x0000000086100000, 0x0000000086100000, 0x0000000086200000|  0%| F|  |TAMS 0x0000000086100000| PB 0x0000000086100000| Untracked 
|  98|0x0000000086200000, 0x0000000086200000, 0x0000000086300000|  0%| F|  |TAMS 0x0000000086200000| PB 0x0000000086200000| Untracked 
|  99|0x0000000086300000, 0x0000000086300000, 0x0000000086400000|  0%| F|  |TAMS 0x0000000086300000| PB 0x0000000086300000| Untracked 
| 100|0x0000000086400000, 0x0000000086400000, 0x0000000086500000|  0%| F|  |TAMS 0x0000000086400000| PB 0x0000000086400000| Untracked 
| 101|0x0000000086500000, 0x0000000086500000, 0x0000000086600000|  0%| F|  |TAMS 0x0000000086500000| PB 0x0000000086500000| Untracked 
| 102|0x0000000086600000, 0x0000000086600000, 0x0000000086700000|  0%| F|  |TAMS 0x0000000086600000| PB 0x0000000086600000| Untracked 
| 103|0x0000000086700000, 0x0000000086700000, 0x0000000086800000|  0%| F|  |TAMS 0x0000000086700000| PB 0x0000000086700000| Untracked 
| 104|0x0000000086800000, 0x0000000086800000, 0x0000000086900000|  0%| F|  |TAMS 0x0000000086800000| PB 0x0000000086800000| Untracked 
| 105|0x0000000086900000, 0x0000000086900000, 0x0000000086a00000|  0%| F|  |TAMS 0x0000000086900000| PB 0x0000000086900000| Untracked 
| 106|0x0000000086a00000, 0x0000000086a00000, 0x0000000086b00000|  0%| F|  |TAMS 0x0000000086a00000| PB 0x0000000086a00000| Untracked 
| 107|0x0000000086b00000, 0x0000000086b00000, 0x0000000086c00000|  0%| F|  |TAMS 0x0000000086b00000| PB 0x0000000086b00000| Untracked 
| 108|0x0000000086c00000, 0x0000000086c00000, 0x0000000086d00000|  0%| F|  |TAMS 0x0000000086c00000| PB 0x0000000086c00000| Untracked 
| 109|0x0000000086d00000, 0x0000000086d00000, 0x0000000086e00000|  0%| F|  |TAMS 0x0000000086d00000| PB 0x0000000086d00000| Untracked 
| 110|0x0000000086e00000, 0x0000000086e00000, 0x0000000086f00000|  0%| F|  |TAMS 0x0000000086e00000| PB 0x0000000086e00000| Untracked 
| 111|0x0000000086f00000, 0x0000000086f00000, 0x0000000087000000|  0%| F|  |TAMS 0x0000000086f00000| PB 0x0000000086f00000| Untracked 
| 112|0x0000000087000000, 0x0000000087000000, 0x0000000087100000|  0%| F|  |TAMS 0x0000000087000000| PB 0x0000000087000000| Untracked 
| 113|0x0000000087100000, 0x0000000087100000, 0x0000000087200000|  0%| F|  |TAMS 0x0000000087100000| PB 0x0000000087100000| Untracked 
| 114|0x0000000087200000, 0x0000000087200000, 0x0000000087300000|  0%| F|  |TAMS 0x0000000087200000| PB 0x0000000087200000| Untracked 
| 115|0x0000000087300000, 0x0000000087300000, 0x0000000087400000|  0%| F|  |TAMS 0x0000000087300000| PB 0x0000000087300000| Untracked 
| 227|0x000000008e300000, 0x000000008e300000, 0x000000008e400000|  0%| F|  |TAMS 0x000000008e300000| PB 0x000000008e300000| Untracked 
| 228|0x000000008e400000, 0x000000008e400000, 0x000000008e500000|  0%| F|  |TAMS 0x000000008e400000| PB 0x000000008e400000| Untracked 
| 229|0x000000008e500000, 0x000000008e500000, 0x000000008e600000|  0%| F|  |TAMS 0x000000008e500000| PB 0x000000008e500000| Untracked 
| 230|0x000000008e600000, 0x000000008e600000, 0x000000008e700000|  0%| F|  |TAMS 0x000000008e600000| PB 0x000000008e600000| Untracked 
| 231|0x000000008e700000, 0x000000008e700000, 0x000000008e800000|  0%| F|  |TAMS 0x000000008e700000| PB 0x000000008e700000| Untracked 
| 232|0x000000008e800000, 0x000000008e800000, 0x000000008e900000|  0%| F|  |TAMS 0x000000008e800000| PB 0x000000008e800000| Untracked 
| 233|0x000000008e900000, 0x000000008e900000, 0x000000008ea00000|  0%| F|  |TAMS 0x000000008e900000| PB 0x000000008e900000| Untracked 
| 234|0x000000008ea00000, 0x000000008ea00000, 0x000000008eb00000|  0%| F|  |TAMS 0x000000008ea00000| PB 0x000000008ea00000| Untracked 
| 235|0x000000008eb00000, 0x000000008eb00000, 0x000000008ec00000|  0%| F|  |TAMS 0x000000008eb00000| PB 0x000000008eb00000| Untracked 
| 254|0x000000008fe00000, 0x000000008fe00000, 0x000000008ff00000|  0%| F|  |TAMS 0x000000008fe00000| PB 0x000000008fe00000| Untracked 
| 255|0x000000008ff00000, 0x000000008ff00000, 0x0000000090000000|  0%| F|  |TAMS 0x000000008ff00000| PB 0x000000008ff00000| Untracked 
|2040|0x00000000ff800000, 0x00000000ff900000, 0x00000000ff900000|100%| O|  |TAMS 0x00000000ff800000| PB 0x00000000ff800000| Untracked 
|2041|0x00000000ff900000, 0x00000000ffa00000, 0x00000000ffa00000|100%| O|  |TAMS 0x00000000ff900000| PB 0x00000000ff900000| Untracked 
|2042|0x00000000ffa00000, 0x00000000ffb00000, 0x00000000ffb00000|100%| O|  |TAMS 0x00000000ffa00000| PB 0x00000000ffa00000| Untracked 
|2043|0x00000000ffb00000, 0x00000000ffc00000, 0x00000000ffc00000|100%| O|  |TAMS 0x00000000ffb00000| PB 0x00000000ffb00000| Untracked 
|2044|0x00000000ffc00000, 0x00000000ffd00000, 0x00000000ffd00000|100%| O|  |TAMS 0x00000000ffc00000| PB 0x00000000ffc00000| Untracked 
|2045|0x00000000ffd00000, 0x00000000ffe00000, 0x00000000ffe00000|100%| O|  |TAMS 0x00000000ffd00000| PB 0x00000000ffd00000| Untracked 
|2046|0x00000000ffe00000, 0x00000000fff00000, 0x00000000fff00000|100%| O|  |TAMS 0x00000000ffe00000| PB 0x00000000ffe00000| Untracked 
|2047|0x00000000fff00000, 0x0000000100000000, 0x0000000100000000|100%| O|  |TAMS 0x00000000fff00000| PB 0x00000000fff00000| Untracked 

Card table byte_map: [0x000001e955f00000,0x000001e956300000] _byte_map_base: 0x000001e955b00000

Marking Bits: (CMBitMap*) 0x000001e9434a7040
 Bits: [0x000001e956300000, 0x000001e958300000)

Polling page: 0x000001e941460000

Metaspace:

Usage:
  Non-class:     57.96 MB used.
      Class:      9.07 MB used.
       Both:     67.03 MB used.

Virtual space:
  Non-class space:       64.00 MB reserved,      58.88 MB ( 92%) committed,  1 nodes.
      Class space:        1.00 GB reserved,      10.00 MB ( <1%) committed,  1 nodes.
             Both:        1.06 GB reserved,      68.88 MB (  6%) committed. 

Chunk freelists:
   Non-Class:  4.23 MB
       Class:  6.05 MB
        Both:  10.28 MB

MaxMetaspaceSize: unlimited
CompressedClassSpaceSize: 1.00 GB
Initial GC threshold: 21.00 MB
Current GC threshold: 111.06 MB
CDS: off
 - commit_granule_bytes: 65536.
 - commit_granule_words: 8192.
 - virtual_space_node_default_size: 8388608.
 - enlarge_chunks_in_place: 1.
 - use_allocation_guard: 0.


Internal statistics:

num_allocs_failed_limit: 6.
num_arena_births: 3328.
num_arena_deaths: 0.
num_vsnodes_births: 2.
num_vsnodes_deaths: 0.
num_space_committed: 1102.
num_space_uncommitted: 0.
num_chunks_returned_to_freelist: 6.
num_chunks_taken_from_freelist: 6251.
num_chunk_merges: 6.
num_chunk_splits: 4009.
num_chunks_enlarged: 2384.
num_inconsistent_stats: 0.

CodeHeap 'non-profiled nmethods': size=120000Kb used=3951Kb max_used=3951Kb free=116048Kb
 bounds [0x000001e94e080000, 0x000001e94e460000, 0x000001e9555b0000]
CodeHeap 'profiled nmethods': size=120000Kb used=12179Kb max_used=12179Kb free=107820Kb
 bounds [0x000001e9465b0000, 0x000001e9471a0000, 0x000001e94dae0000]
CodeHeap 'non-nmethods': size=5760Kb used=2731Kb max_used=2762Kb free=3028Kb
 bounds [0x000001e94dae0000, 0x000001e94dda0000, 0x000001e94e080000]
 total_blobs=7639 nmethods=6761 adapters=782
 compilation: enabled
              stopped_count=0, restarted_count=0
 full_count=0

Compilation events (20 events):
Event: 4.890 Thread 0x000001e963d6b1e0 7701       4       jdk.internal.misc.Unsafe::putLongUnaligned (14 bytes)
Event: 4.890 Thread 0x000001e95b1db0a0 nmethod 7673 0x000001e947190b10 code [0x000001e947190f00, 0x000001e947192808]
Event: 4.890 Thread 0x000001e95b1db0a0 7695       3       org.gradle.internal.snapshot.PartialDirectoryNode::<init> (6 bytes)
Event: 4.891 Thread 0x000001e95b1db0a0 nmethod 7695 0x000001e947193490 code [0x000001e947193640, 0x000001e947193860]
Event: 4.891 Thread 0x000001e95b1db0a0 7696       3       org.gradle.internal.snapshot.AbstractIncompleteFileSystemNode::<init> (10 bytes)
Event: 4.891 Thread 0x000001e95b7ce120 7706       4       java.lang.Long::hashCode (8 bytes)
Event: 4.891 Thread 0x000001e95b1db0a0 nmethod 7696 0x000001e947193990 code [0x000001e947193b40, 0x000001e947193cf8]
Event: 4.891 Thread 0x000001e95b1db0a0 7679       3       org.gradle.internal.component.external.model.DefaultModuleComponentArtifactIdentifier::getComponentIdentifier (5 bytes)
Event: 4.891 Thread 0x000001e95b7ce120 nmethod 7706 0x000001e94e45b990 code [0x000001e94e45bb00, 0x000001e94e45bb78]
Event: 4.891 Thread 0x000001e95b1db0a0 nmethod 7679 0x000001e947193d90 code [0x000001e947193f20, 0x000001e947194040]
Event: 4.891 Thread 0x000001e95b1db0a0 7670       3       org.gradle.api.internal.file.FileCollectionFactory::empty (4 bytes)
Event: 4.891 Thread 0x000001e95b1db0a0 nmethod 7670 0x000001e947194110 code [0x000001e9471942a0, 0x000001e947194398]
Event: 4.891 Thread 0x000001e963d6b1e0 nmethod 7701 0x000001e94e45bc90 code [0x000001e94e45be20, 0x000001e94e45bee0]
Event: 4.891 Thread 0x000001e95b1db0a0 7668       3       org.gradle.internal.hash.Hashing$DefaultHasher::put (8 bytes)
Event: 4.891 Thread 0x000001e95b1db0a0 nmethod 7668 0x000001e947194410 code [0x000001e9471945c0, 0x000001e947194798]
Event: 4.891 Thread 0x000001e95b1db0a0 7669       3       org.gradle.api.internal.artifacts.transform.TransformStepSubject$Initial::getInitialComponentIdentifier (15 bytes)
Event: 4.891 Thread 0x000001e95b1db0a0 nmethod 7669 0x000001e947194890 code [0x000001e947194a60, 0x000001e947194ce8]
Event: 4.891 Thread 0x000001e95b1db0a0 7674       3       com.google.common.cache.LocalCache$StrongValueReference::copyFor (2 bytes)
Event: 4.891 Thread 0x000001e95b7ce120 7707       4       java.util.concurrent.locks.AbstractQueuedSynchronizer$ConditionNode::isReleasable (23 bytes)
Event: 4.891 Thread 0x000001e963d6b1e0 7708       4       java.lang.ThreadLocal::set (18 bytes)

GC Heap History (20 events):
Event: 2.936 GC heap after
{Heap after GC invocations=11 (full 0):
 garbage-first heap   total 93184K, used 49104K [0x0000000080000000, 0x0000000100000000)
  region size 1024K, 5 young (5120K), 5 survivors (5120K)
 Metaspace       used 45860K, committed 46912K, reserved 1114112K
  class space    used 6082K, committed 6592K, reserved 1048576K
}
Event: 3.042 GC heap before
{Heap before GC invocations=11 (full 0):
 garbage-first heap   total 93184K, used 68560K [0x0000000080000000, 0x0000000100000000)
  region size 1024K, 26 young (26624K), 5 survivors (5120K)
 Metaspace       used 46920K, committed 48000K, reserved 1114112K
  class space    used 6230K, committed 6784K, reserved 1048576K
}
Event: 3.044 GC heap after
{Heap after GC invocations=12 (full 0):
 garbage-first heap   total 93184K, used 50685K [0x0000000080000000, 0x0000000100000000)
  region size 1024K, 3 young (3072K), 3 survivors (3072K)
 Metaspace       used 46920K, committed 48000K, reserved 1114112K
  class space    used 6230K, committed 6784K, reserved 1048576K
}
Event: 3.294 GC heap before
{Heap before GC invocations=13 (full 0):
 garbage-first heap   total 94208K, used 87549K [0x0000000080000000, 0x0000000100000000)
  region size 1024K, 34 young (34816K), 3 survivors (3072K)
 Metaspace       used 50994K, committed 52352K, reserved 1114112K
  class space    used 6781K, committed 7424K, reserved 1048576K
}
Event: 3.296 GC heap after
{Heap after GC invocations=14 (full 0):
 garbage-first heap   total 94208K, used 52469K [0x0000000080000000, 0x0000000100000000)
  region size 1024K, 5 young (5120K), 5 survivors (5120K)
 Metaspace       used 50994K, committed 52352K, reserved 1114112K
  class space    used 6781K, committed 7424K, reserved 1048576K
}
Event: 3.482 GC heap before
{Heap before GC invocations=14 (full 0):
 garbage-first heap   total 94208K, used 82165K [0x0000000080000000, 0x0000000100000000)
  region size 1024K, 34 young (34816K), 5 survivors (5120K)
 Metaspace       used 54656K, committed 56128K, reserved 1114112K
  class space    used 7378K, committed 8128K, reserved 1048576K
}
Event: 3.485 GC heap after
{Heap after GC invocations=15 (full 0):
 garbage-first heap   total 94208K, used 53318K [0x0000000080000000, 0x0000000100000000)
  region size 1024K, 4 young (4096K), 4 survivors (4096K)
 Metaspace       used 54656K, committed 56128K, reserved 1114112K
  class space    used 7378K, committed 8128K, reserved 1048576K
}
Event: 3.645 GC heap before
{Heap before GC invocations=15 (full 0):
 garbage-first heap   total 94208K, used 73798K [0x0000000080000000, 0x0000000100000000)
  region size 1024K, 25 young (25600K), 4 survivors (4096K)
 Metaspace       used 56800K, committed 58368K, reserved 1114112K
  class space    used 7741K, committed 8512K, reserved 1048576K
}
Event: 3.647 GC heap after
{Heap after GC invocations=16 (full 0):
 garbage-first heap   total 113664K, used 55740K [0x0000000080000000, 0x0000000100000000)
  region size 1024K, 4 young (4096K), 4 survivors (4096K)
 Metaspace       used 56800K, committed 58368K, reserved 1114112K
  class space    used 7741K, committed 8512K, reserved 1048576K
}
Event: 3.759 GC heap before
{Heap before GC invocations=16 (full 0):
 garbage-first heap   total 113664K, used 73148K [0x0000000080000000, 0x0000000100000000)
  region size 1024K, 20 young (20480K), 4 survivors (4096K)
 Metaspace       used 57116K, committed 58688K, reserved 1114112K
  class space    used 7764K, committed 8576K, reserved 1048576K
}
Event: 3.762 GC heap after
{Heap after GC invocations=17 (full 0):
 garbage-first heap   total 113664K, used 61514K [0x0000000080000000, 0x0000000100000000)
  region size 1024K, 6 young (6144K), 6 survivors (6144K)
 Metaspace       used 57116K, committed 58688K, reserved 1114112K
  class space    used 7764K, committed 8576K, reserved 1048576K
}
Event: 4.094 GC heap before
{Heap before GC invocations=18 (full 0):
 garbage-first heap   total 114688K, used 110666K [0x0000000080000000, 0x0000000100000000)
  region size 1024K, 40 young (40960K), 6 survivors (6144K)
 Metaspace       used 59651K, committed 61376K, reserved 1114112K
  class space    used 8015K, committed 8896K, reserved 1048576K
}
Event: 4.098 GC heap after
{Heap after GC invocations=19 (full 0):
 garbage-first heap   total 121856K, used 78456K [0x0000000080000000, 0x0000000100000000)
  region size 1024K, 5 young (5120K), 5 survivors (5120K)
 Metaspace       used 59651K, committed 61376K, reserved 1114112K
  class space    used 8015K, committed 8896K, reserved 1048576K
}
Event: 4.306 GC heap before
{Heap before GC invocations=19 (full 0):
 garbage-first heap   total 121856K, used 108152K [0x0000000080000000, 0x0000000100000000)
  region size 1024K, 34 young (34816K), 5 survivors (5120K)
 Metaspace       used 62975K, committed 64768K, reserved 1114112K
  class space    used 8486K, committed 9408K, reserved 1048576K
}
Event: 4.308 GC heap after
{Heap after GC invocations=20 (full 0):
 garbage-first heap   total 121856K, used 80479K [0x0000000080000000, 0x0000000100000000)
  region size 1024K, 3 young (3072K), 3 survivors (3072K)
 Metaspace       used 62975K, committed 64768K, reserved 1114112K
  class space    used 8486K, committed 9408K, reserved 1048576K
}
Event: 4.506 GC heap before
{Heap before GC invocations=20 (full 0):
 garbage-first heap   total 121856K, used 109151K [0x0000000080000000, 0x0000000100000000)
  region size 1024K, 31 young (31744K), 3 survivors (3072K)
 Metaspace       used 66259K, committed 68096K, reserved 1114112K
  class space    used 9015K, committed 9920K, reserved 1048576K
}
Event: 4.508 GC heap after
{Heap after GC invocations=21 (full 0):
 garbage-first heap   total 121856K, used 82036K [0x0000000080000000, 0x0000000100000000)
  region size 1024K, 4 young (4096K), 4 survivors (4096K)
 Metaspace       used 66259K, committed 68096K, reserved 1114112K
  class space    used 9015K, committed 9920K, reserved 1048576K
}
Event: 4.776 GC heap before
{Heap before GC invocations=22 (full 0):
 garbage-first heap   total 138240K, used 108660K [0x0000000080000000, 0x0000000100000000)
  region size 1024K, 30 young (30720K), 4 survivors (4096K)
 Metaspace       used 68208K, committed 70016K, reserved 1114112K
  class space    used 9270K, committed 10176K, reserved 1048576K
}
Event: 4.779 GC heap after
{Heap after GC invocations=23 (full 0):
 garbage-first heap   total 138240K, used 85495K [0x0000000080000000, 0x0000000100000000)
  region size 1024K, 4 young (4096K), 4 survivors (4096K)
 Metaspace       used 68208K, committed 70016K, reserved 1114112K
  class space    used 9270K, committed 10176K, reserved 1048576K
}
Event: 4.891 GC heap before
{Heap before GC invocations=23 (full 0):
 garbage-first heap   total 138240K, used 121335K [0x0000000080000000, 0x0000000100000000)
  region size 1024K, 40 young (40960K), 4 survivors (4096K)
 Metaspace       used 68639K, committed 70528K, reserved 1114112K
  class space    used 9291K, committed 10240K, reserved 1048576K
}

Dll operation events (3 events):
Event: 0.004 Loaded shared library D:\and\jbr\bin\java.dll
Event: 0.008 Loaded shared library D:\and\jbr\bin\zip.dll
Event: 0.394 Loaded shared library D:\and\jbr\bin\verify.dll

Deoptimization events (20 events):
Event: 4.830 Thread 0x000001e961319cd0 Uncommon trap: trap_request=0xffffffc6 fr.pc=0x000001e94e42d270 relative=0x0000000000002510
Event: 4.830 Thread 0x000001e961319cd0 Uncommon trap: reason=bimorphic_or_optimized_type_check action=maybe_recompile pc=0x000001e94e42d270 method=com.google.common.collect.ImmutableSet.copyOf(Ljava/util/Collection;)Lcom/google/common/collect/ImmutableSet; @ 47 c2
Event: 4.830 Thread 0x000001e961319cd0 DEOPT PACKING pc=0x000001e94e42d270 sp=0x0000003a685f7440
Event: 4.830 Thread 0x000001e961319cd0 DEOPT UNPACKING pc=0x000001e94db346a2 sp=0x0000003a685f7448 mode 2
Event: 4.830 Thread 0x000001e961319cd0 Uncommon trap: trap_request=0xffffffc6 fr.pc=0x000001e94e42d270 relative=0x0000000000002510
Event: 4.830 Thread 0x000001e961319cd0 Uncommon trap: reason=bimorphic_or_optimized_type_check action=maybe_recompile pc=0x000001e94e42d270 method=com.google.common.collect.ImmutableSet.copyOf(Ljava/util/Collection;)Lcom/google/common/collect/ImmutableSet; @ 47 c2
Event: 4.830 Thread 0x000001e961319cd0 DEOPT PACKING pc=0x000001e94e42d270 sp=0x0000003a685f7440
Event: 4.830 Thread 0x000001e961319cd0 DEOPT UNPACKING pc=0x000001e94db346a2 sp=0x0000003a685f7448 mode 2
Event: 4.846 Thread 0x000001e961319cd0 Uncommon trap: trap_request=0xffffff45 fr.pc=0x000001e94e396208 relative=0x0000000000000068
Event: 4.846 Thread 0x000001e961319cd0 Uncommon trap: reason=unstable_if action=reinterpret pc=0x000001e94e396208 method=org.gradle.internal.snapshot.PathUtil.compareCharsIgnoringCase(CC)I @ 11 c2
Event: 4.846 Thread 0x000001e961319cd0 DEOPT PACKING pc=0x000001e94e396208 sp=0x0000003a685f2040
Event: 4.846 Thread 0x000001e961319cd0 DEOPT UNPACKING pc=0x000001e94db346a2 sp=0x0000003a685f1fd0 mode 2
Event: 4.859 Thread 0x000001e961319cd0 Uncommon trap: trap_request=0xffffff45 fr.pc=0x000001e94e443548 relative=0x0000000000000088
Event: 4.859 Thread 0x000001e961319cd0 Uncommon trap: reason=unstable_if action=reinterpret pc=0x000001e94e443548 method=org.gradle.internal.snapshot.PathUtil.compareCharsIgnoringCase(CC)I @ 33 c2
Event: 4.859 Thread 0x000001e961319cd0 DEOPT PACKING pc=0x000001e94e443548 sp=0x0000003a685f22e0
Event: 4.859 Thread 0x000001e961319cd0 DEOPT UNPACKING pc=0x000001e94db346a2 sp=0x0000003a685f2270 mode 2
Event: 4.877 Thread 0x000001e965db7b30 Uncommon trap: trap_request=0xffffffcc fr.pc=0x000001e94e452ee0 relative=0x0000000000000220
Event: 4.877 Thread 0x000001e965db7b30 Uncommon trap: reason=intrinsic_or_type_checked_inlining action=make_not_entrant pc=0x000001e94e452ee0 method=java.util.ArrayList.toArray([Ljava/lang/Object;)[Ljava/lang/Object; @ 36 c2
Event: 4.877 Thread 0x000001e965db7b30 DEOPT PACKING pc=0x000001e94e452ee0 sp=0x0000003a6cffcf50
Event: 4.877 Thread 0x000001e965db7b30 DEOPT UNPACKING pc=0x000001e94db346a2 sp=0x0000003a6cffcef0 mode 2

Classes loaded (20 events):
Event: 4.498 Loading class javax/net/ssl/SSLException
Event: 4.498 Loading class javax/net/ssl/SSLException done
Event: 4.498 Loading class javax/net/ssl/SSLPeerUnverifiedException
Event: 4.498 Loading class javax/net/ssl/SSLPeerUnverifiedException done
Event: 4.498 Loading class javax/naming/NamingException
Event: 4.499 Loading class javax/naming/NamingException done
Event: 4.499 Loading class javax/naming/InvalidNameException
Event: 4.499 Loading class javax/naming/InvalidNameException done
Event: 4.499 Loading class java/security/cert/CertificateParsingException
Event: 4.499 Loading class java/security/cert/CertificateException
Event: 4.499 Loading class java/security/cert/CertificateException done
Event: 4.499 Loading class java/security/cert/CertificateParsingException done
Event: 4.770 Loading class java/util/Collections$ReverseComparator
Event: 4.770 Loading class java/util/Collections$ReverseComparator done
Event: 4.770 Loading class java/util/Comparators$NaturalOrderComparator
Event: 4.770 Loading class java/util/Comparators$NaturalOrderComparator done
Event: 4.770 Loading class java/util/Collections$ReverseComparator2
Event: 4.771 Loading class java/util/Collections$ReverseComparator2 done
Event: 4.798 Loading class java/util/LinkedList$LLSpliterator
Event: 4.798 Loading class java/util/LinkedList$LLSpliterator done

Classes unloaded (0 events):
No events

Classes redefined (0 events):
No events

Internal exceptions (20 events):
Event: 4.493 Thread 0x000001e961319cd0 Exception <a 'java/lang/NoSuchMethodError'{0x0000000085406310}: 'java.lang.Object java.lang.invoke.DirectMethodHandle$Holder.invokeSpecial(java.lang.Object, java.lang.Object, java.lang.Object, java.lang.Object, java.lang.Object, java.lang.Object, java.lang.Object, java.lang.Object, java.lang.Object, java.lang.Object, java.lang.Object, java.lang.Object, java.lang.Object, java.lang.Object, java.lang.Object, java.lang.Object, java.lang.Object, java.lang.Object)'> (0x0000000085406310) 
thrown [s\src\hotspot\sh
Event: 4.494 Thread 0x000001e961319cd0 Exception <a 'java/lang/NoSuchMethodError'{0x000000008540bb18}: 'java.lang.Object java.lang.invoke.DelegatingMethodHandle$Holder.reinvoke_L(java.lang.Object, java.lang.Object, java.lang.Object, java.lang.Object, java.lang.Object, java.lang.Object, java.lang.Object, java.lang.Object, java.lang.Object, java.lang.Object, java.lang.Object, java.lang.Object, java.lang.Object, java.lang.Object, java.lang.Object, java.lang.Object, java.lang.Object)'> (0x000000008540bb18) 
thrown [s\src\hotspot\share\interpreter\l
Event: 4.526 Thread 0x000001e961319cd0 Exception <a 'java/lang/ClassNotFoundException'{0x000000008fe97d68}: build_6vgduac4xopa8x11588yxm45bBeanInfo> (0x000000008fe97d68) 
thrown [s\src\hotspot\share\classfile\systemDictionary.cpp, line 312]
Event: 4.526 Thread 0x000001e961319cd0 Exception <a 'java/lang/ClassNotFoundException'{0x000000008fea2c40}: org/gradle/api/internal/project/ProjectScriptBeanInfo> (0x000000008fea2c40) 
thrown [s\src\hotspot\share\classfile\systemDictionary.cpp, line 312]
Event: 4.526 Thread 0x000001e961319cd0 Exception <a 'java/lang/ClassNotFoundException'{0x000000008feadc48}: org/gradle/api/internal/project/ProjectScriptCustomizer> (0x000000008feadc48) 
thrown [s\src\hotspot\share\classfile\systemDictionary.cpp, line 312]
Event: 4.527 Thread 0x000001e961319cd0 Exception <a 'java/lang/ClassNotFoundException'{0x000000008fec6170}: build_6vgduac4xopa8x11588yxm45bCustomizer> (0x000000008fec6170) 
thrown [s\src\hotspot\share\classfile\systemDictionary.cpp, line 312]
Event: 4.536 Thread 0x000001e961319cd0 Exception <a 'java/lang/ClassNotFoundException'{0x000000008eb53e18}: org/gradle/plugin/use/internal/PluginRequestCollector$PluginDependenciesSpecImplBeanInfo> (0x000000008eb53e18) 
thrown [s\src\hotspot\share\classfile\systemDictionary.cpp, line 312]
Event: 4.536 Thread 0x000001e961319cd0 Exception <a 'java/lang/ClassNotFoundException'{0x000000008eb659e0}: org/gradle/plugin/use/internal/PluginRequestCollector$PluginDependenciesSpecImplCustomizer> (0x000000008eb659e0) 
thrown [s\src\hotspot\share\classfile\systemDictionary.cpp, line 312]
Event: 4.536 Thread 0x000001e961319cd0 Exception <a 'java/lang/NoSuchMethodError'{0x000000008eb74b88}: 'java.lang.Object java.lang.invoke.DirectMethodHandle$Holder.invokeVirtual(java.lang.Object, java.lang.Object, java.lang.Object, int)'> (0x000000008eb74b88) 
thrown [s\src\hotspot\share\interpreter\linkResolver.cpp, line 784]
Event: 4.538 Thread 0x000001e961319cd0 Exception <a 'java/lang/ClassNotFoundException'{0x000000008ebc1880}: org/gradle/plugin/use/internal/PluginRequestCollector$PluginDependencySpecImplBeanInfo> (0x000000008ebc1880) 
thrown [s\src\hotspot\share\classfile\systemDictionary.cpp, line 312]
Event: 4.539 Thread 0x000001e961319cd0 Exception <a 'java/lang/ClassNotFoundException'{0x000000008ebd33f0}: org/gradle/plugin/use/internal/PluginRequestCollector$PluginDependencySpecImplCustomizer> (0x000000008ebd33f0) 
thrown [s\src\hotspot\share\classfile\systemDictionary.cpp, line 312]
Event: 4.541 Thread 0x000001e961319cd0 Exception <a 'java/lang/ClassNotFoundException'{0x000000008ea79350}: groovy/lang/GString$1BeanInfo> (0x000000008ea79350) 
thrown [s\src\hotspot\share\classfile\systemDictionary.cpp, line 312]
Event: 4.541 Thread 0x000001e961319cd0 Exception <a 'java/lang/ClassNotFoundException'{0x000000008ea8a030}: groovy/lang/GStringBeanInfo> (0x000000008ea8a030) 
thrown [s\src\hotspot\share\classfile\systemDictionary.cpp, line 312]
Event: 4.541 Thread 0x000001e961319cd0 Exception <a 'java/lang/ClassNotFoundException'{0x000000008ea9aa38}: groovy/lang/GStringCustomizer> (0x000000008ea9aa38) 
thrown [s\src\hotspot\share\classfile\systemDictionary.cpp, line 312]
Event: 4.542 Thread 0x000001e961319cd0 Exception <a 'java/lang/ClassNotFoundException'{0x000000008eab74b0}: groovy/lang/GString$1Customizer> (0x000000008eab74b0) 
thrown [s\src\hotspot\share\classfile\systemDictionary.cpp, line 312]
Event: 4.544 Thread 0x000001e961319cd0 Exception <a 'java/lang/ClassNotFoundException'{0x000000008e9bd6b8}: org/codehaus/groovy/runtime/GStringImplBeanInfo> (0x000000008e9bd6b8) 
thrown [s\src\hotspot\share\classfile\systemDictionary.cpp, line 312]
Event: 4.544 Thread 0x000001e961319cd0 Exception <a 'java/lang/ClassNotFoundException'{0x000000008e9ce760}: org/codehaus/groovy/runtime/GStringImplCustomizer> (0x000000008e9ce760) 
thrown [s\src\hotspot\share\classfile\systemDictionary.cpp, line 312]
Event: 4.586 Thread 0x000001e961319cd0 Exception <a 'java/lang/NoSuchMethodError'{0x000000008e35c450}: 'int java.lang.invoke.DirectMethodHandle$Holder.invokeSpecialIFC(java.lang.Object, java.lang.Object, java.lang.Object)'> (0x000000008e35c450) 
thrown [s\src\hotspot\share\interpreter\linkResolver.cpp, line 784]
Event: 4.614 Thread 0x000001e961319cd0 Exception <a 'java/lang/NoSuchMethodError'{0x00000000871d9e78}: 'void java.lang.invoke.DirectMethodHandle$Holder.invokeStatic(java.lang.Object, java.lang.Object, java.lang.Object, int, java.lang.Object)'> (0x00000000871d9e78) 
thrown [s\src\hotspot\share\interpreter\linkResolver.cpp, line 784]
Event: 4.798 Thread 0x000001e961319cd0 Exception <a 'java/lang/IncompatibleClassChangeError'{0x000000008fe85648}: Found class java.lang.Object, but interface was expected> (0x000000008fe85648) 
thrown [s\src\hotspot\share\interpreter\linkResolver.cpp, line 851]

ZGC Phase Switch (0 events):
No events

VM Operations (20 events):
Event: 4.390 Executing VM operation: HandshakeAllThreads (Deoptimize) done
Event: 4.506 Executing VM operation: G1CollectForAllocation (G1 Evacuation Pause)
Event: 4.508 Executing VM operation: G1CollectForAllocation (G1 Evacuation Pause) done
Event: 4.521 Executing VM operation: G1PauseRemark
Event: 4.522 Executing VM operation: G1PauseRemark done
Event: 4.528 Executing VM operation: G1PauseCleanup
Event: 4.528 Executing VM operation: G1PauseCleanup done
Event: 4.593 Executing VM operation: HandshakeAllThreads (Deoptimize)
Event: 4.593 Executing VM operation: HandshakeAllThreads (Deoptimize) done
Event: 4.619 Executing VM operation: HandshakeAllThreads (Deoptimize)
Event: 4.619 Executing VM operation: HandshakeAllThreads (Deoptimize) done
Event: 4.704 Executing VM operation: ICBufferFull
Event: 4.704 Executing VM operation: ICBufferFull done
Event: 4.754 Executing VM operation: HandshakeAllThreads (Deoptimize)
Event: 4.754 Executing VM operation: HandshakeAllThreads (Deoptimize) done
Event: 4.776 Executing VM operation: G1CollectForAllocation (G1 Evacuation Pause)
Event: 4.779 Executing VM operation: G1CollectForAllocation (G1 Evacuation Pause) done
Event: 4.841 Executing VM operation: ICBufferFull
Event: 4.841 Executing VM operation: ICBufferFull done
Event: 4.891 Executing VM operation: G1CollectForAllocation (G1 Evacuation Pause)

Memory protections (0 events):
No events

Nmethod flushes (20 events):
Event: 4.522 Thread 0x000001e95b14b7a0 flushing  nmethod 0x000001e946c7d410
Event: 4.522 Thread 0x000001e95b14b7a0 flushing  nmethod 0x000001e946604610
Event: 4.522 Thread 0x000001e95b14b7a0 flushing  nmethod 0x000001e9466ac290
Event: 4.522 Thread 0x000001e95b14b7a0 flushing  nmethod 0x000001e9466f9210
Event: 4.522 Thread 0x000001e95b14b7a0 flushing  nmethod 0x000001e9466fae10
Event: 4.522 Thread 0x000001e95b14b7a0 flushing  nmethod 0x000001e946743310
Event: 4.522 Thread 0x000001e95b14b7a0 flushing  nmethod 0x000001e946747190
Event: 4.522 Thread 0x000001e95b14b7a0 flushing  nmethod 0x000001e946748090
Event: 4.522 Thread 0x000001e95b14b7a0 flushing  nmethod 0x000001e946748590
Event: 4.522 Thread 0x000001e95b14b7a0 flushing  nmethod 0x000001e9467b1290
Event: 4.522 Thread 0x000001e95b14b7a0 flushing  nmethod 0x000001e946924710
Event: 4.522 Thread 0x000001e95b14b7a0 flushing  nmethod 0x000001e94692ac10
Event: 4.522 Thread 0x000001e95b14b7a0 flushing  nmethod 0x000001e94696dc10
Event: 4.522 Thread 0x000001e95b14b7a0 flushing  nmethod 0x000001e9469d9390
Event: 4.522 Thread 0x000001e95b14b7a0 flushing  nmethod 0x000001e946b39c90
Event: 4.522 Thread 0x000001e95b14b7a0 flushing  nmethod 0x000001e946b7d510
Event: 4.522 Thread 0x000001e95b14b7a0 flushing  nmethod 0x000001e946b7e010
Event: 4.522 Thread 0x000001e95b14b7a0 flushing  nmethod 0x000001e946b81710
Event: 4.522 Thread 0x000001e95b14b7a0 flushing  nmethod 0x000001e946b82590
Event: 4.522 Thread 0x000001e95b14b7a0 flushing  nmethod 0x000001e946beb710

Events (20 events):
Event: 4.811 Thread 0x000001e961319cd0 Thread added: 0x000001e963149aa0
Event: 4.811 Thread 0x000001e961319cd0 Thread added: 0x000001e963145f90
Event: 4.811 Thread 0x000001e961319cd0 Thread added: 0x000001e96314a7c0
Event: 4.811 Thread 0x000001e961319cd0 Thread added: 0x000001e963147340
Event: 4.812 Thread 0x000001e961319cd0 Thread added: 0x000001e96314c200
Event: 4.812 Thread 0x000001e961319cd0 Thread added: 0x000001e96314c890
Event: 4.812 Thread 0x000001e961319cd0 Thread added: 0x000001e96314cf20
Event: 4.812 Thread 0x000001e961319cd0 Thread added: 0x000001e96314d5b0
Event: 4.812 Thread 0x000001e961319cd0 Thread added: 0x000001e963146620
Event: 4.841 Thread 0x000001e961319cd0 Thread added: 0x000001e9631479d0
Event: 4.843 Thread 0x000001e961319cd0 Thread added: 0x000001e9631486f0
Event: 4.844 Thread 0x000001e961319cd0 Thread added: 0x000001e965db8ee0
Event: 4.844 Thread 0x000001e961319cd0 Thread added: 0x000001e965db74a0
Event: 4.845 Thread 0x000001e961319cd0 Thread added: 0x000001e965db9570
Event: 4.846 Thread 0x000001e961319cd0 Thread added: 0x000001e965db9c00
Event: 4.847 Thread 0x000001e961319cd0 Thread added: 0x000001e965dba290
Event: 4.847 Thread 0x000001e961319cd0 Thread added: 0x000001e965db4020
Event: 4.847 Thread 0x000001e961319cd0 Thread added: 0x000001e965db81c0
Event: 4.848 Thread 0x000001e961319cd0 Thread added: 0x000001e965db4d40
Event: 4.848 Thread 0x000001e961319cd0 Thread added: 0x000001e965db7b30


Dynamic libraries:
0x00007ff75b020000 - 0x00007ff75b02a000 	D:\and\jbr\bin\java.exe
0x00007ffbfecd0000 - 0x00007ffbfeec8000 	C:\Windows\SYSTEM32\ntdll.dll
0x00007ffbfeae0000 - 0x00007ffbfeba2000 	C:\Windows\System32\KERNEL32.DLL
0x00007ffbfc800000 - 0x00007ffbfcaf6000 	C:\Windows\System32\KERNELBASE.dll
0x00007ffbfcc00000 - 0x00007ffbfcd00000 	C:\Windows\System32\ucrtbase.dll
0x00007ffbf8e80000 - 0x00007ffbf8e9b000 	D:\and\jbr\bin\VCRUNTIME140.dll
0x00007ffbcae80000 - 0x00007ffbcae98000 	D:\and\jbr\bin\jli.dll
0x00007ffbfd8f0000 - 0x00007ffbfda8d000 	C:\Windows\System32\USER32.dll
0x00007ffbed1d0000 - 0x00007ffbed46a000 	C:\Windows\WinSxS\amd64_microsoft.windows.common-controls_6595b64144ccf1df_6.0.19041.5794_none_60bcd33171f2783c\COMCTL32.dll
0x00007ffbfcb50000 - 0x00007ffbfcb72000 	C:\Windows\System32\win32u.dll
0x00007ffbfe970000 - 0x00007ffbfea0e000 	C:\Windows\System32\msvcrt.dll
0x00007ffbfd3d0000 - 0x00007ffbfd3fb000 	C:\Windows\System32\GDI32.dll
0x00007ffbfc6b0000 - 0x00007ffbfc7ca000 	C:\Windows\System32\gdi32full.dll
0x00007ffbfc610000 - 0x00007ffbfc6ad000 	C:\Windows\System32\msvcp_win.dll
0x00007ffbfec60000 - 0x00007ffbfec8f000 	C:\Windows\System32\IMM32.DLL
0x00007ffbf9990000 - 0x00007ffbf999c000 	D:\and\jbr\bin\vcruntime140_1.dll
0x00007ffbc4c20000 - 0x00007ffbc4cad000 	D:\and\jbr\bin\msvcp140.dll
0x00007ffb8cc30000 - 0x00007ffb8d8ba000 	D:\and\jbr\bin\server\jvm.dll
0x00007ffbfd060000 - 0x00007ffbfd10f000 	C:\Windows\System32\ADVAPI32.dll
0x00007ffbfd330000 - 0x00007ffbfd3cf000 	C:\Windows\System32\sechost.dll
0x00007ffbfd7c0000 - 0x00007ffbfd8e3000 	C:\Windows\System32\RPCRT4.dll
0x00007ffbfc7d0000 - 0x00007ffbfc7f7000 	C:\Windows\System32\bcrypt.dll
0x00007ffbfd1a0000 - 0x00007ffbfd20b000 	C:\Windows\System32\WS2_32.dll
0x00007ffbfbd50000 - 0x00007ffbfbd9b000 	C:\Windows\SYSTEM32\POWRPROF.dll
0x00007ffbf34b0000 - 0x00007ffbf34d7000 	C:\Windows\SYSTEM32\WINMM.dll
0x00007ffbf5910000 - 0x00007ffbf591a000 	C:\Windows\SYSTEM32\VERSION.dll
0x00007ffbfbd30000 - 0x00007ffbfbd42000 	C:\Windows\SYSTEM32\UMPDC.dll
0x00007ffbfa130000 - 0x00007ffbfa142000 	C:\Windows\SYSTEM32\kernel.appcore.dll
0x00007ffbf8e60000 - 0x00007ffbf8e6a000 	D:\and\jbr\bin\jimage.dll
0x00007ffbf2a10000 - 0x00007ffbf2c11000 	C:\Windows\SYSTEM32\DBGHELP.DLL
0x00007ffbe1970000 - 0x00007ffbe19a4000 	C:\Windows\SYSTEM32\dbgcore.DLL
0x00007ffbfc580000 - 0x00007ffbfc602000 	C:\Windows\System32\bcryptPrimitives.dll
0x00007ffbf0120000 - 0x00007ffbf012e000 	D:\and\jbr\bin\instrument.dll
0x00007ffbedf80000 - 0x00007ffbedfa0000 	D:\and\jbr\bin\java.dll
0x00007ffbec5b0000 - 0x00007ffbec5c8000 	D:\and\jbr\bin\zip.dll
0x00007ffbfdf90000 - 0x00007ffbfe6fe000 	C:\Windows\System32\SHELL32.dll
0x00007ffbfa410000 - 0x00007ffbfabb3000 	C:\Windows\SYSTEM32\windows.storage.dll
0x00007ffbfcd00000 - 0x00007ffbfd053000 	C:\Windows\System32\combase.dll
0x00007ffbfbda0000 - 0x00007ffbfbdcb000 	C:\Windows\SYSTEM32\Wldp.dll
0x00007ffbfea10000 - 0x00007ffbfeadd000 	C:\Windows\System32\OLEAUT32.dll
0x00007ffbfebb0000 - 0x00007ffbfec5d000 	C:\Windows\System32\SHCORE.dll
0x00007ffbfe890000 - 0x00007ffbfe8e5000 	C:\Windows\System32\shlwapi.dll
0x00007ffbfc2a0000 - 0x00007ffbfc2c5000 	C:\Windows\SYSTEM32\profapi.dll
0x00007ffbf69f0000 - 0x00007ffbf6a00000 	D:\and\jbr\bin\net.dll
0x00007ffbf5c80000 - 0x00007ffbf5d8a000 	C:\Windows\SYSTEM32\WINHTTP.dll
0x00007ffbfba30000 - 0x00007ffbfba9c000 	C:\Windows\system32\mswsock.dll
0x00007ffbe2360000 - 0x00007ffbe2376000 	D:\and\jbr\bin\nio.dll
0x00007ffbdc450000 - 0x00007ffbdc460000 	D:\and\jbr\bin\verify.dll
0x00007ffbc6d10000 - 0x00007ffbc6d37000 	C:\Users\ilya9\.gradle\native\1def1411415f61bf3af743bc5b6707747c0891f09f0c88961ee8f79bc544acac\windows-amd64\native-platform.dll
0x00007ffbc4cb0000 - 0x00007ffbc4d28000 	C:\Users\ilya9\.gradle\native\0.2.7\x86_64-windows-gnu\gradle-fileevents.dll
0x00007ffbe2350000 - 0x00007ffbe2359000 	D:\and\jbr\bin\management.dll
0x00007ffbe2340000 - 0x00007ffbe234b000 	D:\and\jbr\bin\management_ext.dll
0x00007ffbfda90000 - 0x00007ffbfda98000 	C:\Windows\System32\PSAPI.DLL
0x00007ffbfb710000 - 0x00007ffbfb74b000 	C:\Windows\SYSTEM32\IPHLPAPI.DLL
0x00007ffbfdf80000 - 0x00007ffbfdf88000 	C:\Windows\System32\NSI.dll
0x00007ffbe2d70000 - 0x00007ffbe2d79000 	D:\and\jbr\bin\extnet.dll
0x00007ffbfbc90000 - 0x00007ffbfbca8000 	C:\Windows\SYSTEM32\CRYPTSP.dll
0x00007ffbfb350000 - 0x00007ffbfb388000 	C:\Windows\system32\rsaenh.dll
0x00007ffbfc260000 - 0x00007ffbfc28e000 	C:\Windows\SYSTEM32\USERENV.dll
0x00007ffbfbc80000 - 0x00007ffbfbc8c000 	C:\Windows\SYSTEM32\CRYPTBASE.dll
0x00007ffbdca90000 - 0x00007ffbdca97000 	C:\Windows\system32\wshunix.dll

dbghelp: loaded successfully - version: 4.0.5 - missing functions: none
symbol engine: initialized successfully - sym options: 0x614 - pdb path: .;D:\and\jbr\bin;C:\Windows\SYSTEM32;C:\Windows\WinSxS\amd64_microsoft.windows.common-controls_6595b64144ccf1df_6.0.19041.5794_none_60bcd33171f2783c;D:\and\jbr\bin\server;C:\Users\ilya9\.gradle\native\1def1411415f61bf3af743bc5b6707747c0891f09f0c88961ee8f79bc544acac\windows-amd64;C:\Users\ilya9\.gradle\native\0.2.7\x86_64-windows-gnu

VM Arguments:
jvm_args: --add-opens=java.base/java.lang=ALL-UNNAMED --add-opens=java.base/java.lang.invoke=ALL-UNNAMED --add-opens=java.base/java.util=ALL-UNNAMED --add-opens=java.prefs/java.util.prefs=ALL-UNNAMED --add-exports=jdk.compiler/com.sun.tools.javac.api=ALL-UNNAMED --add-exports=jdk.compiler/com.sun.tools.javac.util=ALL-UNNAMED --add-opens=java.base/java.util=ALL-UNNAMED --add-opens=java.prefs/java.util.prefs=ALL-UNNAMED --add-opens=java.base/java.nio.charset=ALL-UNNAMED --add-opens=java.base/java.net=ALL-UNNAMED --add-opens=java.base/java.util.concurrent.atomic=ALL-UNNAMED --add-opens=java.xml/javax.xml.namespace=ALL-UNNAMED -Xmx2048m -Dfile.encoding=UTF-8 -Duser.country=RU -Duser.language=ru -Duser.variant -javaagent:C:\Users\ilya9\.gradle\wrapper\dists\gradle-8.13-bin\5xuhj0ry160q40clulazy9h7d\gradle-8.13\lib\agents\gradle-instrumentation-agent-8.13.jar 
java_command: org.gradle.launcher.daemon.bootstrap.GradleDaemon 8.13
java_class_path (initial): C:\Users\ilya9\.gradle\wrapper\dists\gradle-8.13-bin\5xuhj0ry160q40clulazy9h7d\gradle-8.13\lib\gradle-daemon-main-8.13.jar
Launcher Type: SUN_STANDARD

[Global flags]
     intx CICompilerCount                          = 4                                         {product} {ergonomic}
     uint ConcGCThreads                            = 3                                         {product} {ergonomic}
     uint G1ConcRefinementThreads                  = 10                                        {product} {ergonomic}
   size_t G1HeapRegionSize                         = 1048576                                   {product} {ergonomic}
    uintx GCDrainStackTargetSize                   = 64                                        {product} {ergonomic}
   size_t InitialHeapSize                          = 268435456                                 {product} {ergonomic}
   size_t MarkStackSize                            = 4194304                                   {product} {ergonomic}
   size_t MaxHeapSize                              = 2147483648                                {product} {command line}
   size_t MaxNewSize                               = 1287651328                                {product} {ergonomic}
   size_t MinHeapDeltaBytes                        = 1048576                                   {product} {ergonomic}
   size_t MinHeapSize                              = 8388608                                   {product} {ergonomic}
    uintx NonNMethodCodeHeapSize                   = 5839372                                {pd product} {ergonomic}
    uintx NonProfiledCodeHeapSize                  = 122909434                              {pd product} {ergonomic}
    uintx ProfiledCodeHeapSize                     = 122909434                              {pd product} {ergonomic}
    uintx ReservedCodeCacheSize                    = 251658240                              {pd product} {ergonomic}
     bool SegmentedCodeCache                       = true                                      {product} {ergonomic}
   size_t SoftMaxHeapSize                          = 2147483648                             {manageable} {ergonomic}
     bool UseCompressedOops                        = true                           {product lp64_product} {ergonomic}
     bool UseG1GC                                  = true                                      {product} {ergonomic}
     bool UseLargePagesIndividualAllocation        = false                                  {pd product} {ergonomic}

Logging:
Log output configuration:
 #0: stdout all=warning uptime,level,tags foldmultilines=false
 #1: stderr all=off uptime,level,tags foldmultilines=false

Environment Variables:
JAVA_HOME=D:\openjdk-22.0.2_windows-x64_bin\jdk-22.0.2
PATH=C:\Windows\system32;C:\Windows;C:\Windows\System32\Wbem;C:\Windows\System32\WindowsPowerShell\v1.0\;C:\Windows\System32\OpenSSH\;C:\Program Files\Git\cmd;C:\Program Files\AmneziaWG\;C:\Program Files\NVIDIA Corporation\NVIDIA app\NvDLISR;C:\Program Files (x86)\NVIDIA Corporation\PhysX\Common;C:\Program Files\dotnet\;C:\Users\ilya9\AppData\Local\Microsoft\WindowsApps;
USERNAME=ilya9
OS=Windows_NT
PROCESSOR_IDENTIFIER=AMD64 Family 25 Model 33 Stepping 2, AuthenticAMD
TMP=C:\Users\ilya9\AppData\Local\Temp
TEMP=C:\Users\ilya9\AppData\Local\Temp




Periodic native trim disabled

JNI global refs:
JNI global refs: 29, weak refs: 6

JNI global refs memory usage: 835, weak refs: 833

Process memory usage:
Resident Set Size: 364864K (2% of 16698972K total physical memory with 1098148K free physical memory)

OOME stack traces (most recent first):
Classloader memory used:
Loader org.gradle.internal.classloader.VisitableURLClassLoader                         : 32370K
Loader bootstrap                                                                       : 23154K
Loader org.gradle.initialization.MixInLegacyTypesClassLoader                           : 10364K
Loader org.gradle.internal.classloader.VisitableURLClassLoader                         : 818K
Loader org.gradle.internal.classloader.VisitableURLClassLoader$InstrumentingVisitableURLClassLoader: 727K
Loader jdk.internal.loader.ClassLoaders$PlatformClassLoader                            : 529K
Loader jdk.internal.loader.ClassLoaders$AppClassLoader                                 : 235K
Loader jdk.internal.reflect.DelegatingClassLoader                                      : 211K
Loader org.gradle.groovy.scripts.internal.DefaultScriptCompilationHandler$ScriptClassLoader: 163K
Loader org.codehaus.groovy.runtime.callsite.CallSiteClassLoader                        : 67280B

Classes loaded by more than one classloader:
Class org.gradle.api.GradleException                                                  : loaded 3 times (x 78B)
Class org.gradle.internal.classloader.FilteringClassLoader                            : loaded 2 times (x 101B)
Class org.gradle.internal.classloader.ClassLoaderHierarchy                            : loaded 2 times (x 66B)
Class org.gradle.api.internal.classpath.ManifestUtil                                  : loaded 2 times (x 67B)
Class org.jetbrains.plugins.gradle.model.GradleExtensions                             : loaded 2 times (x 66B)
Class org.jetbrains.plugins.gradle.model.AnnotationProcessingModel                    : loaded 2 times (x 66B)
Class org.gradle.internal.operations.MultipleBuildOperationFailures                   : loaded 2 times (x 91B)
Class settings_4ox0fqp30f79fn21rxie4w3h7                                              : loaded 2 times (x 175B)
Class org.jetbrains.kotlin.idea.gradleTooling.model.noarg.NoArgModel                  : loaded 2 times (x 66B)
Class org.gradle.internal.classloader.DefaultClassLoaderFactory                       : loaded 2 times (x 78B)
Class kotlin.collections.AbstractList$Companion                                       : loaded 2 times (x 67B)
Class org.gradle.internal.classloader.ClassLoaderVisitor                              : loaded 2 times (x 72B)
Class org.gradle.api.internal.classpath.EffectiveClassPath                            : loaded 2 times (x 86B)
Class org.gradle.tooling.internal.gradle.DefaultProjectIdentifier                     : loaded 2 times (x 82B)
Class org.jetbrains.kotlin.idea.gradleTooling.model.allopen.AllOpenModel              : loaded 2 times (x 66B)
Class org.gradle.api.internal.DefaultClassPathProvider                                : loaded 2 times (x 72B)
Class [Lorg.gradle.api.internal.ClassPathProvider;                                    : loaded 2 times (x 65B)
Class org.gradle.api.internal.ClassPathProvider                                       : loaded 2 times (x 66B)
Class org.gradle.internal.service.UnknownServiceException                             : loaded 2 times (x 79B)
Class org.jetbrains.kotlin.idea.gradleTooling.KotlinDslScriptAdditionalTask           : loaded 2 times (x 66B)
Class org.gradle.internal.classpath.TransformedClassPath                              : loaded 2 times (x 92B)
Class org.gradle.internal.classloader.InstrumentingClassLoader                        : loaded 2 times (x 66B)
Class kotlin.enums.EnumEntriesList                                                    : loaded 2 times (x 219B)
Class settings_4ox0fqp30f79fn21rxie4w3h7$_run_closure1                                : loaded 2 times (x 135B)
Class org.jetbrains.kotlin.idea.gradleTooling.KotlinSourceSetContainer                : loaded 2 times (x 66B)
Class org.jetbrains.plugins.gradle.model.IntelliJSettings                             : loaded 2 times (x 66B)
Class org.gradle.internal.service.ServiceLocator                                      : loaded 2 times (x 66B)
Class org.jetbrains.kotlin.android.synthetic.idea.AndroidExtensionsGradleModel        : loaded 2 times (x 66B)
Class org.gradle.tooling.model.UnsupportedMethodException                             : loaded 2 times (x 78B)
Class org.gradle.internal.InternalTransformer                                         : loaded 2 times (x 66B)
Class org.gradle.internal.time.DefaultTimer                                           : loaded 2 times (x 76B)
Class org.gradle.internal.classloader.ClasspathUtil$1                                 : loaded 2 times (x 72B)
Class org.gradle.api.internal.classpath.DefaultModuleRegistry$DefaultModule           : loaded 2 times (x 82B)
Class org.jetbrains.kotlin.idea.gradleTooling.model.lombok.LombokModel                : loaded 2 times (x 66B)
Class org.gradle.internal.time.DefaultCountdownTimer                                  : loaded 2 times (x 84B)
Class org.gradle.tooling.internal.gradle.DefaultBuildIdentifier                       : loaded 2 times (x 75B)
Class kotlin.Function                                                                 : loaded 2 times (x 66B)
Class org.gradle.api.internal.classpath.Module                                        : loaded 2 times (x 66B)
Class org.gradle.api.internal.classpath.UnknownModuleException                        : loaded 2 times (x 78B)
Class com.intellij.openapi.externalSystem.model.project.dependencies.ProjectDependencies: loaded 2 times (x 66B)
Class org.gradle.tooling.internal.gradle.GradleProjectIdentity                        : loaded 2 times (x 66B)
Class org.gradle.api.internal.DefaultClassPathRegistry                                : loaded 2 times (x 72B)
Class org.gradle.api.internal.ClassPathRegistry                                       : loaded 2 times (x 66B)
Class org.gradle.internal.classpath.DefaultClassPath$ImmutableUniqueList              : loaded 2 times (x 195B)
Class org.gradle.internal.classpath.ClassPath                                         : loaded 2 times (x 66B)
Class org.gradle.api.UncheckedIOException                                             : loaded 2 times (x 78B)
Class org.jetbrains.kotlin.idea.gradleTooling.KotlinGradleModel                       : loaded 2 times (x 66B)
Class org.gradle.tooling.model.Model                                                  : loaded 2 times (x 66B)
Class kotlin.UninitializedPropertyAccessException                                     : loaded 2 times (x 78B)
Class org.jetbrains.kotlin.idea.gradleTooling.model.annotation.AnnotationBasedPluginModel: loaded 2 times (x 66B)
Class org.jetbrains.plugins.gradle.model.IntelliJProjectSettings                      : loaded 2 times (x 66B)
Class org.gradle.internal.installation.GradleInstallation$1                           : loaded 2 times (x 71B)
Class org.gradle.api.internal.classpath.ModuleRegistry                                : loaded 2 times (x 66B)
Class org.jetbrains.plugins.gradle.model.VersionCatalogsModel                         : loaded 2 times (x 66B)
Class org.gradle.api.internal.classpath.DefaultModuleRegistry                         : loaded 2 times (x 82B)
Class settings_4ox0fqp30f79fn21rxie4w3h7$_run_closure1$_closure2                      : loaded 2 times (x 135B)
Class org.gradle.internal.time.MonotonicClock                                         : loaded 2 times (x 73B)
Class org.gradle.internal.service.ServiceLookupException                              : loaded 2 times (x 78B)
Class org.gradle.internal.classloader.ClassLoaderFactory                              : loaded 2 times (x 66B)
Class org.gradle.internal.service.CachingServiceLocator                               : loaded 2 times (x 78B)
Class org.jetbrains.plugins.gradle.model.RepositoryModels                             : loaded 2 times (x 66B)
Class sync_studio_tooling1_a29ja8xlz7st5an5qjd9qiacu                                  : loaded 2 times (x 175B)
Class org.gradle.internal.time.TimeSource                                             : loaded 2 times (x 66B)
Class org.gradle.tooling.internal.gradle.GradleBuildIdentity                          : loaded 2 times (x 66B)
Class kotlin.enums.EnumEntries                                                        : loaded 2 times (x 66B)
Class org.gradle.internal.exceptions.ResolutionProvider                               : loaded 2 times (x 66B)
Class org.gradle.tooling.model.ProjectIdentifier                                      : loaded 2 times (x 66B)
Class org.gradle.internal.classloader.ClasspathUtil                                   : loaded 2 times (x 67B)
Class ijInit1_e166kydxj8es62d9qikoez4iz                                               : loaded 2 times (x 175B)
Class org.gradle.internal.time.TimeSource$1                                           : loaded 2 times (x 73B)
Class kotlin.jvm.internal.DefaultConstructorMarker                                    : loaded 2 times (x 67B)
Class org.gradle.api.specs.Spec                                                       : loaded 2 times (x 66B)
Class org.gradle.internal.time.Clock                                                  : loaded 2 times (x 66B)
Class kotlin.collections.AbstractList                                                 : loaded 2 times (x 193B)
Class kotlin.collections.AbstractCollection                                           : loaded 2 times (x 113B)
Class org.gradle.internal.classloader.VisitableURLClassLoader$InstrumentingVisitableURLClassLoader: loaded 2 times (x 119B)
Class org.gradle.internal.classloader.VisitableURLClassLoader$Spec                    : loaded 2 times (x 70B)
Class org.gradle.internal.classpath.DefaultClassPath                                  : loaded 2 times (x 86B)
Class org.gradle.internal.classloader.ClassLoaderSpec                                 : loaded 2 times (x 67B)
Class kotlin.Unit                                                                     : loaded 2 times (x 67B)
Class org.gradle.internal.classloader.VisitableURLClassLoader                         : loaded 2 times (x 113B)
Class org.gradle.internal.Cast                                                        : loaded 2 times (x 67B)
Class org.gradle.api.Action                                                           : loaded 2 times (x 66B)
Class kotlin.jvm.functions.Function1                                                  : loaded 2 times (x 66B)
Class org.gradle.internal.classpath.DefaultClassPath$ImmutableUniqueList$Builder      : loaded 2 times (x 71B)
Class org.jetbrains.kotlin.idea.gradleTooling.model.samWithReceiver.SamWithReceiverModel: loaded 2 times (x 66B)
Class kotlin.NotImplementedError                                                      : loaded 2 times (x 78B)
Class org.gradle.internal.exceptions.NonGradleCauseExceptionsHolder                   : loaded 2 times (x 66B)
Class org.jetbrains.plugins.gradle.tooling.ModelBuilderService$Parameter              : loaded 2 times (x 66B)
Class org.jetbrains.kotlin.idea.gradleTooling.model.assignment.AssignmentModel        : loaded 2 times (x 66B)
Class kotlin.enums.EnumEntriesKt                                                      : loaded 2 times (x 67B)
Class org.gradle.internal.IoActions                                                   : loaded 2 times (x 67B)
Class org.gradle.internal.classloader.SystemClassLoaderSpec                           : loaded 2 times (x 67B)
Class org.gradle.internal.exceptions.MultiCauseException                              : loaded 2 times (x 66B)
Class org.gradle.internal.time.CountdownTimer                                         : loaded 2 times (x 66B)
Class kotlin.jvm.internal.Intrinsics                                                  : loaded 2 times (x 67B)
Class org.jetbrains.kotlin.idea.gradleTooling.model.parcelize.ParcelizeGradleModel    : loaded 2 times (x 66B)
Class org.gradle.tooling.model.ProjectModel                                           : loaded 2 times (x 66B)
Class kotlin.KotlinNullPointerException                                               : loaded 2 times (x 79B)
Class org.jetbrains.plugins.gradle.model.tests.ExternalTestsModel                     : loaded 2 times (x 66B)
Class org.gradle.internal.exceptions.DefaultMultiCauseException                       : loaded 2 times (x 91B)
Class org.gradle.internal.time.Time                                                   : loaded 2 times (x 67B)
Class org.jetbrains.plugins.gradle.model.DependencyAccessorsModel                     : loaded 2 times (x 66B)
Class org.gradle.api.internal.classpath.GlobalCacheRootsProvider                      : loaded 2 times (x 66B)
Class org.jetbrains.kotlin.idea.gradleTooling.KotlinMPPGradleModel                    : loaded 2 times (x 66B)
Class org.gradle.tooling.model.BuildIdentifier                                        : loaded 2 times (x 66B)
Class org.jetbrains.kotlin.idea.gradleTooling.PrepareKotlinIdeImportTaskModel         : loaded 2 times (x 66B)
Class org.gradle.internal.time.Timer                                                  : loaded 2 times (x 66B)
Class kotlin.jvm.internal.markers.KMappedMarker                                       : loaded 2 times (x 66B)
Class org.gradle.internal.installation.CurrentGradleInstallationLocator               : loaded 2 times (x 67B)
Class org.gradle.internal.service.DefaultServiceLocator                               : loaded 2 times (x 79B)
Class org.gradle.util.GradleVersion                                                   : loaded 2 times (x 79B)
Class org.gradle.internal.installation.CurrentGradleInstallation                      : loaded 2 times (x 69B)
Class org.jetbrains.plugins.gradle.javaModel.JavaGradleManifestModel                  : loaded 2 times (x 66B)
Class org.gradle.util.internal.GUtil                                                  : loaded 2 times (x 67B)
Class org.gradle.internal.installation.GradleInstallation                             : loaded 2 times (x 71B)

---------------  S Y S T E M  ---------------

OS:
 Windows 10 , 64 bit Build 19041 (10.0.19041.5794)
OS uptime: 5 days 22:10 hours

CPU: total 12 (initial active 12) (12 cores per cpu, 2 threads per core) family 25 model 33 stepping 2 microcode 0x0, cx8, cmov, fxsr, ht, mmx, 3dnowpref, sse, sse2, sse3, ssse3, sse4a, sse4.1, sse4.2, popcnt, lzcnt, tsc, tscinvbit, avx, avx2, aes, clmul, bmi1, bmi2, adx, sha, fma, vzeroupper, clflush, clflushopt, rdtscp, rdpid, f16c, pku, cet_ss
Processor Information for all 12 processors :
  Max Mhz: 3701, Current Mhz: 3701, Mhz Limit: 3701

Memory: 4k page, system-wide physical 16307M (1072M free)
TotalPageFile size 30542M (AvailPageFile size 28M)
current process WorkingSet (physical memory assigned to process): 356M, peak: 356M
current process commit charge ("private bytes"): 395M, peak: 423M

vm_info: OpenJDK 64-Bit Server VM (21.0.5+-13047016-b750.29) for windows-amd64 JRE (21.0.5+-13047016-b750.29), built on 2025-02-11T21:12:39Z by "builder" with MS VC++ 16.10 / 16.11 (VS2019)

END.
