#
# There is insufficient memory for the Java Runtime Environment to continue.
# Native memory allocation (mmap) failed to map 65536 bytes. Error detail: Failed to commit metaspace.
# Possible reasons:
#   The system is out of physical RAM or swap space
#   This process is running with CompressedOops enabled, and the Java Heap may be blocking the growth of the native heap
# Possible solutions:
#   Reduce memory load on the system
#   Increase physical memory or swap space
#   Check if swap backing store is full
#   Decrease Java heap size (-Xmx/-Xms)
#   Decrease number of Java threads
#   Decrease Java thread stack sizes (-Xss)
#   Set larger code cache with -XX:ReservedCodeCacheSize=
#   JVM is running with Unscaled Compressed Oops mode in which the Java heap is
#     placed in the first 4GB address space. The Java Heap base address is the
#     maximum limit for the native heap growth. Please use -XX:HeapBaseMinAddress
#     to set the Java Heap base and to place the Java Heap above 4GB virtual address.
# This output file may be truncated or incomplete.
#
#  Out of Memory Error (virtualSpaceNode.cpp:113), pid=21480, tid=6464
#
# JRE version: OpenJDK Runtime Environment (21.0.5) (build 21.0.5+-13047016-b750.29)
# Java VM: OpenJDK 64-Bit Server VM (21.0.5+-13047016-b750.29, mixed mode, tiered, compressed oops, compressed class ptrs, g1 gc, windows-amd64)
# No core dump will be written. Minidumps are not enabled by default on client versions of Windows
#

---------------  S U M M A R Y ------------

Command Line: --add-opens=java.base/java.lang=ALL-UNNAMED --add-opens=java.base/java.lang.invoke=ALL-UNNAMED --add-opens=java.base/java.util=ALL-UNNAMED --add-opens=java.prefs/java.util.prefs=ALL-UNNAMED --add-exports=jdk.compiler/com.sun.tools.javac.api=ALL-UNNAMED --add-exports=jdk.compiler/com.sun.tools.javac.util=ALL-UNNAMED --add-opens=java.base/java.util=ALL-UNNAMED --add-opens=java.prefs/java.util.prefs=ALL-UNNAMED --add-opens=java.base/java.nio.charset=ALL-UNNAMED --add-opens=java.base/java.net=ALL-UNNAMED --add-opens=java.base/java.util.concurrent.atomic=ALL-UNNAMED --add-opens=java.xml/javax.xml.namespace=ALL-UNNAMED -Xmx2048m -Dfile.encoding=UTF-8 -Duser.country=RU -Duser.language=ru -Duser.variant -javaagent:C:\Users\ilya9\.gradle\wrapper\dists\gradle-8.13-bin\5xuhj0ry160q40clulazy9h7d\gradle-8.13\lib\agents\gradle-instrumentation-agent-8.13.jar org.gradle.launcher.daemon.bootstrap.GradleDaemon 8.13

Host: AMD Ryzen 5 5600X 6-Core Processor             , 12 cores, 15G,  Windows 10 , 64 bit Build 19041 (10.0.19041.5794)
Time: Tue Jun 10 13:19:54 2025 RTZ 2 (s 10 , 64 bit Build 19041 (10.0.19041.5794) elapsed time: 4.056320 seconds (0d 0h 0m 4s)

---------------  T H R E A D  ---------------

Current thread (0x000001ec003075c0):  JavaThread "C1 CompilerThread0" daemon [_thread_in_vm, id=6464, stack(0x000000b78f400000,0x000000b78f500000) (1024K)]


Current CompileTask:
C1:4056 6552       3       org.gradle.api.internal.attributes.DefaultAttributesFactory::concat (46 bytes)

Stack: [0x000000b78f400000,0x000000b78f500000]
Native frames: (J=compiled Java code, j=interpreted, Vv=VM code, C=native code)
V  [jvm.dll+0x6cfb29]
V  [jvm.dll+0x85df93]
V  [jvm.dll+0x8604ee]
V  [jvm.dll+0x860bd3]
V  [jvm.dll+0x27e6b6]
V  [jvm.dll+0x858e6e]
V  [jvm.dll+0x673d95]
V  [jvm.dll+0x1e3111]
V  [jvm.dll+0x1e2ede]
V  [jvm.dll+0x6766e8]
V  [jvm.dll+0x676522]
V  [jvm.dll+0x67478e]
V  [jvm.dll+0x685b0a]
V  [jvm.dll+0x67ea92]
V  [jvm.dll+0x1f0e50]
V  [jvm.dll+0x1f1038]
V  [jvm.dll+0x162d16]
V  [jvm.dll+0x162b66]
V  [jvm.dll+0x15a109]
V  [jvm.dll+0x15c6a1]
V  [jvm.dll+0x15a9a4]
V  [jvm.dll+0x1544b0]
V  [jvm.dll+0x1648b6]
V  [jvm.dll+0x14f8a0]
V  [jvm.dll+0x14fc23]
V  [jvm.dll+0x14fee6]
V  [jvm.dll+0x14f25f]
V  [jvm.dll+0x151081]
V  [jvm.dll+0x25697c]
V  [jvm.dll+0x254ec6]
V  [jvm.dll+0x3f0ce6]
V  [jvm.dll+0x806368]
V  [jvm.dll+0x6ce3fd]
C  [ucrtbase.dll+0x21bb2]
C  [KERNEL32.DLL+0x17374]
C  [ntdll.dll+0x4cc91]


---------------  P R O C E S S  ---------------

Threads class SMR info:
_java_thread_list=0x000001ec0b626410, length=68, elements={
0x000001ec6855f7e0, 0x000001ec002f3720, 0x000001ec002f7190, 0x000001ec00300eb0,
0x000001ec00301900, 0x000001ec002e0e00, 0x000001ec002dc0f0, 0x000001ec00306730,
0x000001ec003075c0, 0x000001ec0042bd20, 0x000001ec00734400, 0x000001ec00859700,
0x000001ec008e1d50, 0x000001ec0611f3e0, 0x000001ec06218640, 0x000001ec0629a470,
0x000001ec0629e320, 0x000001ec0629e980, 0x000001ec06275050, 0x000001ec062756b0,
0x000001ec061dac30, 0x000001ec061dbfe0, 0x000001ec061d9880, 0x000001ec061da5a0,
0x000001ec061d9f10, 0x000001ec061db2c0, 0x000001ec061dcd00, 0x000001ec061db950,
0x000001ec077067e0, 0x000001ec0770bd30, 0x000001ec07707b90, 0x000001ec07704da0,
0x000001ec07708220, 0x000001ec07708f40, 0x000001ec07706e70, 0x000001ec07707500,
0x000001ec077088b0, 0x000001ec0770b010, 0x000001ec07705430, 0x000001ec0770a2f0,
0x000001ec07709c60, 0x000001ec0770c3c0, 0x000001ec077095d0, 0x000001ec0770b6a0,
0x000001ec07fe03c0, 0x000001ec07fde2f0, 0x000001ec07fdb500, 0x000001ec07fe1e00,
0x000001ec07fde980, 0x000001ec07fdf010, 0x000001ec07fe0a50, 0x000001ec07fdf6a0,
0x000001ec07fdc220, 0x000001ec07fdfd30, 0x000001ec07fdae70, 0x000001ec07fe10e0,
0x000001ec07fe2490, 0x000001ec07fddc60, 0x000001ec07fdbb90, 0x000001ec07fdc8b0,
0x000001ec07fdcf40, 0x000001ec07fdd5d0, 0x000001ec0b1d6b90, 0x000001ec0b1d3710,
0x000001ec0b1d5150, 0x000001ec0b1d3da0, 0x000001ec0b1d7220, 0x000001ec0b1d4ac0
}

Java Threads: ( => current thread )
  0x000001ec6855f7e0 JavaThread "main"                              [_thread_blocked, id=2864, stack(0x000000b78e500000,0x000000b78e600000) (1024K)]
  0x000001ec002f3720 JavaThread "Reference Handler"          daemon [_thread_blocked, id=16716, stack(0x000000b78ed00000,0x000000b78ee00000) (1024K)]
  0x000001ec002f7190 JavaThread "Finalizer"                  daemon [_thread_blocked, id=11336, stack(0x000000b78ee00000,0x000000b78ef00000) (1024K)]
  0x000001ec00300eb0 JavaThread "Signal Dispatcher"          daemon [_thread_blocked, id=22576, stack(0x000000b78ef00000,0x000000b78f000000) (1024K)]
  0x000001ec00301900 JavaThread "Attach Listener"            daemon [_thread_blocked, id=1612, stack(0x000000b78f000000,0x000000b78f100000) (1024K)]
  0x000001ec002e0e00 JavaThread "Service Thread"             daemon [_thread_blocked, id=14292, stack(0x000000b78f100000,0x000000b78f200000) (1024K)]
  0x000001ec002dc0f0 JavaThread "Monitor Deflation Thread"   daemon [_thread_blocked, id=2020, stack(0x000000b78f200000,0x000000b78f300000) (1024K)]
  0x000001ec00306730 JavaThread "C2 CompilerThread0"         daemon [_thread_in_native, id=6004, stack(0x000000b78f300000,0x000000b78f400000) (1024K)]
=>0x000001ec003075c0 JavaThread "C1 CompilerThread0"         daemon [_thread_in_vm, id=6464, stack(0x000000b78f400000,0x000000b78f500000) (1024K)]
  0x000001ec0042bd20 JavaThread "Common-Cleaner"             daemon [_thread_blocked, id=11968, stack(0x000000b78f500000,0x000000b78f600000) (1024K)]
  0x000001ec00734400 JavaThread "Notification Thread"        daemon [_thread_blocked, id=9380, stack(0x000000b78f600000,0x000000b78f700000) (1024K)]
  0x000001ec00859700 JavaThread "C2 CompilerThread1"         daemon [_thread_in_native, id=5104, stack(0x000000b78f700000,0x000000b78f800000) (1024K)]
  0x000001ec008e1d50 JavaThread "C2 CompilerThread2"         daemon [_thread_in_native, id=12780, stack(0x000000b78f800000,0x000000b78f900000) (1024K)]
  0x000001ec0611f3e0 JavaThread "Daemon health stats"               [_thread_blocked, id=9992, stack(0x000000b78fe00000,0x000000b78ff00000) (1024K)]
  0x000001ec06218640 JavaThread "Incoming local TCP Connector on port 57201"        [_thread_in_native, id=15404, stack(0x000000b790200000,0x000000b790300000) (1024K)]
  0x000001ec0629a470 JavaThread "Daemon periodic checks"            [_thread_blocked, id=20632, stack(0x000000b790300000,0x000000b790400000) (1024K)]
  0x000001ec0629e320 JavaThread "Daemon"                            [_thread_blocked, id=4524, stack(0x000000b790400000,0x000000b790500000) (1024K)]
  0x000001ec0629e980 JavaThread "Handler for socket connection from /127.0.0.1:57201 to /127.0.0.1:57202"        [_thread_in_native, id=13752, stack(0x000000b790500000,0x000000b790600000) (1024K)]
  0x000001ec06275050 JavaThread "Cancel handler"                    [_thread_blocked, id=20128, stack(0x000000b790600000,0x000000b790700000) (1024K)]
  0x000001ec062756b0 JavaThread "Daemon worker"                     [_thread_in_vm, id=24904, stack(0x000000b790700000,0x000000b790800000) (1024K)]
  0x000001ec061dac30 JavaThread "Asynchronous log dispatcher for DefaultDaemonConnection: socket connection from /127.0.0.1:57201 to /127.0.0.1:57202"        [_thread_blocked, id=18836, stack(0x000000b790800000,0x000000b790900000) (1024K)]
  0x000001ec061dbfe0 JavaThread "Stdin handler"                     [_thread_blocked, id=16348, stack(0x000000b790900000,0x000000b790a00000) (1024K)]
  0x000001ec061d9880 JavaThread "Daemon client event forwarder"        [_thread_blocked, id=27528, stack(0x000000b790a00000,0x000000b790b00000) (1024K)]
  0x000001ec061da5a0 JavaThread "Cache worker for journal cache (C:\Users\ilya9\.gradle\caches\journal-1)"        [_thread_blocked, id=9448, stack(0x000000b790e00000,0x000000b790f00000) (1024K)]
  0x000001ec061d9f10 JavaThread "File lock request listener"        [_thread_in_native, id=13020, stack(0x000000b790f00000,0x000000b791000000) (1024K)]
  0x000001ec061db2c0 JavaThread "Cache worker for file hash cache (C:\Users\ilya9\.gradle\caches\8.13\fileHashes)"        [_thread_blocked, id=20132, stack(0x000000b791000000,0x000000b791100000) (1024K)]
  0x000001ec061dcd00 JavaThread "Cache worker for file hash cache (D:\AndroidStudioProjects\mainscope\.gradle\8.13\fileHashes)"        [_thread_blocked, id=15548, stack(0x000000b791100000,0x000000b791200000) (1024K)]
  0x000001ec061db950 JavaThread "Cache worker for Build Output Cleanup Cache (D:\AndroidStudioProjects\mainscope\.gradle\buildOutputCleanup)"        [_thread_blocked, id=26808, stack(0x000000b791200000,0x000000b791300000) (1024K)]
  0x000001ec077067e0 JavaThread "File watcher server"        daemon [_thread_in_native, id=11316, stack(0x000000b791300000,0x000000b791400000) (1024K)]
  0x000001ec0770bd30 JavaThread "File watcher consumer"      daemon [_thread_blocked, id=3752, stack(0x000000b791400000,0x000000b791500000) (1024K)]
  0x000001ec07707b90 JavaThread "jar transforms"                    [_thread_blocked, id=28524, stack(0x000000b791500000,0x000000b791600000) (1024K)]
  0x000001ec07704da0 JavaThread "jar transforms Thread 2"           [_thread_blocked, id=17748, stack(0x000000b791600000,0x000000b791700000) (1024K)]
  0x000001ec07708220 JavaThread "jar transforms Thread 3"           [_thread_blocked, id=12004, stack(0x000000b791700000,0x000000b791800000) (1024K)]
  0x000001ec07708f40 JavaThread "jar transforms Thread 4"           [_thread_blocked, id=13936, stack(0x000000b791800000,0x000000b791900000) (1024K)]
  0x000001ec07706e70 JavaThread "jar transforms Thread 5"           [_thread_blocked, id=13860, stack(0x000000b791900000,0x000000b791a00000) (1024K)]
  0x000001ec07707500 JavaThread "jar transforms Thread 6"           [_thread_blocked, id=24924, stack(0x000000b791a00000,0x000000b791b00000) (1024K)]
  0x000001ec077088b0 JavaThread "jar transforms Thread 7"           [_thread_blocked, id=11088, stack(0x000000b791b00000,0x000000b791c00000) (1024K)]
  0x000001ec0770b010 JavaThread "jar transforms Thread 8"           [_thread_blocked, id=18792, stack(0x000000b791c00000,0x000000b791d00000) (1024K)]
  0x000001ec07705430 JavaThread "jar transforms Thread 9"           [_thread_blocked, id=15972, stack(0x000000b791d00000,0x000000b791e00000) (1024K)]
  0x000001ec0770a2f0 JavaThread "jar transforms Thread 10"          [_thread_blocked, id=21612, stack(0x000000b791e00000,0x000000b791f00000) (1024K)]
  0x000001ec07709c60 JavaThread "jar transforms Thread 11"          [_thread_blocked, id=16864, stack(0x000000b791f00000,0x000000b792000000) (1024K)]
  0x000001ec0770c3c0 JavaThread "jar transforms Thread 12"          [_thread_blocked, id=19296, stack(0x000000b792000000,0x000000b792100000) (1024K)]
  0x000001ec077095d0 JavaThread "Cache worker for checksums cache (D:\AndroidStudioProjects\mainscope\.gradle\8.13\checksums)"        [_thread_blocked, id=7344, stack(0x000000b792100000,0x000000b792200000) (1024K)]
  0x000001ec0770b6a0 JavaThread "Cache worker for file content cache (C:\Users\ilya9\.gradle\caches\8.13\fileContent)"        [_thread_blocked, id=25432, stack(0x000000b792200000,0x000000b792300000) (1024K)]
  0x000001ec07fe03c0 JavaThread "Cache worker for cache directory md-supplier (C:\Users\ilya9\.gradle\caches\8.13\md-supplier)"        [_thread_blocked, id=23988, stack(0x000000b792300000,0x000000b792400000) (1024K)]
  0x000001ec07fde2f0 JavaThread "Cache worker for cache directory md-rule (C:\Users\ilya9\.gradle\caches\8.13\md-rule)"        [_thread_blocked, id=16996, stack(0x000000b792400000,0x000000b792500000) (1024K)]
  0x000001ec07fdb500 JavaThread "Unconstrained build operations"        [_thread_blocked, id=26688, stack(0x000000b792500000,0x000000b792600000) (1024K)]
  0x000001ec07fe1e00 JavaThread "Unconstrained build operations Thread 2"        [_thread_blocked, id=14228, stack(0x000000b792600000,0x000000b792700000) (1024K)]
  0x000001ec07fde980 JavaThread "Unconstrained build operations Thread 3"        [_thread_blocked, id=10928, stack(0x000000b792700000,0x000000b792800000) (1024K)]
  0x000001ec07fdf010 JavaThread "Unconstrained build operations Thread 4"        [_thread_blocked, id=25156, stack(0x000000b792800000,0x000000b792900000) (1024K)]
  0x000001ec07fe0a50 JavaThread "Unconstrained build operations Thread 5"        [_thread_blocked, id=8468, stack(0x000000b792900000,0x000000b792a00000) (1024K)]
  0x000001ec07fdf6a0 JavaThread "Unconstrained build operations Thread 6"        [_thread_blocked, id=19676, stack(0x000000b792a00000,0x000000b792b00000) (1024K)]
  0x000001ec07fdc220 JavaThread "Unconstrained build operations Thread 7"        [_thread_blocked, id=16380, stack(0x000000b792b00000,0x000000b792c00000) (1024K)]
  0x000001ec07fdfd30 JavaThread "Unconstrained build operations Thread 8"        [_thread_blocked, id=2344, stack(0x000000b792c00000,0x000000b792d00000) (1024K)]
  0x000001ec07fdae70 JavaThread "Unconstrained build operations Thread 9"        [_thread_blocked, id=6704, stack(0x000000b792d00000,0x000000b792e00000) (1024K)]
  0x000001ec07fe10e0 JavaThread "Unconstrained build operations Thread 10"        [_thread_blocked, id=2012, stack(0x000000b792e00000,0x000000b792f00000) (1024K)]
  0x000001ec07fe2490 JavaThread "Unconstrained build operations Thread 11"        [_thread_blocked, id=8928, stack(0x000000b792f00000,0x000000b793000000) (1024K)]
  0x000001ec07fddc60 JavaThread "Unconstrained build operations Thread 12"        [_thread_blocked, id=7924, stack(0x000000b793000000,0x000000b793100000) (1024K)]
  0x000001ec07fdbb90 JavaThread "Unconstrained build operations Thread 13"        [_thread_blocked, id=20316, stack(0x000000b793100000,0x000000b793200000) (1024K)]
  0x000001ec07fdc8b0 JavaThread "Unconstrained build operations Thread 14"        [_thread_blocked, id=14008, stack(0x000000b793200000,0x000000b793300000) (1024K)]
  0x000001ec07fdcf40 JavaThread "Unconstrained build operations Thread 15"        [_thread_blocked, id=17216, stack(0x000000b793300000,0x000000b793400000) (1024K)]
  0x000001ec07fdd5d0 JavaThread "Unconstrained build operations Thread 16"        [_thread_blocked, id=16140, stack(0x000000b793400000,0x000000b793500000) (1024K)]
  0x000001ec0b1d6b90 JavaThread "Unconstrained build operations Thread 17"        [_thread_blocked, id=8560, stack(0x000000b793500000,0x000000b793600000) (1024K)]
  0x000001ec0b1d3710 JavaThread "Unconstrained build operations Thread 18"        [_thread_blocked, id=22796, stack(0x000000b793600000,0x000000b793700000) (1024K)]
  0x000001ec0b1d5150 JavaThread "Unconstrained build operations Thread 19"        [_thread_blocked, id=11100, stack(0x000000b793700000,0x000000b793800000) (1024K)]
  0x000001ec0b1d3da0 JavaThread "Unconstrained build operations Thread 20"        [_thread_blocked, id=14244, stack(0x000000b793800000,0x000000b793900000) (1024K)]
  0x000001ec0b1d7220 JavaThread "Unconstrained build operations Thread 21"        [_thread_blocked, id=25900, stack(0x000000b793900000,0x000000b793a00000) (1024K)]
  0x000001ec0b1d4ac0 JavaThread "Problems report writer"            [_thread_blocked, id=16516, stack(0x000000b793a00000,0x000000b793b00000) (1024K)]
Total: 68

Other Threads:
  0x000001ec00289b60 VMThread "VM Thread"                           [id=24292, stack(0x000000b78ec00000,0x000000b78ed00000) (1024K)]
  0x000001ec001f4180 WatcherThread "VM Periodic Task Thread"        [id=15768, stack(0x000000b78eb00000,0x000000b78ec00000) (1024K)]
  0x000001ec685b8820 WorkerThread "GC Thread#0"                     [id=1304, stack(0x000000b78e600000,0x000000b78e700000) (1024K)]
  0x000001ec00e95180 WorkerThread "GC Thread#1"                     [id=21500, stack(0x000000b78f900000,0x000000b78fa00000) (1024K)]
  0x000001ec00e0b860 WorkerThread "GC Thread#2"                     [id=28432, stack(0x000000b78fa00000,0x000000b78fb00000) (1024K)]
  0x000001ec00b3edd0 WorkerThread "GC Thread#3"                     [id=23984, stack(0x000000b78fb00000,0x000000b78fc00000) (1024K)]
  0x000001ec00b3f170 WorkerThread "GC Thread#4"                     [id=15700, stack(0x000000b78fc00000,0x000000b78fd00000) (1024K)]
  0x000001ec00b3f510 WorkerThread "GC Thread#5"                     [id=15060, stack(0x000000b78fd00000,0x000000b78fe00000) (1024K)]
  0x000001ec060b0d00 WorkerThread "GC Thread#6"                     [id=8836, stack(0x000000b78ff00000,0x000000b790000000) (1024K)]
  0x000001ec05f91ee0 WorkerThread "GC Thread#7"                     [id=5640, stack(0x000000b790000000,0x000000b790100000) (1024K)]
  0x000001ec0617c2f0 WorkerThread "GC Thread#8"                     [id=6388, stack(0x000000b790100000,0x000000b790200000) (1024K)]
  0x000001ec061f9d60 WorkerThread "GC Thread#9"                     [id=8416, stack(0x000000b790b00000,0x000000b790c00000) (1024K)]
  0x000001ec685ca890 ConcurrentGCThread "G1 Main Marker"            [id=18064, stack(0x000000b78e700000,0x000000b78e800000) (1024K)]
  0x000001ec685cba40 WorkerThread "G1 Conc#0"                       [id=23116, stack(0x000000b78e800000,0x000000b78e900000) (1024K)]
  0x000001ec061f8b40 WorkerThread "G1 Conc#1"                       [id=17636, stack(0x000000b790c00000,0x000000b790d00000) (1024K)]
  0x000001ec061f87a0 WorkerThread "G1 Conc#2"                       [id=16304, stack(0x000000b790d00000,0x000000b790e00000) (1024K)]
  0x000001ec000c5aa0 ConcurrentGCThread "G1 Refine#0"               [id=1232, stack(0x000000b78e900000,0x000000b78ea00000) (1024K)]
  0x000001ec000c62c0 ConcurrentGCThread "G1 Service"                [id=25572, stack(0x000000b78ea00000,0x000000b78eb00000) (1024K)]
Total: 18

Threads with active compile tasks:
C2 CompilerThread0  4071 6576       4       java.io.WinNTFileSystem::normalize (224 bytes)
C1 CompilerThread0  4071 6552       3       org.gradle.api.internal.attributes.DefaultAttributesFactory::concat (46 bytes)
C2 CompilerThread1  4072 6575       4       org.gradle.internal.serialize.kryo.KryoBackedDecoder::readString (5 bytes)
C2 CompilerThread2  4072 6559       4       com.esotericsoftware.kryo.io.Input::readString (127 bytes)
Total: 4

VM state: not at safepoint (normal execution)

VM Mutex/Monitor currently owned by a thread:  ([mutex/lock_event])
[0x00007ffb8d7db160] Metaspace_lock - owner thread: 0x000001ec003075c0

Heap address: 0x0000000080000000, size: 2048 MB, Compressed Oops mode: 32-bit

CDS archive(s) not mapped
Compressed class space mapped at: 0x0000000100000000-0x0000000140000000, reserved size: 1073741824
Narrow klass base: 0x0000000000000000, Narrow klass shift: 3, Narrow klass range: 0x140000000

GC Precious Log:
 CardTable entry size: 512
 Card Set container configuration: InlinePtr #cards 5 size 8 Array Of Cards #cards 12 size 40 Howl #buckets 4 coarsen threshold 1843 Howl Bitmap #cards 512 size 80 coarsen threshold 460 Card regions per heap region 1 cards per card region 2048
 CPUs: 12 total, 12 available
 Memory: 16307M
 Large Page Support: Disabled
 NUMA Support: Disabled
 Compressed Oops: Enabled (32-bit)
 Heap Region Size: 1M
 Heap Min Capacity: 8M
 Heap Initial Capacity: 256M
 Heap Max Capacity: 2G
 Pre-touch: Disabled
 Parallel Workers: 10
 Concurrent Workers: 3
 Concurrent Refinement Workers: 10
 Periodic GC: Disabled

Heap:
 garbage-first heap   total 153600K, used 102650K [0x0000000080000000, 0x0000000100000000)
  region size 1024K, 22 young (22528K), 2 survivors (2048K)
 Metaspace       used 67830K, committed 69504K, reserved 1114112K
  class space    used 9225K, committed 10048K, reserved 1048576K

Heap Regions: E=young(eden), S=young(survivor), O=old, HS=humongous(starts), HC=humongous(continues), CS=collection set, F=free, TAMS=top-at-mark-start, PB=parsable bottom
|   0|0x0000000080000000, 0x0000000080100000, 0x0000000080100000|100%|HS|  |TAMS 0x0000000080000000| PB 0x0000000080000000| Complete 
|   1|0x0000000080100000, 0x0000000080200000, 0x0000000080200000|100%|HC|  |TAMS 0x0000000080100000| PB 0x0000000080100000| Complete 
|   2|0x0000000080200000, 0x0000000080300000, 0x0000000080300000|100%|HC|  |TAMS 0x0000000080200000| PB 0x0000000080200000| Complete 
|   3|0x0000000080300000, 0x0000000080400000, 0x0000000080400000|100%| O|  |TAMS 0x0000000080300000| PB 0x0000000080300000| Untracked 
|   4|0x0000000080400000, 0x0000000080500000, 0x0000000080500000|100%| O|  |TAMS 0x0000000080400000| PB 0x0000000080400000| Untracked 
|   5|0x0000000080500000, 0x0000000080600000, 0x0000000080600000|100%| O|  |TAMS 0x0000000080500000| PB 0x0000000080500000| Untracked 
|   6|0x0000000080600000, 0x0000000080700000, 0x0000000080700000|100%|HS|  |TAMS 0x0000000080600000| PB 0x0000000080600000| Complete 
|   7|0x0000000080700000, 0x0000000080800000, 0x0000000080800000|100%| O|  |TAMS 0x0000000080700000| PB 0x0000000080700000| Untracked 
|   8|0x0000000080800000, 0x0000000080900000, 0x0000000080900000|100%| O|  |TAMS 0x0000000080800000| PB 0x0000000080800000| Untracked 
|   9|0x0000000080900000, 0x0000000080a00000, 0x0000000080a00000|100%| O|  |TAMS 0x0000000080900000| PB 0x0000000080900000| Untracked 
|  10|0x0000000080a00000, 0x0000000080b00000, 0x0000000080b00000|100%| O|  |TAMS 0x0000000080a00000| PB 0x0000000080a00000| Untracked 
|  11|0x0000000080b00000, 0x0000000080c00000, 0x0000000080c00000|100%| O|  |TAMS 0x0000000080b00000| PB 0x0000000080b00000| Untracked 
|  12|0x0000000080c00000, 0x0000000080d00000, 0x0000000080d00000|100%| O|  |TAMS 0x0000000080c00000| PB 0x0000000080c00000| Untracked 
|  13|0x0000000080d00000, 0x0000000080e00000, 0x0000000080e00000|100%| O|  |TAMS 0x0000000080d00000| PB 0x0000000080d00000| Untracked 
|  14|0x0000000080e00000, 0x0000000080f00000, 0x0000000080f00000|100%| O|  |TAMS 0x0000000080e00000| PB 0x0000000080e00000| Untracked 
|  15|0x0000000080f00000, 0x0000000081000000, 0x0000000081000000|100%| O|  |TAMS 0x0000000080f00000| PB 0x0000000080f00000| Untracked 
|  16|0x0000000081000000, 0x0000000081100000, 0x0000000081100000|100%| O|  |TAMS 0x0000000081000000| PB 0x0000000081000000| Untracked 
|  17|0x0000000081100000, 0x0000000081200000, 0x0000000081200000|100%| O|  |TAMS 0x0000000081100000| PB 0x0000000081100000| Untracked 
|  18|0x0000000081200000, 0x0000000081300000, 0x0000000081300000|100%| O|  |TAMS 0x0000000081200000| PB 0x0000000081200000| Untracked 
|  19|0x0000000081300000, 0x0000000081400000, 0x0000000081400000|100%| O|  |TAMS 0x0000000081300000| PB 0x0000000081300000| Untracked 
|  20|0x0000000081400000, 0x0000000081500000, 0x0000000081500000|100%| O|  |TAMS 0x0000000081400000| PB 0x0000000081400000| Untracked 
|  21|0x0000000081500000, 0x0000000081600000, 0x0000000081600000|100%| O|  |TAMS 0x0000000081500000| PB 0x0000000081500000| Untracked 
|  22|0x0000000081600000, 0x0000000081700000, 0x0000000081700000|100%|HS|  |TAMS 0x0000000081600000| PB 0x0000000081600000| Complete 
|  23|0x0000000081700000, 0x0000000081800000, 0x0000000081800000|100%|HC|  |TAMS 0x0000000081700000| PB 0x0000000081700000| Complete 
|  24|0x0000000081800000, 0x0000000081900000, 0x0000000081900000|100%|HC|  |TAMS 0x0000000081800000| PB 0x0000000081800000| Complete 
|  25|0x0000000081900000, 0x0000000081a00000, 0x0000000081a00000|100%|HC|  |TAMS 0x0000000081900000| PB 0x0000000081900000| Complete 
|  26|0x0000000081a00000, 0x0000000081b00000, 0x0000000081b00000|100%|HC|  |TAMS 0x0000000081a00000| PB 0x0000000081a00000| Complete 
|  27|0x0000000081b00000, 0x0000000081c00000, 0x0000000081c00000|100%|HC|  |TAMS 0x0000000081b00000| PB 0x0000000081b00000| Complete 
|  28|0x0000000081c00000, 0x0000000081d00000, 0x0000000081d00000|100%|HS|  |TAMS 0x0000000081c00000| PB 0x0000000081c00000| Complete 
|  29|0x0000000081d00000, 0x0000000081e00000, 0x0000000081e00000|100%|HC|  |TAMS 0x0000000081d00000| PB 0x0000000081d00000| Complete 
|  30|0x0000000081e00000, 0x0000000081f00000, 0x0000000081f00000|100%|HC|  |TAMS 0x0000000081e00000| PB 0x0000000081e00000| Complete 
|  31|0x0000000081f00000, 0x0000000082000000, 0x0000000082000000|100%|HC|  |TAMS 0x0000000081f00000| PB 0x0000000081f00000| Complete 
|  32|0x0000000082000000, 0x0000000082100000, 0x0000000082100000|100%|HS|  |TAMS 0x0000000082000000| PB 0x0000000082000000| Complete 
|  33|0x0000000082100000, 0x0000000082200000, 0x0000000082200000|100%|HC|  |TAMS 0x0000000082100000| PB 0x0000000082100000| Complete 
|  34|0x0000000082200000, 0x0000000082300000, 0x0000000082300000|100%|HS|  |TAMS 0x0000000082200000| PB 0x0000000082200000| Complete 
|  35|0x0000000082300000, 0x0000000082400000, 0x0000000082400000|100%| O|  |TAMS 0x0000000082300000| PB 0x0000000082300000| Untracked 
|  36|0x0000000082400000, 0x0000000082500000, 0x0000000082500000|100%| O|  |TAMS 0x0000000082400000| PB 0x0000000082400000| Untracked 
|  37|0x0000000082500000, 0x0000000082600000, 0x0000000082600000|100%| O|  |TAMS 0x0000000082500000| PB 0x0000000082500000| Untracked 
|  38|0x0000000082600000, 0x0000000082700000, 0x0000000082700000|100%| O|  |TAMS 0x0000000082600000| PB 0x0000000082600000| Untracked 
|  39|0x0000000082700000, 0x0000000082800000, 0x0000000082800000|100%| O|  |TAMS 0x0000000082700000| PB 0x0000000082700000| Untracked 
|  40|0x0000000082800000, 0x0000000082900000, 0x0000000082900000|100%| O|Cm|TAMS 0x0000000082800000| PB 0x0000000082800000| Complete 
|  41|0x0000000082900000, 0x0000000082a00000, 0x0000000082a00000|100%| O|  |TAMS 0x0000000082900000| PB 0x0000000082900000| Untracked 
|  42|0x0000000082a00000, 0x0000000082b00000, 0x0000000082b00000|100%| O|  |TAMS 0x0000000082a00000| PB 0x0000000082a00000| Untracked 
|  43|0x0000000082b00000, 0x0000000082c00000, 0x0000000082c00000|100%| O|  |TAMS 0x0000000082b00000| PB 0x0000000082b00000| Untracked 
|  44|0x0000000082c00000, 0x0000000082d00000, 0x0000000082d00000|100%| O|  |TAMS 0x0000000082c00000| PB 0x0000000082c00000| Untracked 
|  45|0x0000000082d00000, 0x0000000082e00000, 0x0000000082e00000|100%| O|  |TAMS 0x0000000082d00000| PB 0x0000000082d00000| Untracked 
|  46|0x0000000082e00000, 0x0000000082f00000, 0x0000000082f00000|100%| O|  |TAMS 0x0000000082e00000| PB 0x0000000082e00000| Untracked 
|  47|0x0000000082f00000, 0x0000000083000000, 0x0000000083000000|100%| O|  |TAMS 0x0000000082f00000| PB 0x0000000082f00000| Untracked 
|  48|0x0000000083000000, 0x0000000083100000, 0x0000000083100000|100%| O|  |TAMS 0x0000000083000000| PB 0x0000000083000000| Untracked 
|  49|0x0000000083100000, 0x0000000083200000, 0x0000000083200000|100%|HS|  |TAMS 0x0000000083100000| PB 0x0000000083100000| Complete 
|  50|0x0000000083200000, 0x0000000083300000, 0x0000000083300000|100%|HC|  |TAMS 0x0000000083200000| PB 0x0000000083200000| Complete 
|  51|0x0000000083300000, 0x0000000083400000, 0x0000000083400000|100%| O|  |TAMS 0x0000000083300000| PB 0x0000000083300000| Untracked 
|  52|0x0000000083400000, 0x0000000083500000, 0x0000000083500000|100%|HS|  |TAMS 0x0000000083400000| PB 0x0000000083400000| Complete 
|  53|0x0000000083500000, 0x0000000083600000, 0x0000000083600000|100%|HC|  |TAMS 0x0000000083500000| PB 0x0000000083500000| Complete 
|  54|0x0000000083600000, 0x0000000083700000, 0x0000000083700000|100%|HC|  |TAMS 0x0000000083600000| PB 0x0000000083600000| Complete 
|  55|0x0000000083700000, 0x0000000083800000, 0x0000000083800000|100%|HC|  |TAMS 0x0000000083700000| PB 0x0000000083700000| Complete 
|  56|0x0000000083800000, 0x0000000083900000, 0x0000000083900000|100%|HC|  |TAMS 0x0000000083800000| PB 0x0000000083800000| Complete 
|  57|0x0000000083900000, 0x0000000083a00000, 0x0000000083a00000|100%|HC|  |TAMS 0x0000000083900000| PB 0x0000000083900000| Complete 
|  58|0x0000000083a00000, 0x0000000083b00000, 0x0000000083b00000|100%|HS|  |TAMS 0x0000000083a00000| PB 0x0000000083a00000| Complete 
|  59|0x0000000083b00000, 0x0000000083c00000, 0x0000000083c00000|100%|HC|  |TAMS 0x0000000083b00000| PB 0x0000000083b00000| Complete 
|  60|0x0000000083c00000, 0x0000000083d00000, 0x0000000083d00000|100%|HC|  |TAMS 0x0000000083c00000| PB 0x0000000083c00000| Complete 
|  61|0x0000000083d00000, 0x0000000083e00000, 0x0000000083e00000|100%|HC|  |TAMS 0x0000000083d00000| PB 0x0000000083d00000| Complete 
|  62|0x0000000083e00000, 0x0000000083f00000, 0x0000000083f00000|100%|HC|  |TAMS 0x0000000083e00000| PB 0x0000000083e00000| Complete 
|  63|0x0000000083f00000, 0x0000000084000000, 0x0000000084000000|100%|HC|  |TAMS 0x0000000083f00000| PB 0x0000000083f00000| Complete 
|  64|0x0000000084000000, 0x0000000084100000, 0x0000000084100000|100%| O|  |TAMS 0x0000000084000000| PB 0x0000000084000000| Untracked 
|  65|0x0000000084100000, 0x0000000084200000, 0x0000000084200000|100%| O|  |TAMS 0x0000000084100000| PB 0x0000000084100000| Untracked 
|  66|0x0000000084200000, 0x0000000084300000, 0x0000000084300000|100%| O|  |TAMS 0x0000000084200000| PB 0x0000000084200000| Untracked 
|  67|0x0000000084300000, 0x0000000084400000, 0x0000000084400000|100%| O|  |TAMS 0x0000000084300000| PB 0x0000000084300000| Untracked 
|  68|0x0000000084400000, 0x0000000084500000, 0x0000000084500000|100%| O|  |TAMS 0x0000000084400000| PB 0x0000000084400000| Untracked 
|  69|0x0000000084500000, 0x0000000084600000, 0x0000000084600000|100%| O|  |TAMS 0x0000000084500000| PB 0x0000000084500000| Untracked 
|  70|0x0000000084600000, 0x0000000084700000, 0x0000000084700000|100%| O|  |TAMS 0x0000000084600000| PB 0x0000000084600000| Untracked 
|  71|0x0000000084700000, 0x0000000084800000, 0x0000000084800000|100%| O|  |TAMS 0x0000000084700000| PB 0x0000000084700000| Untracked 
|  72|0x0000000084800000, 0x0000000084863a60, 0x0000000084900000| 38%| O|  |TAMS 0x0000000084800000| PB 0x0000000084800000| Untracked 
|  73|0x0000000084900000, 0x0000000084900000, 0x0000000084a00000|  0%| F|  |TAMS 0x0000000084900000| PB 0x0000000084900000| Untracked 
|  74|0x0000000084a00000, 0x0000000084a00000, 0x0000000084b00000|  0%| F|  |TAMS 0x0000000084a00000| PB 0x0000000084a00000| Untracked 
|  75|0x0000000084b00000, 0x0000000084b00000, 0x0000000084c00000|  0%| F|  |TAMS 0x0000000084b00000| PB 0x0000000084b00000| Untracked 
|  76|0x0000000084c00000, 0x0000000084c00000, 0x0000000084d00000|  0%| F|  |TAMS 0x0000000084c00000| PB 0x0000000084c00000| Untracked 
|  77|0x0000000084d00000, 0x0000000084d00000, 0x0000000084e00000|  0%| F|  |TAMS 0x0000000084d00000| PB 0x0000000084d00000| Untracked 
|  78|0x0000000084e00000, 0x0000000084e00000, 0x0000000084f00000|  0%| F|  |TAMS 0x0000000084e00000| PB 0x0000000084e00000| Untracked 
|  79|0x0000000084f00000, 0x0000000084f00000, 0x0000000085000000|  0%| F|  |TAMS 0x0000000084f00000| PB 0x0000000084f00000| Untracked 
|  80|0x0000000085000000, 0x0000000085000000, 0x0000000085100000|  0%| F|  |TAMS 0x0000000085000000| PB 0x0000000085000000| Untracked 
|  81|0x0000000085100000, 0x0000000085100000, 0x0000000085200000|  0%| F|  |TAMS 0x0000000085100000| PB 0x0000000085100000| Untracked 
|  82|0x0000000085200000, 0x0000000085200000, 0x0000000085300000|  0%| F|  |TAMS 0x0000000085200000| PB 0x0000000085200000| Untracked 
|  83|0x0000000085300000, 0x0000000085300000, 0x0000000085400000|  0%| F|  |TAMS 0x0000000085300000| PB 0x0000000085300000| Untracked 
|  84|0x0000000085400000, 0x00000000854daf10, 0x0000000085500000| 85%| S|CS|TAMS 0x0000000085400000| PB 0x0000000085400000| Complete 
|  85|0x0000000085500000, 0x0000000085600000, 0x0000000085600000|100%| S|CS|TAMS 0x0000000085500000| PB 0x0000000085500000| Complete 
|  86|0x0000000085600000, 0x0000000085600000, 0x0000000085700000|  0%| F|  |TAMS 0x0000000085600000| PB 0x0000000085600000| Untracked 
|  87|0x0000000085700000, 0x0000000085700000, 0x0000000085800000|  0%| F|  |TAMS 0x0000000085700000| PB 0x0000000085700000| Untracked 
|  88|0x0000000085800000, 0x0000000085800000, 0x0000000085900000|  0%| F|  |TAMS 0x0000000085800000| PB 0x0000000085800000| Untracked 
|  89|0x0000000085900000, 0x0000000085900000, 0x0000000085a00000|  0%| F|  |TAMS 0x0000000085900000| PB 0x0000000085900000| Untracked 
|  90|0x0000000085a00000, 0x0000000085a00000, 0x0000000085b00000|  0%| F|  |TAMS 0x0000000085a00000| PB 0x0000000085a00000| Untracked 
|  91|0x0000000085b00000, 0x0000000085b00000, 0x0000000085c00000|  0%| F|  |TAMS 0x0000000085b00000| PB 0x0000000085b00000| Untracked 
|  92|0x0000000085c00000, 0x0000000085c00000, 0x0000000085d00000|  0%| F|  |TAMS 0x0000000085c00000| PB 0x0000000085c00000| Untracked 
|  93|0x0000000085d00000, 0x0000000085d00000, 0x0000000085e00000|  0%| F|  |TAMS 0x0000000085d00000| PB 0x0000000085d00000| Untracked 
|  94|0x0000000085e00000, 0x0000000085e00000, 0x0000000085f00000|  0%| F|  |TAMS 0x0000000085e00000| PB 0x0000000085e00000| Untracked 
|  95|0x0000000085f00000, 0x0000000085f00000, 0x0000000086000000|  0%| F|  |TAMS 0x0000000085f00000| PB 0x0000000085f00000| Untracked 
|  96|0x0000000086000000, 0x0000000086000000, 0x0000000086100000|  0%| F|  |TAMS 0x0000000086000000| PB 0x0000000086000000| Untracked 
|  97|0x0000000086100000, 0x0000000086100000, 0x0000000086200000|  0%| F|  |TAMS 0x0000000086100000| PB 0x0000000086100000| Untracked 
|  98|0x0000000086200000, 0x0000000086200000, 0x0000000086300000|  0%| F|  |TAMS 0x0000000086200000| PB 0x0000000086200000| Untracked 
|  99|0x0000000086300000, 0x0000000086300000, 0x0000000086400000|  0%| F|  |TAMS 0x0000000086300000| PB 0x0000000086300000| Untracked 
| 100|0x0000000086400000, 0x0000000086400000, 0x0000000086500000|  0%| F|  |TAMS 0x0000000086400000| PB 0x0000000086400000| Untracked 
| 101|0x0000000086500000, 0x0000000086500000, 0x0000000086600000|  0%| F|  |TAMS 0x0000000086500000| PB 0x0000000086500000| Untracked 
| 102|0x0000000086600000, 0x0000000086600000, 0x0000000086700000|  0%| F|  |TAMS 0x0000000086600000| PB 0x0000000086600000| Untracked 
| 103|0x0000000086700000, 0x0000000086700000, 0x0000000086800000|  0%| F|  |TAMS 0x0000000086700000| PB 0x0000000086700000| Untracked 
| 104|0x0000000086800000, 0x0000000086800000, 0x0000000086900000|  0%| F|  |TAMS 0x0000000086800000| PB 0x0000000086800000| Untracked 
| 105|0x0000000086900000, 0x0000000086900000, 0x0000000086a00000|  0%| F|  |TAMS 0x0000000086900000| PB 0x0000000086900000| Untracked 
| 106|0x0000000086a00000, 0x0000000086a00000, 0x0000000086b00000|  0%| F|  |TAMS 0x0000000086a00000| PB 0x0000000086a00000| Untracked 
| 107|0x0000000086b00000, 0x0000000086b00000, 0x0000000086c00000|  0%| F|  |TAMS 0x0000000086b00000| PB 0x0000000086b00000| Untracked 
| 108|0x0000000086c00000, 0x0000000086c00000, 0x0000000086d00000|  0%| F|  |TAMS 0x0000000086c00000| PB 0x0000000086c00000| Untracked 
| 109|0x0000000086d00000, 0x0000000086d00000, 0x0000000086e00000|  0%| F|  |TAMS 0x0000000086d00000| PB 0x0000000086d00000| Untracked 
| 110|0x0000000086e00000, 0x0000000086e00000, 0x0000000086f00000|  0%| F|  |TAMS 0x0000000086e00000| PB 0x0000000086e00000| Untracked 
| 111|0x0000000086f00000, 0x0000000086f00000, 0x0000000087000000|  0%| F|  |TAMS 0x0000000086f00000| PB 0x0000000086f00000| Untracked 
| 112|0x0000000087000000, 0x0000000087000000, 0x0000000087100000|  0%| F|  |TAMS 0x0000000087000000| PB 0x0000000087000000| Untracked 
| 113|0x0000000087100000, 0x0000000087100000, 0x0000000087200000|  0%| F|  |TAMS 0x0000000087100000| PB 0x0000000087100000| Untracked 
| 114|0x0000000087200000, 0x0000000087200000, 0x0000000087300000|  0%| F|  |TAMS 0x0000000087200000| PB 0x0000000087200000| Untracked 
| 115|0x0000000087300000, 0x0000000087300000, 0x0000000087400000|  0%| F|  |TAMS 0x0000000087300000| PB 0x0000000087300000| Untracked 
| 116|0x0000000087400000, 0x0000000087400000, 0x0000000087500000|  0%| F|  |TAMS 0x0000000087400000| PB 0x0000000087400000| Untracked 
| 117|0x0000000087500000, 0x0000000087500000, 0x0000000087600000|  0%| F|  |TAMS 0x0000000087500000| PB 0x0000000087500000| Untracked 
| 118|0x0000000087600000, 0x0000000087600000, 0x0000000087700000|  0%| F|  |TAMS 0x0000000087600000| PB 0x0000000087600000| Untracked 
| 119|0x0000000087700000, 0x0000000087700000, 0x0000000087800000|  0%| F|  |TAMS 0x0000000087700000| PB 0x0000000087700000| Untracked 
| 120|0x0000000087800000, 0x0000000087800000, 0x0000000087900000|  0%| F|  |TAMS 0x0000000087800000| PB 0x0000000087800000| Untracked 
| 121|0x0000000087900000, 0x0000000087900000, 0x0000000087a00000|  0%| F|  |TAMS 0x0000000087900000| PB 0x0000000087900000| Untracked 
| 122|0x0000000087a00000, 0x0000000087a00000, 0x0000000087b00000|  0%| F|  |TAMS 0x0000000087a00000| PB 0x0000000087a00000| Untracked 
| 123|0x0000000087b00000, 0x0000000087b80000, 0x0000000087c00000| 50%| E|  |TAMS 0x0000000087b00000| PB 0x0000000087b00000| Complete 
| 124|0x0000000087c00000, 0x0000000087d00000, 0x0000000087d00000|100%| E|CS|TAMS 0x0000000087c00000| PB 0x0000000087c00000| Complete 
| 125|0x0000000087d00000, 0x0000000087e00000, 0x0000000087e00000|100%| E|CS|TAMS 0x0000000087d00000| PB 0x0000000087d00000| Complete 
| 126|0x0000000087e00000, 0x0000000087f00000, 0x0000000087f00000|100%| E|CS|TAMS 0x0000000087e00000| PB 0x0000000087e00000| Complete 
| 127|0x0000000087f00000, 0x0000000088000000, 0x0000000088000000|100%| E|CS|TAMS 0x0000000087f00000| PB 0x0000000087f00000| Complete 
| 128|0x0000000088000000, 0x0000000088100000, 0x0000000088100000|100%| E|CS|TAMS 0x0000000088000000| PB 0x0000000088000000| Complete 
| 129|0x0000000088100000, 0x0000000088200000, 0x0000000088200000|100%| E|CS|TAMS 0x0000000088100000| PB 0x0000000088100000| Complete 
| 130|0x0000000088200000, 0x0000000088300000, 0x0000000088300000|100%| E|CS|TAMS 0x0000000088200000| PB 0x0000000088200000| Complete 
| 131|0x0000000088300000, 0x0000000088400000, 0x0000000088400000|100%| E|CS|TAMS 0x0000000088300000| PB 0x0000000088300000| Complete 
| 132|0x0000000088400000, 0x0000000088500000, 0x0000000088500000|100%| E|CS|TAMS 0x0000000088400000| PB 0x0000000088400000| Complete 
| 133|0x0000000088500000, 0x0000000088600000, 0x0000000088600000|100%| E|CS|TAMS 0x0000000088500000| PB 0x0000000088500000| Complete 
| 228|0x000000008e400000, 0x000000008e500000, 0x000000008e500000|100%| E|CS|TAMS 0x000000008e400000| PB 0x000000008e400000| Complete 
| 229|0x000000008e500000, 0x000000008e600000, 0x000000008e600000|100%| E|CS|TAMS 0x000000008e500000| PB 0x000000008e500000| Complete 
| 230|0x000000008e600000, 0x000000008e700000, 0x000000008e700000|100%| E|CS|TAMS 0x000000008e600000| PB 0x000000008e600000| Complete 
| 231|0x000000008e700000, 0x000000008e800000, 0x000000008e800000|100%| E|CS|TAMS 0x000000008e700000| PB 0x000000008e700000| Complete 
| 232|0x000000008e800000, 0x000000008e900000, 0x000000008e900000|100%| E|CS|TAMS 0x000000008e800000| PB 0x000000008e800000| Complete 
| 233|0x000000008e900000, 0x000000008ea00000, 0x000000008ea00000|100%| E|CS|TAMS 0x000000008e900000| PB 0x000000008e900000| Complete 
| 234|0x000000008ea00000, 0x000000008eb00000, 0x000000008eb00000|100%| E|CS|TAMS 0x000000008ea00000| PB 0x000000008ea00000| Complete 
| 235|0x000000008eb00000, 0x000000008ec00000, 0x000000008ec00000|100%| E|CS|TAMS 0x000000008eb00000| PB 0x000000008eb00000| Complete 
| 255|0x000000008ff00000, 0x0000000090000000, 0x0000000090000000|100%| E|CS|TAMS 0x000000008ff00000| PB 0x000000008ff00000| Complete 
|2041|0x00000000ff900000, 0x00000000ffa00000, 0x00000000ffa00000|100%| O|  |TAMS 0x00000000ff900000| PB 0x00000000ff900000| Untracked 
|2042|0x00000000ffa00000, 0x00000000ffb00000, 0x00000000ffb00000|100%| O|  |TAMS 0x00000000ffa00000| PB 0x00000000ffa00000| Untracked 
|2043|0x00000000ffb00000, 0x00000000ffc00000, 0x00000000ffc00000|100%| O|  |TAMS 0x00000000ffb00000| PB 0x00000000ffb00000| Untracked 
|2044|0x00000000ffc00000, 0x00000000ffd00000, 0x00000000ffd00000|100%| O|  |TAMS 0x00000000ffc00000| PB 0x00000000ffc00000| Untracked 
|2045|0x00000000ffd00000, 0x00000000ffe00000, 0x00000000ffe00000|100%| O|  |TAMS 0x00000000ffd00000| PB 0x00000000ffd00000| Untracked 
|2046|0x00000000ffe00000, 0x00000000fff00000, 0x00000000fff00000|100%| O|  |TAMS 0x00000000ffe00000| PB 0x00000000ffe00000| Untracked 
|2047|0x00000000fff00000, 0x0000000100000000, 0x0000000100000000|100%| O|  |TAMS 0x00000000fff00000| PB 0x00000000fff00000| Untracked 

Card table byte_map: [0x000001ec7b010000,0x000001ec7b410000] _byte_map_base: 0x000001ec7ac10000

Marking Bits: (CMBitMap*) 0x000001ec685b8e30
 Bits: [0x000001ec7b410000, 0x000001ec7d410000)

Polling page: 0x000001ec66240000

Metaspace:

Usage:
  Non-class:     57.23 MB used.
      Class:      9.01 MB used.
       Both:     66.24 MB used.

Virtual space:
  Non-class space:       64.00 MB reserved,      58.06 MB ( 91%) committed,  1 nodes.
      Class space:        1.00 GB reserved,       9.81 MB ( <1%) committed,  1 nodes.
             Both:        1.06 GB reserved,      67.88 MB (  6%) committed. 

Chunk freelists:
   Non-Class:  4.98 MB
       Class:  6.19 MB
        Both:  11.17 MB

MaxMetaspaceSize: unlimited
CompressedClassSpaceSize: 1.00 GB
Initial GC threshold: 21.00 MB
Current GC threshold: 110.75 MB
CDS: off
 - commit_granule_bytes: 65536.
 - commit_granule_words: 8192.
 - virtual_space_node_default_size: 8388608.
 - enlarge_chunks_in_place: 1.
 - use_allocation_guard: 0.


Internal statistics:

num_allocs_failed_limit: 6.
num_arena_births: 3240.
num_arena_deaths: 0.
num_vsnodes_births: 2.
num_vsnodes_deaths: 0.
num_space_committed: 1086.
num_space_uncommitted: 0.
num_chunks_returned_to_freelist: 6.
num_chunks_taken_from_freelist: 6125.
num_chunk_merges: 6.
num_chunk_splits: 3905.
num_chunks_enlarged: 2339.
num_inconsistent_stats: 0.

CodeHeap 'non-profiled nmethods': size=120000Kb used=3547Kb max_used=3547Kb free=116452Kb
 bounds [0x000001ec73190000, 0x000001ec73510000, 0x000001ec7a6c0000]
CodeHeap 'profiled nmethods': size=120000Kb used=10385Kb max_used=10385Kb free=109614Kb
 bounds [0x000001ec6b6c0000, 0x000001ec6c0f0000, 0x000001ec72bf0000]
CodeHeap 'non-nmethods': size=5760Kb used=2728Kb max_used=2789Kb free=3031Kb
 bounds [0x000001ec72bf0000, 0x000001ec72eb0000, 0x000001ec73190000]
 total_blobs=6497 nmethods=5619 adapters=782
 compilation: enabled
              stopped_count=0, restarted_count=0
 full_count=0

Compilation events (20 events):
Event: 4.053 Thread 0x000001ec003075c0 nmethod 6542 0x000001ec73503790 code [0x000001ec73503920, 0x000001ec735039e8]
Event: 4.053 Thread 0x000001ec003075c0 6544       3       org.gradle.internal.component.external.model.DefaultConfigurationMetadata::mutate (9 bytes)
Event: 4.053 Thread 0x000001ec003075c0 nmethod 6544 0x000001ec6c0dfe90 code [0x000001ec6c0e0060, 0x000001ec6c0e0438]
Event: 4.053 Thread 0x000001ec003075c0 6546       3       org.gradle.internal.component.external.model.DefaultConfigurationMetadata::getAttributes (28 bytes)
Event: 4.054 Thread 0x000001ec003075c0 nmethod 6546 0x000001ec6c0e0590 code [0x000001ec6c0e07a0, 0x000001ec6c0e0e78]
Event: 4.054 Thread 0x000001ec003075c0 6545       3       org.gradle.internal.component.external.model.AbstractConfigurationMetadata::getArtifactVariants (35 bytes)
Event: 4.054 Thread 0x000001ec003075c0 nmethod 6545 0x000001ec6c0e1090 code [0x000001ec6c0e13a0, 0x000001ec6c0e26c8]
Event: 4.054 Thread 0x000001ec003075c0 6547       3       org.gradle.internal.component.external.model.ImmutableCapabilities::<init> (10 bytes)
Event: 4.054 Thread 0x000001ec003075c0 nmethod 6547 0x000001ec6c0e2e10 code [0x000001ec6c0e2fc0, 0x000001ec6c0e3178]
Event: 4.054 Thread 0x000001ec003075c0 6543       1       org.gradle.internal.component.model.DefaultIvyArtifactName::hashCode (5 bytes)
Event: 4.054 Thread 0x000001ec003075c0 nmethod 6543 0x000001ec73503a90 code [0x000001ec73503c20, 0x000001ec73503ce8]
Event: 4.054 Thread 0x000001ec003075c0 6548       3       org.gradle.api.internal.artifacts.result.DefaultResolvedVariantResult::<init> (40 bytes)
Event: 4.055 Thread 0x000001ec003075c0 nmethod 6548 0x000001ec6c0e3210 code [0x000001ec6c0e33e0, 0x000001ec6c0e3750]
Event: 4.055 Thread 0x000001ec003075c0 6549       3       org.gradle.api.internal.artifacts.result.DefaultResolvedVariantResult::computeHashCode (67 bytes)
Event: 4.055 Thread 0x000001ec003075c0 nmethod 6549 0x000001ec6c0e3890 code [0x000001ec6c0e3aa0, 0x000001ec6c0e4088]
Event: 4.055 Thread 0x000001ec003075c0 6550       3       org.gradle.internal.component.external.model.ImmutableCapabilities::hashCode (8 bytes)
Event: 4.055 Thread 0x000001ec003075c0 nmethod 6550 0x000001ec6c0e4290 code [0x000001ec6c0e4440, 0x000001ec6c0e4610]
Event: 4.055 Thread 0x000001ec003075c0 6551       3       org.gradle.api.internal.artifacts.DefaultModuleVersionIdentifier::getGroup (10 bytes)
Event: 4.055 Thread 0x000001ec003075c0 nmethod 6551 0x000001ec6c0e4710 code [0x000001ec6c0e48c0, 0x000001ec6c0e4a30]
Event: 4.055 Thread 0x000001ec003075c0 6552       3       org.gradle.api.internal.attributes.DefaultAttributesFactory::concat (46 bytes)

GC Heap History (20 events):
Event: 2.108 GC heap before
{Heap before GC invocations=7 (full 0):
 garbage-first heap   total 79872K, used 36501K [0x0000000080000000, 0x0000000100000000)
  region size 1024K, 18 young (18432K), 6 survivors (6144K)
 Metaspace       used 35116K, committed 35968K, reserved 1114112K
  class space    used 4708K, committed 5120K, reserved 1048576K
}
Event: 2.110 GC heap after
{Heap after GC invocations=8 (full 0):
 garbage-first heap   total 79872K, used 25956K [0x0000000080000000, 0x0000000100000000)
  region size 1024K, 4 young (4096K), 4 survivors (4096K)
 Metaspace       used 35116K, committed 35968K, reserved 1114112K
  class space    used 4708K, committed 5120K, reserved 1048576K
}
Event: 2.387 GC heap before
{Heap before GC invocations=9 (full 0):
 garbage-first heap   total 79872K, used 78180K [0x0000000080000000, 0x0000000100000000)
  region size 1024K, 43 young (44032K), 4 survivors (4096K)
 Metaspace       used 39594K, committed 40640K, reserved 1114112K
  class space    used 5399K, committed 5888K, reserved 1048576K
}
Event: 2.389 GC heap after
{Heap after GC invocations=10 (full 0):
 garbage-first heap   total 89088K, used 44645K [0x0000000080000000, 0x0000000100000000)
  region size 1024K, 6 young (6144K), 6 survivors (6144K)
 Metaspace       used 39594K, committed 40640K, reserved 1114112K
  class space    used 5399K, committed 5888K, reserved 1048576K
}
Event: 2.617 GC heap before
{Heap before GC invocations=10 (full 0):
 garbage-first heap   total 89088K, used 76389K [0x0000000080000000, 0x0000000100000000)
  region size 1024K, 38 young (38912K), 6 survivors (6144K)
 Metaspace       used 45787K, committed 46720K, reserved 1114112K
  class space    used 6064K, committed 6528K, reserved 1048576K
}
Event: 2.619 GC heap after
{Heap after GC invocations=11 (full 0):
 garbage-first heap   total 89088K, used 48799K [0x0000000080000000, 0x0000000100000000)
  region size 1024K, 4 young (4096K), 4 survivors (4096K)
 Metaspace       used 45787K, committed 46720K, reserved 1114112K
  class space    used 6064K, committed 6528K, reserved 1048576K
}
Event: 2.722 GC heap before
{Heap before GC invocations=11 (full 0):
 garbage-first heap   total 89088K, used 74399K [0x0000000080000000, 0x0000000100000000)
  region size 1024K, 31 young (31744K), 4 survivors (4096K)
 Metaspace       used 46857K, committed 47936K, reserved 1114112K
  class space    used 6212K, committed 6720K, reserved 1048576K
}
Event: 2.724 GC heap after
{Heap after GC invocations=12 (full 0):
 garbage-first heap   total 89088K, used 51311K [0x0000000080000000, 0x0000000100000000)
  region size 1024K, 4 young (4096K), 4 survivors (4096K)
 Metaspace       used 46857K, committed 47936K, reserved 1114112K
  class space    used 6212K, committed 6720K, reserved 1048576K
}
Event: 2.925 GC heap before
{Heap before GC invocations=13 (full 0):
 garbage-first heap   total 97280K, used 82031K [0x0000000080000000, 0x0000000100000000)
  region size 1024K, 29 young (29696K), 4 survivors (4096K)
 Metaspace       used 50379K, committed 51648K, reserved 1114112K
  class space    used 6664K, committed 7296K, reserved 1048576K
}
Event: 2.927 GC heap after
{Heap after GC invocations=14 (full 0):
 garbage-first heap   total 116736K, used 52668K [0x0000000080000000, 0x0000000100000000)
  region size 1024K, 2 young (2048K), 2 survivors (2048K)
 Metaspace       used 50379K, committed 51648K, reserved 1114112K
  class space    used 6664K, committed 7296K, reserved 1048576K
}
Event: 3.230 GC heap before
{Heap before GC invocations=14 (full 0):
 garbage-first heap   total 116736K, used 101820K [0x0000000080000000, 0x0000000100000000)
  region size 1024K, 51 young (52224K), 2 survivors (2048K)
 Metaspace       used 56299K, committed 57856K, reserved 1114112K
  class space    used 7646K, committed 8384K, reserved 1048576K
}
Event: 3.232 GC heap after
{Heap after GC invocations=15 (full 0):
 garbage-first heap   total 116736K, used 55083K [0x0000000080000000, 0x0000000100000000)
  region size 1024K, 5 young (5120K), 5 survivors (5120K)
 Metaspace       used 56299K, committed 57856K, reserved 1114112K
  class space    used 7646K, committed 8384K, reserved 1048576K
}
Event: 3.278 GC heap before
{Heap before GC invocations=15 (full 0):
 garbage-first heap   total 116736K, used 61227K [0x0000000080000000, 0x0000000100000000)
  region size 1024K, 12 young (12288K), 5 survivors (5120K)
 Metaspace       used 56720K, committed 58176K, reserved 1114112K
  class space    used 7721K, committed 8448K, reserved 1048576K
}
Event: 3.280 GC heap after
{Heap after GC invocations=16 (full 0):
 garbage-first heap   total 116736K, used 56802K [0x0000000080000000, 0x0000000100000000)
  region size 1024K, 5 young (5120K), 5 survivors (5120K)
 Metaspace       used 56720K, committed 58176K, reserved 1114112K
  class space    used 7721K, committed 8448K, reserved 1048576K
}
Event: 3.489 GC heap before
{Heap before GC invocations=17 (full 0):
 garbage-first heap   total 116736K, used 114146K [0x0000000080000000, 0x0000000100000000)
  region size 1024K, 46 young (47104K), 5 survivors (5120K)
 Metaspace       used 59110K, committed 60736K, reserved 1114112K
  class space    used 7910K, committed 8704K, reserved 1048576K
}
Event: 3.493 GC heap after
{Heap after GC invocations=18 (full 0):
 garbage-first heap   total 128000K, used 77931K [0x0000000080000000, 0x0000000100000000)
  region size 1024K, 7 young (7168K), 7 survivors (7168K)
 Metaspace       used 59110K, committed 60736K, reserved 1114112K
  class space    used 7910K, committed 8704K, reserved 1048576K
}
Event: 3.682 GC heap before
{Heap before GC invocations=18 (full 0):
 garbage-first heap   total 128000K, used 111723K [0x0000000080000000, 0x0000000100000000)
  region size 1024K, 41 young (41984K), 7 survivors (7168K)
 Metaspace       used 62492K, committed 64192K, reserved 1114112K
  class space    used 8403K, committed 9216K, reserved 1048576K
}
Event: 3.685 GC heap after
{Heap after GC invocations=19 (full 0):
 garbage-first heap   total 128000K, used 81336K [0x0000000080000000, 0x0000000100000000)
  region size 1024K, 4 young (4096K), 4 survivors (4096K)
 Metaspace       used 62492K, committed 64192K, reserved 1114112K
  class space    used 8403K, committed 9216K, reserved 1048576K
}
Event: 3.902 GC heap before
{Heap before GC invocations=19 (full 0):
 garbage-first heap   total 128000K, used 114104K [0x0000000080000000, 0x0000000100000000)
  region size 1024K, 36 young (36864K), 4 survivors (4096K)
 Metaspace       used 66238K, committed 68032K, reserved 1114112K
  class space    used 9010K, committed 9856K, reserved 1048576K
}
Event: 3.904 GC heap after
{Heap after GC invocations=20 (full 0):
 garbage-first heap   total 153600K, used 83194K [0x0000000080000000, 0x0000000100000000)
  region size 1024K, 2 young (2048K), 2 survivors (2048K)
 Metaspace       used 66238K, committed 68032K, reserved 1114112K
  class space    used 9010K, committed 9856K, reserved 1048576K
}

Dll operation events (3 events):
Event: 0.004 Loaded shared library D:\and\jbr\bin\java.dll
Event: 0.007 Loaded shared library D:\and\jbr\bin\zip.dll
Event: 0.364 Loaded shared library D:\and\jbr\bin\verify.dll

Deoptimization events (20 events):
Event: 3.897 Thread 0x000001ec062756b0 DEOPT PACKING pc=0x000001ec73328ef4 sp=0x000000b7907f8f20
Event: 3.897 Thread 0x000001ec062756b0 DEOPT UNPACKING pc=0x000001ec72c446a2 sp=0x000000b7907f8ec0 mode 2
Event: 4.024 Thread 0x000001ec062756b0 Uncommon trap: trap_request=0xffffffc6 fr.pc=0x000001ec73363468 relative=0x0000000000000d68
Event: 4.024 Thread 0x000001ec062756b0 Uncommon trap: reason=bimorphic_or_optimized_type_check action=maybe_recompile pc=0x000001ec73363468 method=java.util.HashMap.computeIfAbsent(Ljava/lang/Object;Ljava/util/function/Function;)Ljava/lang/Object; @ 142 c2
Event: 4.024 Thread 0x000001ec062756b0 DEOPT PACKING pc=0x000001ec73363468 sp=0x000000b7907f6f40
Event: 4.024 Thread 0x000001ec062756b0 DEOPT UNPACKING pc=0x000001ec72c446a2 sp=0x000000b7907f6f08 mode 2
Event: 4.026 Thread 0x000001ec062756b0 Uncommon trap: trap_request=0xffffffc6 fr.pc=0x000001ec73363468 relative=0x0000000000000d68
Event: 4.026 Thread 0x000001ec062756b0 Uncommon trap: reason=bimorphic_or_optimized_type_check action=maybe_recompile pc=0x000001ec73363468 method=java.util.HashMap.computeIfAbsent(Ljava/lang/Object;Ljava/util/function/Function;)Ljava/lang/Object; @ 142 c2
Event: 4.026 Thread 0x000001ec062756b0 DEOPT PACKING pc=0x000001ec73363468 sp=0x000000b7907f6f40
Event: 4.026 Thread 0x000001ec062756b0 DEOPT UNPACKING pc=0x000001ec72c446a2 sp=0x000000b7907f6f08 mode 2
Event: 4.027 Thread 0x000001ec062756b0 DEOPT PACKING pc=0x000001ec6bb6b5a1 sp=0x000000b7907f6640
Event: 4.027 Thread 0x000001ec062756b0 DEOPT UNPACKING pc=0x000001ec72c44e42 sp=0x000000b7907f5b40 mode 0
Event: 4.030 Thread 0x000001ec062756b0 Uncommon trap: trap_request=0xffffffc6 fr.pc=0x000001ec73363468 relative=0x0000000000000d68
Event: 4.030 Thread 0x000001ec062756b0 Uncommon trap: reason=bimorphic_or_optimized_type_check action=maybe_recompile pc=0x000001ec73363468 method=java.util.HashMap.computeIfAbsent(Ljava/lang/Object;Ljava/util/function/Function;)Ljava/lang/Object; @ 142 c2
Event: 4.030 Thread 0x000001ec062756b0 DEOPT PACKING pc=0x000001ec73363468 sp=0x000000b7907f6f40
Event: 4.030 Thread 0x000001ec062756b0 DEOPT UNPACKING pc=0x000001ec72c446a2 sp=0x000000b7907f6f08 mode 2
Event: 4.031 Thread 0x000001ec062756b0 Uncommon trap: trap_request=0xffffffc6 fr.pc=0x000001ec73363468 relative=0x0000000000000d68
Event: 4.031 Thread 0x000001ec062756b0 Uncommon trap: reason=bimorphic_or_optimized_type_check action=maybe_recompile pc=0x000001ec73363468 method=java.util.HashMap.computeIfAbsent(Ljava/lang/Object;Ljava/util/function/Function;)Ljava/lang/Object; @ 142 c2
Event: 4.031 Thread 0x000001ec062756b0 DEOPT PACKING pc=0x000001ec73363468 sp=0x000000b7907f7200
Event: 4.031 Thread 0x000001ec062756b0 DEOPT UNPACKING pc=0x000001ec72c446a2 sp=0x000000b7907f71c8 mode 2

Classes loaded (20 events):
Event: 3.852 Loading class java/util/function/LongUnaryOperator
Event: 3.852 Loading class java/util/function/LongUnaryOperator done
Event: 3.886 Loading class javax/net/ssl/HostnameVerifier
Event: 3.886 Loading class javax/net/ssl/HostnameVerifier done
Event: 3.887 Loading class javax/net/ssl/TrustManager
Event: 3.887 Loading class javax/net/ssl/TrustManager done
Event: 3.887 Loading class javax/net/ssl/X509TrustManager
Event: 3.887 Loading class javax/net/ssl/X509TrustManager done
Event: 3.887 Loading class javax/net/ssl/SSLException
Event: 3.888 Loading class javax/net/ssl/SSLException done
Event: 3.888 Loading class javax/naming/NamingException
Event: 3.888 Loading class javax/naming/NamingException done
Event: 3.888 Loading class javax/naming/InvalidNameException
Event: 3.888 Loading class javax/naming/InvalidNameException done
Event: 3.888 Loading class javax/net/ssl/SSLPeerUnverifiedException
Event: 3.888 Loading class javax/net/ssl/SSLPeerUnverifiedException done
Event: 3.888 Loading class java/security/cert/CertificateParsingException
Event: 3.888 Loading class java/security/cert/CertificateException
Event: 3.888 Loading class java/security/cert/CertificateException done
Event: 3.888 Loading class java/security/cert/CertificateParsingException done

Classes unloaded (0 events):
No events

Classes redefined (0 events):
No events

Internal exceptions (20 events):
Event: 3.883 Thread 0x000001ec062756b0 Exception <a 'java/lang/NoSuchMethodError'{0x0000000085830f10}: 'java.lang.Object java.lang.invoke.DirectMethodHandle$Holder.invokeVirtual(java.lang.Object, java.lang.Object, java.lang.Object, java.lang.Object, java.lang.Object, java.lang.Object, java.lang.Object, java.lang.Object, java.lang.Object, java.lang.Object, java.lang.Object, java.lang.Object, java.lang.Object, java.lang.Object, java.lang.Object, java.lang.Object, java.lang.Object)'> (0x0000000085830f10) 
thrown [s\src\hotspot\share\interpreter\li
Event: 3.883 Thread 0x000001ec062756b0 Exception <a 'java/lang/NoSuchMethodError'{0x0000000085837080}: 'java.lang.Object java.lang.invoke.DirectMethodHandle$Holder.invokeSpecial(java.lang.Object, java.lang.Object, java.lang.Object, java.lang.Object, java.lang.Object, java.lang.Object, java.lang.Object, java.lang.Object, java.lang.Object, java.lang.Object, java.lang.Object, java.lang.Object, java.lang.Object, java.lang.Object, java.lang.Object, java.lang.Object, java.lang.Object, java.lang.Object)'> (0x0000000085837080) 
thrown [s\src\hotspot\sh
Event: 3.884 Thread 0x000001ec062756b0 Exception <a 'java/lang/NoSuchMethodError'{0x000000008583c888}: 'java.lang.Object java.lang.invoke.DelegatingMethodHandle$Holder.reinvoke_L(java.lang.Object, java.lang.Object, java.lang.Object, java.lang.Object, java.lang.Object, java.lang.Object, java.lang.Object, java.lang.Object, java.lang.Object, java.lang.Object, java.lang.Object, java.lang.Object, java.lang.Object, java.lang.Object, java.lang.Object, java.lang.Object, java.lang.Object)'> (0x000000008583c888) 
thrown [s\src\hotspot\share\interpreter\l
Event: 3.911 Thread 0x000001ec062756b0 Exception <a 'java/lang/ClassNotFoundException'{0x000000008ff7ff28}: build_6vgduac4xopa8x11588yxm45bBeanInfo> (0x000000008ff7ff28) 
thrown [s\src\hotspot\share\classfile\systemDictionary.cpp, line 312]
Event: 3.911 Thread 0x000001ec062756b0 Exception <a 'java/lang/ClassNotFoundException'{0x000000008ffe4230}: org/gradle/api/internal/project/ProjectScriptBeanInfo> (0x000000008ffe4230) 
thrown [s\src\hotspot\share\classfile\systemDictionary.cpp, line 312]
Event: 3.912 Thread 0x000001ec062756b0 Exception <a 'java/lang/ClassNotFoundException'{0x000000008ffef238}: org/gradle/api/internal/project/ProjectScriptCustomizer> (0x000000008ffef238) 
thrown [s\src\hotspot\share\classfile\systemDictionary.cpp, line 312]
Event: 3.912 Thread 0x000001ec062756b0 Exception <a 'java/lang/ClassNotFoundException'{0x000000008eb079a0}: build_6vgduac4xopa8x11588yxm45bCustomizer> (0x000000008eb079a0) 
thrown [s\src\hotspot\share\classfile\systemDictionary.cpp, line 312]
Event: 3.918 Thread 0x000001ec062756b0 Exception <a 'java/lang/ClassNotFoundException'{0x000000008eb711f8}: org/gradle/plugin/use/internal/PluginRequestCollector$PluginDependenciesSpecImplBeanInfo> (0x000000008eb711f8) 
thrown [s\src\hotspot\share\classfile\systemDictionary.cpp, line 312]
Event: 3.918 Thread 0x000001ec062756b0 Exception <a 'java/lang/ClassNotFoundException'{0x000000008eb83068}: org/gradle/plugin/use/internal/PluginRequestCollector$PluginDependenciesSpecImplCustomizer> (0x000000008eb83068) 
thrown [s\src\hotspot\share\classfile\systemDictionary.cpp, line 312]
Event: 3.921 Thread 0x000001ec062756b0 Exception <a 'java/lang/NoSuchMethodError'{0x000000008eb92230}: 'java.lang.Object java.lang.invoke.DirectMethodHandle$Holder.invokeVirtual(java.lang.Object, java.lang.Object, java.lang.Object, int)'> (0x000000008eb92230) 
thrown [s\src\hotspot\share\interpreter\linkResolver.cpp, line 784]
Event: 3.924 Thread 0x000001ec062756b0 Exception <a 'java/lang/ClassNotFoundException'{0x000000008ebd49d8}: org/gradle/plugin/use/internal/PluginRequestCollector$PluginDependencySpecImplBeanInfo> (0x000000008ebd49d8) 
thrown [s\src\hotspot\share\classfile\systemDictionary.cpp, line 312]
Event: 3.925 Thread 0x000001ec062756b0 Exception <a 'java/lang/ClassNotFoundException'{0x000000008ebe6548}: org/gradle/plugin/use/internal/PluginRequestCollector$PluginDependencySpecImplCustomizer> (0x000000008ebe6548) 
thrown [s\src\hotspot\share\classfile\systemDictionary.cpp, line 312]
Event: 3.931 Thread 0x000001ec062756b0 Exception <a 'java/lang/ClassNotFoundException'{0x000000008ea8be18}: groovy/lang/GString$1BeanInfo> (0x000000008ea8be18) 
thrown [s\src\hotspot\share\classfile\systemDictionary.cpp, line 312]
Event: 3.931 Thread 0x000001ec062756b0 Exception <a 'java/lang/ClassNotFoundException'{0x000000008ea9c858}: groovy/lang/GStringBeanInfo> (0x000000008ea9c858) 
thrown [s\src\hotspot\share\classfile\systemDictionary.cpp, line 312]
Event: 3.932 Thread 0x000001ec062756b0 Exception <a 'java/lang/ClassNotFoundException'{0x000000008eaadad0}: groovy/lang/GStringCustomizer> (0x000000008eaadad0) 
thrown [s\src\hotspot\share\classfile\systemDictionary.cpp, line 312]
Event: 3.933 Thread 0x000001ec062756b0 Exception <a 'java/lang/ClassNotFoundException'{0x000000008eaca548}: groovy/lang/GString$1Customizer> (0x000000008eaca548) 
thrown [s\src\hotspot\share\classfile\systemDictionary.cpp, line 312]
Event: 3.936 Thread 0x000001ec062756b0 Exception <a 'java/lang/ClassNotFoundException'{0x000000008e9d1030}: org/codehaus/groovy/runtime/GStringImplBeanInfo> (0x000000008e9d1030) 
thrown [s\src\hotspot\share\classfile\systemDictionary.cpp, line 312]
Event: 3.936 Thread 0x000001ec062756b0 Exception <a 'java/lang/ClassNotFoundException'{0x000000008e9e20d8}: org/codehaus/groovy/runtime/GStringImplCustomizer> (0x000000008e9e20d8) 
thrown [s\src\hotspot\share\classfile\systemDictionary.cpp, line 312]
Event: 3.979 Thread 0x000001ec062756b0 Exception <a 'java/lang/NoSuchMethodError'{0x000000008856c790}: 'int java.lang.invoke.DirectMethodHandle$Holder.invokeSpecialIFC(java.lang.Object, java.lang.Object, java.lang.Object)'> (0x000000008856c790) 
thrown [s\src\hotspot\share\interpreter\linkResolver.cpp, line 784]
Event: 4.003 Thread 0x000001ec062756b0 Exception <a 'java/lang/NoSuchMethodError'{0x00000000882e9f60}: 'void java.lang.invoke.DirectMethodHandle$Holder.invokeStatic(java.lang.Object, java.lang.Object, java.lang.Object, int, java.lang.Object)'> (0x00000000882e9f60) 
thrown [s\src\hotspot\share\interpreter\linkResolver.cpp, line 784]

ZGC Phase Switch (0 events):
No events

VM Operations (20 events):
Event: 3.489 Executing VM operation: G1CollectForAllocation (G1 Evacuation Pause)
Event: 3.493 Executing VM operation: G1CollectForAllocation (G1 Evacuation Pause) done
Event: 3.644 Executing VM operation: HandshakeAllThreads (Deoptimize)
Event: 3.644 Executing VM operation: HandshakeAllThreads (Deoptimize) done
Event: 3.652 Executing VM operation: ICBufferFull
Event: 3.652 Executing VM operation: ICBufferFull done
Event: 3.682 Executing VM operation: G1CollectForAllocation (G1 Evacuation Pause)
Event: 3.685 Executing VM operation: G1CollectForAllocation (G1 Evacuation Pause) done
Event: 3.709 Executing VM operation: HandshakeAllThreads (Deoptimize)
Event: 3.709 Executing VM operation: HandshakeAllThreads (Deoptimize) done
Event: 3.772 Executing VM operation: HandshakeAllThreads (Deoptimize)
Event: 3.772 Executing VM operation: HandshakeAllThreads (Deoptimize) done
Event: 3.902 Executing VM operation: G1CollectForAllocation (G1 Evacuation Pause)
Event: 3.904 Executing VM operation: G1CollectForAllocation (G1 Evacuation Pause) done
Event: 3.919 Executing VM operation: G1PauseRemark
Event: 3.920 Executing VM operation: G1PauseRemark done
Event: 3.927 Executing VM operation: G1PauseCleanup
Event: 3.927 Executing VM operation: G1PauseCleanup done
Event: 3.986 Executing VM operation: HandshakeAllThreads (Deoptimize)
Event: 3.986 Executing VM operation: HandshakeAllThreads (Deoptimize) done

Memory protections (0 events):
No events

Nmethod flushes (20 events):
Event: 3.920 Thread 0x000001ec00289b60 flushing  nmethod 0x000001ec6b933110
Event: 3.920 Thread 0x000001ec00289b60 flushing  nmethod 0x000001ec6b9a3c10
Event: 3.920 Thread 0x000001ec00289b60 flushing  nmethod 0x000001ec6b9a4210
Event: 3.920 Thread 0x000001ec00289b60 flushing  nmethod 0x000001ec6b9a4890
Event: 3.920 Thread 0x000001ec00289b60 flushing  nmethod 0x000001ec6b9f2a10
Event: 3.920 Thread 0x000001ec00289b60 flushing  nmethod 0x000001ec6ba72090
Event: 3.920 Thread 0x000001ec00289b60 flushing  nmethod 0x000001ec6ba7c990
Event: 3.920 Thread 0x000001ec00289b60 flushing  nmethod 0x000001ec6be39690
Event: 3.920 Thread 0x000001ec00289b60 flushing  nmethod 0x000001ec73407e90
Event: 3.920 Thread 0x000001ec00289b60 flushing  nmethod 0x000001ec6b807b90
Event: 3.920 Thread 0x000001ec00289b60 flushing  nmethod 0x000001ec6b897390
Event: 3.920 Thread 0x000001ec00289b60 flushing  nmethod 0x000001ec6b899d10
Event: 3.920 Thread 0x000001ec00289b60 flushing  nmethod 0x000001ec6b9d4410
Event: 3.920 Thread 0x000001ec00289b60 flushing  nmethod 0x000001ec6b9d6110
Event: 3.920 Thread 0x000001ec00289b60 flushing  nmethod 0x000001ec6ba48390
Event: 3.920 Thread 0x000001ec00289b60 flushing  nmethod 0x000001ec6bbad110
Event: 3.920 Thread 0x000001ec00289b60 flushing  nmethod 0x000001ec6bbb3d90
Event: 3.920 Thread 0x000001ec00289b60 flushing  nmethod 0x000001ec6bbb4210
Event: 3.920 Thread 0x000001ec00289b60 flushing  nmethod 0x000001ec6bbb4790
Event: 3.920 Thread 0x000001ec00289b60 flushing  nmethod 0x000001ec6bcff310

Events (20 events):
Event: 3.248 Thread 0x000001ec062756b0 Thread added: 0x000001ec07fde980
Event: 3.248 Thread 0x000001ec062756b0 Thread added: 0x000001ec07fdf010
Event: 3.326 Thread 0x000001ec062756b0 Thread added: 0x000001ec07fe0a50
Event: 3.326 Thread 0x000001ec062756b0 Thread added: 0x000001ec07fdf6a0
Event: 3.326 Thread 0x000001ec062756b0 Thread added: 0x000001ec07fdc220
Event: 3.326 Thread 0x000001ec062756b0 Thread added: 0x000001ec07fdfd30
Event: 3.327 Thread 0x000001ec062756b0 Thread added: 0x000001ec07fdae70
Event: 3.327 Thread 0x000001ec062756b0 Thread added: 0x000001ec07fe10e0
Event: 3.327 Thread 0x000001ec062756b0 Thread added: 0x000001ec07fe2490
Event: 3.327 Thread 0x000001ec062756b0 Thread added: 0x000001ec07fddc60
Event: 3.334 Thread 0x000001ec062756b0 Thread added: 0x000001ec07fdbb90
Event: 3.334 Thread 0x000001ec062756b0 Thread added: 0x000001ec07fdc8b0
Event: 3.335 Thread 0x000001ec062756b0 Thread added: 0x000001ec07fdcf40
Event: 3.335 Thread 0x000001ec062756b0 Thread added: 0x000001ec07fdd5d0
Event: 3.335 Thread 0x000001ec062756b0 Thread added: 0x000001ec0b1d6b90
Event: 3.335 Thread 0x000001ec062756b0 Thread added: 0x000001ec0b1d3710
Event: 3.336 Thread 0x000001ec062756b0 Thread added: 0x000001ec0b1d5150
Event: 3.336 Thread 0x000001ec062756b0 Thread added: 0x000001ec0b1d3da0
Event: 3.336 Thread 0x000001ec062756b0 Thread added: 0x000001ec0b1d7220
Event: 3.584 Thread 0x000001ec062756b0 Thread added: 0x000001ec0b1d4ac0


Dynamic libraries:
0x00007ff75b020000 - 0x00007ff75b02a000 	D:\and\jbr\bin\java.exe
0x00007ffbfecd0000 - 0x00007ffbfeec8000 	C:\Windows\SYSTEM32\ntdll.dll
0x00007ffbfeae0000 - 0x00007ffbfeba2000 	C:\Windows\System32\KERNEL32.DLL
0x00007ffbfc800000 - 0x00007ffbfcaf6000 	C:\Windows\System32\KERNELBASE.dll
0x00007ffbfcc00000 - 0x00007ffbfcd00000 	C:\Windows\System32\ucrtbase.dll
0x00007ffbcae80000 - 0x00007ffbcae98000 	D:\and\jbr\bin\jli.dll
0x00007ffbf8e80000 - 0x00007ffbf8e9b000 	D:\and\jbr\bin\VCRUNTIME140.dll
0x00007ffbfd8f0000 - 0x00007ffbfda8d000 	C:\Windows\System32\USER32.dll
0x00007ffbed1d0000 - 0x00007ffbed46a000 	C:\Windows\WinSxS\amd64_microsoft.windows.common-controls_6595b64144ccf1df_6.0.19041.5794_none_60bcd33171f2783c\COMCTL32.dll
0x00007ffbfcb50000 - 0x00007ffbfcb72000 	C:\Windows\System32\win32u.dll
0x00007ffbfd3d0000 - 0x00007ffbfd3fb000 	C:\Windows\System32\GDI32.dll
0x00007ffbfe970000 - 0x00007ffbfea0e000 	C:\Windows\System32\msvcrt.dll
0x00007ffbfc6b0000 - 0x00007ffbfc7ca000 	C:\Windows\System32\gdi32full.dll
0x00007ffbfc610000 - 0x00007ffbfc6ad000 	C:\Windows\System32\msvcp_win.dll
0x00007ffbfec60000 - 0x00007ffbfec8f000 	C:\Windows\System32\IMM32.DLL
0x00007ffbf9990000 - 0x00007ffbf999c000 	D:\and\jbr\bin\vcruntime140_1.dll
0x00007ffbc4c20000 - 0x00007ffbc4cad000 	D:\and\jbr\bin\msvcp140.dll
0x00007ffb8cc30000 - 0x00007ffb8d8ba000 	D:\and\jbr\bin\server\jvm.dll
0x00007ffbfd060000 - 0x00007ffbfd10f000 	C:\Windows\System32\ADVAPI32.dll
0x00007ffbfd330000 - 0x00007ffbfd3cf000 	C:\Windows\System32\sechost.dll
0x00007ffbfd7c0000 - 0x00007ffbfd8e3000 	C:\Windows\System32\RPCRT4.dll
0x00007ffbfc7d0000 - 0x00007ffbfc7f7000 	C:\Windows\System32\bcrypt.dll
0x00007ffbfd1a0000 - 0x00007ffbfd20b000 	C:\Windows\System32\WS2_32.dll
0x00007ffbfbd50000 - 0x00007ffbfbd9b000 	C:\Windows\SYSTEM32\POWRPROF.dll
0x00007ffbf34b0000 - 0x00007ffbf34d7000 	C:\Windows\SYSTEM32\WINMM.dll
0x00007ffbf5910000 - 0x00007ffbf591a000 	C:\Windows\SYSTEM32\VERSION.dll
0x00007ffbfbd30000 - 0x00007ffbfbd42000 	C:\Windows\SYSTEM32\UMPDC.dll
0x00007ffbfa130000 - 0x00007ffbfa142000 	C:\Windows\SYSTEM32\kernel.appcore.dll
0x00007ffbf8e60000 - 0x00007ffbf8e6a000 	D:\and\jbr\bin\jimage.dll
0x00007ffbf2a10000 - 0x00007ffbf2c11000 	C:\Windows\SYSTEM32\DBGHELP.DLL
0x00007ffbe1970000 - 0x00007ffbe19a4000 	C:\Windows\SYSTEM32\dbgcore.DLL
0x00007ffbfc580000 - 0x00007ffbfc602000 	C:\Windows\System32\bcryptPrimitives.dll
0x00007ffbf0120000 - 0x00007ffbf012e000 	D:\and\jbr\bin\instrument.dll
0x00007ffbedf80000 - 0x00007ffbedfa0000 	D:\and\jbr\bin\java.dll
0x00007ffbec5b0000 - 0x00007ffbec5c8000 	D:\and\jbr\bin\zip.dll
0x00007ffbfdf90000 - 0x00007ffbfe6fe000 	C:\Windows\System32\SHELL32.dll
0x00007ffbfa410000 - 0x00007ffbfabb3000 	C:\Windows\SYSTEM32\windows.storage.dll
0x00007ffbfcd00000 - 0x00007ffbfd053000 	C:\Windows\System32\combase.dll
0x00007ffbfbda0000 - 0x00007ffbfbdcb000 	C:\Windows\SYSTEM32\Wldp.dll
0x00007ffbfea10000 - 0x00007ffbfeadd000 	C:\Windows\System32\OLEAUT32.dll
0x00007ffbfebb0000 - 0x00007ffbfec5d000 	C:\Windows\System32\SHCORE.dll
0x00007ffbfe890000 - 0x00007ffbfe8e5000 	C:\Windows\System32\shlwapi.dll
0x00007ffbfc2a0000 - 0x00007ffbfc2c5000 	C:\Windows\SYSTEM32\profapi.dll
0x00007ffbf69f0000 - 0x00007ffbf6a00000 	D:\and\jbr\bin\net.dll
0x00007ffbf5c80000 - 0x00007ffbf5d8a000 	C:\Windows\SYSTEM32\WINHTTP.dll
0x00007ffbfba30000 - 0x00007ffbfba9c000 	C:\Windows\system32\mswsock.dll
0x00007ffbe2360000 - 0x00007ffbe2376000 	D:\and\jbr\bin\nio.dll
0x00007ffbdc450000 - 0x00007ffbdc460000 	D:\and\jbr\bin\verify.dll
0x00007ffbc6d10000 - 0x00007ffbc6d37000 	C:\Users\ilya9\.gradle\native\1def1411415f61bf3af743bc5b6707747c0891f09f0c88961ee8f79bc544acac\windows-amd64\native-platform.dll
0x00007ffbc4cb0000 - 0x00007ffbc4d28000 	C:\Users\ilya9\.gradle\native\0.2.7\x86_64-windows-gnu\gradle-fileevents.dll
0x00007ffbe2350000 - 0x00007ffbe2359000 	D:\and\jbr\bin\management.dll
0x00007ffbe2340000 - 0x00007ffbe234b000 	D:\and\jbr\bin\management_ext.dll
0x00007ffbfda90000 - 0x00007ffbfda98000 	C:\Windows\System32\PSAPI.DLL
0x00007ffbfb710000 - 0x00007ffbfb74b000 	C:\Windows\SYSTEM32\IPHLPAPI.DLL
0x00007ffbfdf80000 - 0x00007ffbfdf88000 	C:\Windows\System32\NSI.dll
0x00007ffbe2d70000 - 0x00007ffbe2d79000 	D:\and\jbr\bin\extnet.dll
0x00007ffbfbc90000 - 0x00007ffbfbca8000 	C:\Windows\SYSTEM32\CRYPTSP.dll
0x00007ffbfb350000 - 0x00007ffbfb388000 	C:\Windows\system32\rsaenh.dll
0x00007ffbfc260000 - 0x00007ffbfc28e000 	C:\Windows\SYSTEM32\USERENV.dll
0x00007ffbfbc80000 - 0x00007ffbfbc8c000 	C:\Windows\SYSTEM32\CRYPTBASE.dll
0x00007ffbdca90000 - 0x00007ffbdca97000 	C:\Windows\system32\wshunix.dll

dbghelp: loaded successfully - version: 4.0.5 - missing functions: none
symbol engine: initialized successfully - sym options: 0x614 - pdb path: .;D:\and\jbr\bin;C:\Windows\SYSTEM32;C:\Windows\WinSxS\amd64_microsoft.windows.common-controls_6595b64144ccf1df_6.0.19041.5794_none_60bcd33171f2783c;D:\and\jbr\bin\server;C:\Users\ilya9\.gradle\native\1def1411415f61bf3af743bc5b6707747c0891f09f0c88961ee8f79bc544acac\windows-amd64;C:\Users\ilya9\.gradle\native\0.2.7\x86_64-windows-gnu

VM Arguments:
jvm_args: --add-opens=java.base/java.lang=ALL-UNNAMED --add-opens=java.base/java.lang.invoke=ALL-UNNAMED --add-opens=java.base/java.util=ALL-UNNAMED --add-opens=java.prefs/java.util.prefs=ALL-UNNAMED --add-exports=jdk.compiler/com.sun.tools.javac.api=ALL-UNNAMED --add-exports=jdk.compiler/com.sun.tools.javac.util=ALL-UNNAMED --add-opens=java.base/java.util=ALL-UNNAMED --add-opens=java.prefs/java.util.prefs=ALL-UNNAMED --add-opens=java.base/java.nio.charset=ALL-UNNAMED --add-opens=java.base/java.net=ALL-UNNAMED --add-opens=java.base/java.util.concurrent.atomic=ALL-UNNAMED --add-opens=java.xml/javax.xml.namespace=ALL-UNNAMED -Xmx2048m -Dfile.encoding=UTF-8 -Duser.country=RU -Duser.language=ru -Duser.variant -javaagent:C:\Users\ilya9\.gradle\wrapper\dists\gradle-8.13-bin\5xuhj0ry160q40clulazy9h7d\gradle-8.13\lib\agents\gradle-instrumentation-agent-8.13.jar 
java_command: org.gradle.launcher.daemon.bootstrap.GradleDaemon 8.13
java_class_path (initial): C:\Users\ilya9\.gradle\wrapper\dists\gradle-8.13-bin\5xuhj0ry160q40clulazy9h7d\gradle-8.13\lib\gradle-daemon-main-8.13.jar
Launcher Type: SUN_STANDARD

[Global flags]
     intx CICompilerCount                          = 4                                         {product} {ergonomic}
     uint ConcGCThreads                            = 3                                         {product} {ergonomic}
     uint G1ConcRefinementThreads                  = 10                                        {product} {ergonomic}
   size_t G1HeapRegionSize                         = 1048576                                   {product} {ergonomic}
    uintx GCDrainStackTargetSize                   = 64                                        {product} {ergonomic}
   size_t InitialHeapSize                          = 268435456                                 {product} {ergonomic}
   size_t MarkStackSize                            = 4194304                                   {product} {ergonomic}
   size_t MaxHeapSize                              = 2147483648                                {product} {command line}
   size_t MaxNewSize                               = 1287651328                                {product} {ergonomic}
   size_t MinHeapDeltaBytes                        = 1048576                                   {product} {ergonomic}
   size_t MinHeapSize                              = 8388608                                   {product} {ergonomic}
    uintx NonNMethodCodeHeapSize                   = 5839372                                {pd product} {ergonomic}
    uintx NonProfiledCodeHeapSize                  = 122909434                              {pd product} {ergonomic}
    uintx ProfiledCodeHeapSize                     = 122909434                              {pd product} {ergonomic}
    uintx ReservedCodeCacheSize                    = 251658240                              {pd product} {ergonomic}
     bool SegmentedCodeCache                       = true                                      {product} {ergonomic}
   size_t SoftMaxHeapSize                          = 2147483648                             {manageable} {ergonomic}
     bool UseCompressedOops                        = true                           {product lp64_product} {ergonomic}
     bool UseG1GC                                  = true                                      {product} {ergonomic}
     bool UseLargePagesIndividualAllocation        = false                                  {pd product} {ergonomic}

Logging:
Log output configuration:
 #0: stdout all=warning uptime,level,tags foldmultilines=false
 #1: stderr all=off uptime,level,tags foldmultilines=false

Environment Variables:
JAVA_HOME=D:\openjdk-22.0.2_windows-x64_bin\jdk-22.0.2
PATH=C:\Windows\system32;C:\Windows;C:\Windows\System32\Wbem;C:\Windows\System32\WindowsPowerShell\v1.0\;C:\Windows\System32\OpenSSH\;C:\Program Files\Git\cmd;C:\Program Files\AmneziaWG\;C:\Program Files\NVIDIA Corporation\NVIDIA app\NvDLISR;C:\Program Files (x86)\NVIDIA Corporation\PhysX\Common;C:\Program Files\dotnet\;C:\Users\ilya9\AppData\Local\Microsoft\WindowsApps;
USERNAME=ilya9
OS=Windows_NT
PROCESSOR_IDENTIFIER=AMD64 Family 25 Model 33 Stepping 2, AuthenticAMD
TMP=C:\Users\ilya9\AppData\Local\Temp
TEMP=C:\Users\ilya9\AppData\Local\Temp




Periodic native trim disabled

JNI global refs:
JNI global refs: 28, weak refs: 20

JNI global refs memory usage: 835, weak refs: 833

Process memory usage:
Resident Set Size: 367288K (2% of 16698972K total physical memory with 1097936K free physical memory)

OOME stack traces (most recent first):
Classloader memory used:
